===> User
uid=1000(appuser) gid=1000(appuser) groups=1000(appuser)
===> Configuring ...
===> Running preflight checks ... 
===> Check if /var/lib/zookeeper/data is writable ...
===> Check if /var/lib/zookeeper/log is writable ...
===> Launching ... 
===> Launching zookeeper ... 
[2025-11-07 15:48:32,671] INFO Reading configuration from: /etc/kafka/zookeeper.properties (org.apache.zookeeper.server.quorum.QuorumPeerConfig)
[2025-11-07 15:48:34,106] INFO clientPortAddress is 0.0.0.0:2181 (org.apache.zookeeper.server.quorum.QuorumPeerConfig)
[2025-11-07 15:48:34,106] INFO secureClientPort is not set (org.apache.zookeeper.server.quorum.QuorumPeerConfig)
[2025-11-07 15:48:34,107] INFO observerMasterPort is not set (org.apache.zookeeper.server.quorum.QuorumPeerConfig)
[2025-11-07 15:48:34,107] INFO metricsProvider.className is org.apache.zookeeper.metrics.impl.DefaultMetricsProvider (org.apache.zookeeper.server.quorum.QuorumPeerConfig)
[2025-11-07 15:48:34,131] INFO autopurge.snapRetainCount set to 3 (org.apache.zookeeper.server.DatadirCleanupManager)
[2025-11-07 15:48:34,131] INFO autopurge.purgeInterval set to 0 (org.apache.zookeeper.server.DatadirCleanupManager)
[2025-11-07 15:48:34,131] INFO Purge task is not scheduled. (org.apache.zookeeper.server.DatadirCleanupManager)
[2025-11-07 15:48:34,131] WARN Either no config or no quorum defined in config, running in standalone mode (org.apache.zookeeper.server.quorum.QuorumPeerMain)
[2025-11-07 15:48:34,145] INFO Log4j 1.2 jmx support found and enabled. (org.apache.zookeeper.jmx.ManagedUtil)
[2025-11-07 15:48:34,417] INFO Reading configuration from: /etc/kafka/zookeeper.properties (org.apache.zookeeper.server.quorum.QuorumPeerConfig)
[2025-11-07 15:48:34,419] INFO clientPortAddress is 0.0.0.0:2181 (org.apache.zookeeper.server.quorum.QuorumPeerConfig)
[2025-11-07 15:48:34,419] INFO secureClientPort is not set (org.apache.zookeeper.server.quorum.QuorumPeerConfig)
[2025-11-07 15:48:34,419] INFO observerMasterPort is not set (org.apache.zookeeper.server.quorum.QuorumPeerConfig)
[2025-11-07 15:48:34,419] INFO metricsProvider.className is org.apache.zookeeper.metrics.impl.DefaultMetricsProvider (org.apache.zookeeper.server.quorum.QuorumPeerConfig)
[2025-11-07 15:48:34,419] INFO Starting server (org.apache.zookeeper.server.ZooKeeperServerMain)
[2025-11-07 15:48:34,553] INFO ServerMetrics initialized with provider org.apache.zookeeper.metrics.impl.DefaultMetricsProvider@52102734 (org.apache.zookeeper.server.ServerMetrics)
[2025-11-07 15:48:34,566] INFO zookeeper.snapshot.trust.empty : false (org.apache.zookeeper.server.persistence.FileTxnSnapLog)
[2025-11-07 15:48:34,581] INFO  (org.apache.zookeeper.server.ZooKeeperServer)
[2025-11-07 15:48:34,581] INFO   ______                  _                                           (org.apache.zookeeper.server.ZooKeeperServer)
[2025-11-07 15:48:34,581] INFO  |___  /                 | |                                          (org.apache.zookeeper.server.ZooKeeperServer)
[2025-11-07 15:48:34,581] INFO     / /    ___     ___   | | __   ___    ___   _ __     ___   _ __    (org.apache.zookeeper.server.ZooKeeperServer)
[2025-11-07 15:48:34,581] INFO    / /    / _ \   / _ \  | |/ /  / _ \  / _ \ | '_ \   / _ \ | '__| (org.apache.zookeeper.server.ZooKeeperServer)
[2025-11-07 15:48:34,581] INFO   / /__  | (_) | | (_) | |   <  |  __/ |  __/ | |_) | |  __/ | |     (org.apache.zookeeper.server.ZooKeeperServer)
[2025-11-07 15:48:34,581] INFO  /_____|  \___/   \___/  |_|\_\  \___|  \___| | .__/   \___| |_| (org.apache.zookeeper.server.ZooKeeperServer)
[2025-11-07 15:48:34,581] INFO                                               | |                      (org.apache.zookeeper.server.ZooKeeperServer)
[2025-11-07 15:48:34,581] INFO                                               |_|                      (org.apache.zookeeper.server.ZooKeeperServer)
[2025-11-07 15:48:34,581] INFO  (org.apache.zookeeper.server.ZooKeeperServer)
[2025-11-07 15:48:34,584] INFO Server environment:zookeeper.version=3.6.3--6401e4ad2087061bc6b9f80dec2d69f2e3c8660a, built on 04/08/2021 16:35 GMT (org.apache.zookeeper.server.ZooKeeperServer)
[2025-11-07 15:48:34,588] INFO Server environment:host.name=db3d5cbacf85 (org.apache.zookeeper.server.ZooKeeperServer)
[2025-11-07 15:48:34,588] INFO Server environment:java.version=11.0.13 (org.apache.zookeeper.server.ZooKeeperServer)
[2025-11-07 15:48:34,589] INFO Server environment:java.vendor=Azul Systems, Inc. (org.apache.zookeeper.server.ZooKeeperServer)
[2025-11-07 15:48:34,589] INFO Server environment:java.home=/usr/lib/jvm/zulu11-ca (org.apache.zookeeper.server.ZooKeeperServer)
[2025-11-07 15:48:34,589] INFO Server environment:java.class.path=/usr/bin/../share/java/kafka/lz4-java-1.7.1.jar:/usr/bin/../share/java/kafka/jakarta.activation-api-1.2.1.jar:/usr/bin/../share/java/kafka/jackson-datatype-jdk8-2.12.3.jar:/usr/bin/../share/java/kafka/kafka-log4j-appender-7.0.1-ccs.jar:/usr/bin/../share/java/kafka/connect-json-7.0.1-ccs.jar:/usr/bin/../share/java/kafka/hk2-api-2.6.1.jar:/usr/bin/../share/java/kafka/scala-java8-compat_2.13-1.0.0.jar:/usr/bin/../share/java/kafka/zstd-jni-1.5.0-2.jar:/usr/bin/../share/java/kafka/kafka.jar:/usr/bin/../share/java/kafka/metrics-core-2.2.0.jar:/usr/bin/../share/java/kafka/kafka-streams-examples-7.0.1-ccs.jar:/usr/bin/../share/java/kafka/maven-artifact-3.8.1.jar:/usr/bin/../share/java/kafka/javassist-3.27.0-GA.jar:/usr/bin/../share/java/kafka/netty-buffer-4.1.68.Final.jar:/usr/bin/../share/java/kafka/jetty-server-9.4.43.v20210629.jar:/usr/bin/../share/java/kafka/activation-1.1.1.jar:/usr/bin/../share/java/kafka/kafka-metadata-7.0.1-ccs.jar:/usr/bin/../share/java/kafka/jaxb-api-2.3.0.jar:/usr/bin/../share/java/kafka/reflections-0.9.12.jar:/usr/bin/../share/java/kafka/jackson-jaxrs-json-provider-2.12.3.jar:/usr/bin/../share/java/kafka/hk2-utils-2.6.1.jar:/usr/bin/../share/java/kafka/osgi-resource-locator-1.0.3.jar:/usr/bin/../share/java/kafka/kafka-raft-7.0.1-ccs.jar:/usr/bin/../share/java/kafka/jersey-hk2-2.34.jar:/usr/bin/../share/java/kafka/scala-reflect-2.13.6.jar:/usr/bin/../share/java/kafka/jakarta.annotation-api-1.3.5.jar:/usr/bin/../share/java/kafka/jersey-server-2.34.jar:/usr/bin/../share/java/kafka/netty-handler-4.1.68.Final.jar:/usr/bin/../share/java/kafka/jakarta.validation-api-2.0.2.jar:/usr/bin/../share/java/kafka/jackson-databind-2.12.3.jar:/usr/bin/../share/java/kafka/jetty-continuation-9.4.43.v20210629.jar:/usr/bin/../share/java/kafka/kafka_2.13-7.0.1-ccs.jar:/usr/bin/../share/java/kafka/javax.ws.rs-api-2.1.1.jar:/usr/bin/../share/java/kafka/jakarta.xml.bind-api-2.3.2.jar:/usr/bin/../share/java/kafka/jetty-util-9.4.43.v20210629.jar:/usr/bin/../share/java/kafka/netty-common-4.1.68.Final.jar:/usr/bin/../share/java/kafka/jersey-container-servlet-core-2.34.jar:/usr/bin/../share/java/kafka/kafka-server-common-7.0.1-ccs.jar:/usr/bin/../share/java/kafka/metrics-core-4.1.12.1.jar:/usr/bin/../share/java/kafka/scala-library-2.13.6.jar:/usr/bin/../share/java/kafka/connect-transforms-7.0.1-ccs.jar:/usr/bin/../share/java/kafka/jersey-client-2.34.jar:/usr/bin/../share/java/kafka/kafka-shell-7.0.1-ccs.jar:/usr/bin/../share/java/kafka/jetty-util-ajax-9.4.43.v20210629.jar:/usr/bin/../share/java/kafka/connect-api-7.0.1-ccs.jar:/usr/bin/../share/java/kafka/jackson-dataformat-csv-2.12.3.jar:/usr/bin/../share/java/kafka/jetty-io-9.4.43.v20210629.jar:/usr/bin/../share/java/kafka/commons-cli-1.4.jar:/usr/bin/../share/java/kafka/jetty-security-9.4.43.v20210629.jar:/usr/bin/../share/java/kafka/kafka-clients-7.0.1-ccs.jar:/usr/bin/../share/java/kafka/confluent-log4j-1.2.17-cp2.jar:/usr/bin/../share/java/kafka/jline-3.12.1.jar:/usr/bin/../share/java/kafka/scala-logging_2.13-3.9.3.jar:/usr/bin/../share/java/kafka/trogdor-7.0.1-ccs.jar:/usr/bin/../share/java/kafka/javax.servlet-api-3.1.0.jar:/usr/bin/../share/java/kafka/jackson-module-jaxb-annotations-2.12.3.jar:/usr/bin/../share/java/kafka/jackson-jaxrs-base-2.12.3.jar:/usr/bin/../share/java/kafka/connect-basic-auth-extension-7.0.1-ccs.jar:/usr/bin/../share/java/kafka/netty-resolver-4.1.68.Final.jar:/usr/bin/../share/java/kafka/jersey-container-servlet-2.34.jar:/usr/bin/../share/java/kafka/netty-codec-4.1.68.Final.jar:/usr/bin/../share/java/kafka/aopalliance-repackaged-2.6.1.jar:/usr/bin/../share/java/kafka/kafka-streams-test-utils-7.0.1-ccs.jar:/usr/bin/../share/java/kafka/paranamer-2.8.jar:/usr/bin/../share/java/kafka/jersey-common-2.34.jar:/usr/bin/../share/java/kafka/jetty-client-9.4.43.v20210629.jar:/usr/bin/../share/java/kafka/kafka-storage-api-7.0.1-ccs.jar:/usr/bin/../share/java/kafka/jackson-module-scala_2.13-2.12.3.jar:/usr/bin/../share/java/kafka/scala-collection-compat_2.13-2.4.4.jar:/usr/bin/../share/java/kafka/snappy-java-1.1.8.1.jar:/usr/bin/../share/java/kafka/netty-transport-native-epoll-4.1.68.Final.jar:/usr/bin/../share/java/kafka/rocksdbjni-6.19.3.jar:/usr/bin/../share/java/kafka/kafka-streams-7.0.1-ccs.jar:/usr/bin/../share/java/kafka/plexus-utils-3.2.1.jar:/usr/bin/../share/java/kafka/netty-transport-native-unix-common-4.1.68.Final.jar:/usr/bin/../share/java/kafka/jackson-annotations-2.12.3.jar:/usr/bin/../share/java/kafka/hk2-locator-2.6.1.jar:/usr/bin/../share/java/kafka/kafka-tools-7.0.1-ccs.jar:/usr/bin/../share/java/kafka/jetty-servlets-9.4.43.v20210629.jar:/usr/bin/../share/java/kafka/kafka-streams-scala_2.13-7.0.1-ccs.jar:/usr/bin/../share/java/kafka/slf4j-log4j12-1.7.30.jar:/usr/bin/../share/java/kafka/commons-lang3-3.8.1.jar:/usr/bin/../share/java/kafka/jopt-simple-5.0.4.jar:/usr/bin/../share/java/kafka/jakarta.inject-2.6.1.jar:/usr/bin/../share/java/kafka/jetty-http-9.4.43.v20210629.jar:/usr/bin/../share/java/kafka/slf4j-api-1.7.30.jar:/usr/bin/../share/java/kafka/zookeeper-jute-3.6.3.jar:/usr/bin/../share/java/kafka/jackson-core-2.12.3.jar:/usr/bin/../share/java/kafka/audience-annotations-0.5.0.jar:/usr/bin/../share/java/kafka/netty-transport-4.1.68.Final.jar:/usr/bin/../share/java/kafka/kafka-storage-7.0.1-ccs.jar:/usr/bin/../share/java/kafka/jakarta.ws.rs-api-2.1.6.jar:/usr/bin/../share/java/kafka/connect-runtime-7.0.1-ccs.jar:/usr/bin/../share/java/kafka/jetty-servlet-9.4.43.v20210629.jar:/usr/bin/../share/java/kafka/connect-mirror-client-7.0.1-ccs.jar:/usr/bin/../share/java/kafka/argparse4j-0.7.0.jar:/usr/bin/../share/java/kafka/zookeeper-3.6.3.jar:/usr/bin/../share/java/kafka/connect-mirror-7.0.1-ccs.jar:/usr/bin/../share/java/confluent-telemetry/* (org.apache.zookeeper.server.ZooKeeperServer)
[2025-11-07 15:48:34,589] INFO Server environment:java.library.path=/usr/java/packages/lib:/usr/lib64:/lib64:/lib:/usr/lib (org.apache.zookeeper.server.ZooKeeperServer)
[2025-11-07 15:48:34,589] INFO Server environment:java.io.tmpdir=/tmp (org.apache.zookeeper.server.ZooKeeperServer)
[2025-11-07 15:48:34,589] INFO Server environment:java.compiler=<NA> (org.apache.zookeeper.server.ZooKeeperServer)
[2025-11-07 15:48:34,589] INFO Server environment:os.name=Linux (org.apache.zookeeper.server.ZooKeeperServer)
[2025-11-07 15:48:34,589] INFO Server environment:os.arch=amd64 (org.apache.zookeeper.server.ZooKeeperServer)
[2025-11-07 15:48:34,589] INFO Server environment:os.version=6.10.14-linuxkit (org.apache.zookeeper.server.ZooKeeperServer)
[2025-11-07 15:48:34,589] INFO Server environment:user.name=appuser (org.apache.zookeeper.server.ZooKeeperServer)
[2025-11-07 15:48:34,589] INFO Server environment:user.home=/home/appuser (org.apache.zookeeper.server.ZooKeeperServer)
[2025-11-07 15:48:34,589] INFO Server environment:user.dir=/home/appuser (org.apache.zookeeper.server.ZooKeeperServer)
[2025-11-07 15:48:34,589] INFO Server environment:os.memory.free=492MB (org.apache.zookeeper.server.ZooKeeperServer)
[2025-11-07 15:48:34,589] INFO Server environment:os.memory.max=512MB (org.apache.zookeeper.server.ZooKeeperServer)
[2025-11-07 15:48:34,589] INFO Server environment:os.memory.total=512MB (org.apache.zookeeper.server.ZooKeeperServer)
[2025-11-07 15:48:34,589] INFO zookeeper.enableEagerACLCheck = false (org.apache.zookeeper.server.ZooKeeperServer)
[2025-11-07 15:48:34,589] INFO zookeeper.digest.enabled = true (org.apache.zookeeper.server.ZooKeeperServer)
[2025-11-07 15:48:34,589] INFO zookeeper.closeSessionTxn.enabled = true (org.apache.zookeeper.server.ZooKeeperServer)
[2025-11-07 15:48:34,589] INFO zookeeper.flushDelay=0 (org.apache.zookeeper.server.ZooKeeperServer)
[2025-11-07 15:48:34,589] INFO zookeeper.maxWriteQueuePollTime=0 (org.apache.zookeeper.server.ZooKeeperServer)
[2025-11-07 15:48:34,590] INFO zookeeper.maxBatchSize=1000 (org.apache.zookeeper.server.ZooKeeperServer)
[2025-11-07 15:48:34,590] INFO zookeeper.intBufferStartingSizeBytes = 1024 (org.apache.zookeeper.server.ZooKeeperServer)
[2025-11-07 15:48:34,591] INFO Weighed connection throttling is disabled (org.apache.zookeeper.server.BlueThrottle)
[2025-11-07 15:48:34,608] INFO minSessionTimeout set to 4000 (org.apache.zookeeper.server.ZooKeeperServer)
[2025-11-07 15:48:34,608] INFO maxSessionTimeout set to 40000 (org.apache.zookeeper.server.ZooKeeperServer)
[2025-11-07 15:48:34,609] INFO Response cache size is initialized with value 400. (org.apache.zookeeper.server.ResponseCache)
[2025-11-07 15:48:34,609] INFO Response cache size is initialized with value 400. (org.apache.zookeeper.server.ResponseCache)
[2025-11-07 15:48:34,612] INFO zookeeper.pathStats.slotCapacity = 60 (org.apache.zookeeper.server.util.RequestPathMetricsCollector)
[2025-11-07 15:48:34,612] INFO zookeeper.pathStats.slotDuration = 15 (org.apache.zookeeper.server.util.RequestPathMetricsCollector)
[2025-11-07 15:48:34,612] INFO zookeeper.pathStats.maxDepth = 6 (org.apache.zookeeper.server.util.RequestPathMetricsCollector)
[2025-11-07 15:48:34,612] INFO zookeeper.pathStats.initialDelay = 5 (org.apache.zookeeper.server.util.RequestPathMetricsCollector)
[2025-11-07 15:48:34,612] INFO zookeeper.pathStats.delay = 5 (org.apache.zookeeper.server.util.RequestPathMetricsCollector)
[2025-11-07 15:48:34,612] INFO zookeeper.pathStats.enabled = false (org.apache.zookeeper.server.util.RequestPathMetricsCollector)
[2025-11-07 15:48:34,630] INFO The max bytes for all large requests are set to 104857600 (org.apache.zookeeper.server.ZooKeeperServer)
[2025-11-07 15:48:34,631] INFO The large request threshold is set to -1 (org.apache.zookeeper.server.ZooKeeperServer)
[2025-11-07 15:48:34,631] INFO Created server with tickTime 2000 minSessionTimeout 4000 maxSessionTimeout 40000 clientPortListenBacklog -1 datadir /var/lib/zookeeper/log/version-2 snapdir /var/lib/zookeeper/data/version-2 (org.apache.zookeeper.server.ZooKeeperServer)
[2025-11-07 15:48:34,869] INFO Logging initialized @24724ms to org.eclipse.jetty.util.log.Slf4jLog (org.eclipse.jetty.util.log)
[2025-11-07 15:48:38,327] WARN o.e.j.s.ServletContextHandler@2584b82d{/,null,STOPPED} contextPath ends with /* (org.eclipse.jetty.server.handler.ContextHandler)
[2025-11-07 15:48:38,328] WARN Empty contextPath (org.eclipse.jetty.server.handler.ContextHandler)
[2025-11-07 15:48:38,866] INFO jetty-9.4.43.v20210629; built: 2021-06-30T11:07:22.254Z; git: 526006ecfa3af7f1a27ef3a288e2bef7ea9dd7e8; jvm 11.0.13+8-LTS (org.eclipse.jetty.server.Server)
[2025-11-07 15:48:39,292] INFO DefaultSessionIdManager workerName=node0 (org.eclipse.jetty.server.session)
[2025-11-07 15:48:39,292] INFO No SessionScavenger set, using defaults (org.eclipse.jetty.server.session)
[2025-11-07 15:48:39,298] INFO node0 Scavenging every 600000ms (org.eclipse.jetty.server.session)
[2025-11-07 15:48:39,398] WARN ServletContext@o.e.j.s.ServletContextHandler@2584b82d{/,null,STARTING} has uncovered http methods for path: /* (org.eclipse.jetty.security.SecurityHandler)
[2025-11-07 15:48:39,472] INFO Started o.e.j.s.ServletContextHandler@2584b82d{/,null,AVAILABLE} (org.eclipse.jetty.server.handler.ContextHandler)
[2025-11-07 15:48:39,905] INFO Started ServerConnector@247310d0{HTTP/1.1, (http/1.1)}{0.0.0.0:8080} (org.eclipse.jetty.server.AbstractConnector)
[2025-11-07 15:48:39,907] INFO Started @29761ms (org.eclipse.jetty.server.Server)
[2025-11-07 15:48:39,907] INFO Started AdminServer on address 0.0.0.0, port 8080 and command URL /commands (org.apache.zookeeper.server.admin.JettyAdminServer)
[2025-11-07 15:48:39,940] INFO Using org.apache.zookeeper.server.NIOServerCnxnFactory as server connection factory (org.apache.zookeeper.server.ServerCnxnFactory)
[2025-11-07 15:48:39,942] WARN maxCnxns is not configured, using default value 0. (org.apache.zookeeper.server.ServerCnxnFactory)
[2025-11-07 15:48:39,943] INFO Configuring NIO connection handler with 10s sessionless connection timeout, 2 selector thread(s), 24 worker threads, and 64 kB direct buffers. (org.apache.zookeeper.server.NIOServerCnxnFactory)
[2025-11-07 15:48:39,945] INFO binding to port 0.0.0.0/0.0.0.0:2181 (org.apache.zookeeper.server.NIOServerCnxnFactory)
[2025-11-07 15:48:40,077] INFO Using org.apache.zookeeper.server.watch.WatchManager as watch manager (org.apache.zookeeper.server.watch.WatchManagerFactory)
[2025-11-07 15:48:40,077] INFO Using org.apache.zookeeper.server.watch.WatchManager as watch manager (org.apache.zookeeper.server.watch.WatchManagerFactory)
[2025-11-07 15:48:40,078] INFO zookeeper.snapshotSizeFactor = 0.33 (org.apache.zookeeper.server.ZKDatabase)
[2025-11-07 15:48:40,078] INFO zookeeper.commitLogCount=500 (org.apache.zookeeper.server.ZKDatabase)
[2025-11-07 15:48:40,310] INFO zookeeper.snapshot.compression.method = CHECKED (org.apache.zookeeper.server.persistence.SnapStream)
[2025-11-07 15:48:40,310] INFO Snapshotting: 0x0 to /var/lib/zookeeper/data/version-2/snapshot.0 (org.apache.zookeeper.server.persistence.FileTxnSnapLog)
[2025-11-07 15:48:40,319] INFO Snapshot loaded in 241 ms, highest zxid is 0x0, digest is 1371985504 (org.apache.zookeeper.server.ZKDatabase)
[2025-11-07 15:48:40,319] INFO Snapshotting: 0x0 to /var/lib/zookeeper/data/version-2/snapshot.0 (org.apache.zookeeper.server.persistence.FileTxnSnapLog)
[2025-11-07 15:48:40,320] INFO Snapshot taken in 0 ms (org.apache.zookeeper.server.ZooKeeperServer)
[2025-11-07 15:48:40,403] INFO zookeeper.request_throttler.shutdownTimeout = 10000 (org.apache.zookeeper.server.RequestThrottler)
[2025-11-07 15:48:40,411] INFO PrepRequestProcessor (sid:0) started, reconfigEnabled=false (org.apache.zookeeper.server.PrepRequestProcessor)
[2025-11-07 15:48:40,849] INFO Using checkIntervalMs=60000 maxPerMinute=10000 maxNeverUsedIntervalMs=0 (org.apache.zookeeper.server.ContainerManager)
[2025-11-07 15:48:40,850] INFO ZooKeeper audit is disabled. (org.apache.zookeeper.audit.ZKAuditProvider)
[2025-11-07 15:48:41,465] INFO Creating new log file: log.1 (org.apache.zookeeper.server.persistence.FileTxnLog)
===> User
uid=1000(appuser) gid=1000(appuser) groups=1000(appuser)
===> Configuring ...
===> Running preflight checks ... 
===> Check if /var/lib/zookeeper/data is writable ...
===> Check if /var/lib/zookeeper/log is writable ...
===> Launching ... 
===> Launching zookeeper ... 
[2026-02-25 10:39:33,061] INFO Reading configuration from: /etc/kafka/zookeeper.properties (org.apache.zookeeper.server.quorum.QuorumPeerConfig)
[2026-02-25 10:39:33,086] INFO clientPortAddress is 0.0.0.0:2181 (org.apache.zookeeper.server.quorum.QuorumPeerConfig)
[2026-02-25 10:39:33,086] INFO secureClientPort is not set (org.apache.zookeeper.server.quorum.QuorumPeerConfig)
[2026-02-25 10:39:33,086] INFO observerMasterPort is not set (org.apache.zookeeper.server.quorum.QuorumPeerConfig)
[2026-02-25 10:39:33,086] INFO metricsProvider.className is org.apache.zookeeper.metrics.impl.DefaultMetricsProvider (org.apache.zookeeper.server.quorum.QuorumPeerConfig)
[2026-02-25 10:39:33,093] INFO autopurge.snapRetainCount set to 3 (org.apache.zookeeper.server.DatadirCleanupManager)
[2026-02-25 10:39:33,093] INFO autopurge.purgeInterval set to 0 (org.apache.zookeeper.server.DatadirCleanupManager)
[2026-02-25 10:39:33,093] INFO Purge task is not scheduled. (org.apache.zookeeper.server.DatadirCleanupManager)
[2026-02-25 10:39:33,093] WARN Either no config or no quorum defined in config, running in standalone mode (org.apache.zookeeper.server.quorum.QuorumPeerMain)
[2026-02-25 10:39:33,100] INFO Log4j 1.2 jmx support found and enabled. (org.apache.zookeeper.jmx.ManagedUtil)
[2026-02-25 10:39:33,125] INFO Reading configuration from: /etc/kafka/zookeeper.properties (org.apache.zookeeper.server.quorum.QuorumPeerConfig)
[2026-02-25 10:39:33,127] INFO clientPortAddress is 0.0.0.0:2181 (org.apache.zookeeper.server.quorum.QuorumPeerConfig)
[2026-02-25 10:39:33,127] INFO secureClientPort is not set (org.apache.zookeeper.server.quorum.QuorumPeerConfig)
[2026-02-25 10:39:33,127] INFO observerMasterPort is not set (org.apache.zookeeper.server.quorum.QuorumPeerConfig)
[2026-02-25 10:39:33,127] INFO metricsProvider.className is org.apache.zookeeper.metrics.impl.DefaultMetricsProvider (org.apache.zookeeper.server.quorum.QuorumPeerConfig)
[2026-02-25 10:39:33,127] INFO Starting server (org.apache.zookeeper.server.ZooKeeperServerMain)
[2026-02-25 10:39:33,156] INFO ServerMetrics initialized with provider org.apache.zookeeper.metrics.impl.DefaultMetricsProvider@52102734 (org.apache.zookeeper.server.ServerMetrics)
[2026-02-25 10:39:33,161] INFO zookeeper.snapshot.trust.empty : false (org.apache.zookeeper.server.persistence.FileTxnSnapLog)
[2026-02-25 10:39:33,179] INFO  (org.apache.zookeeper.server.ZooKeeperServer)
[2026-02-25 10:39:33,179] INFO   ______                  _                                           (org.apache.zookeeper.server.ZooKeeperServer)
[2026-02-25 10:39:33,179] INFO  |___  /                 | |                                          (org.apache.zookeeper.server.ZooKeeperServer)
[2026-02-25 10:39:33,179] INFO     / /    ___     ___   | | __   ___    ___   _ __     ___   _ __    (org.apache.zookeeper.server.ZooKeeperServer)
[2026-02-25 10:39:33,179] INFO    / /    / _ \   / _ \  | |/ /  / _ \  / _ \ | '_ \   / _ \ | '__| (org.apache.zookeeper.server.ZooKeeperServer)
[2026-02-25 10:39:33,179] INFO   / /__  | (_) | | (_) | |   <  |  __/ |  __/ | |_) | |  __/ | |     (org.apache.zookeeper.server.ZooKeeperServer)
[2026-02-25 10:39:33,179] INFO  /_____|  \___/   \___/  |_|\_\  \___|  \___| | .__/   \___| |_| (org.apache.zookeeper.server.ZooKeeperServer)
[2026-02-25 10:39:33,179] INFO                                               | |                      (org.apache.zookeeper.server.ZooKeeperServer)
[2026-02-25 10:39:33,179] INFO                                               |_|                      (org.apache.zookeeper.server.ZooKeeperServer)
[2026-02-25 10:39:33,179] INFO  (org.apache.zookeeper.server.ZooKeeperServer)
[2026-02-25 10:39:33,181] INFO Server environment:zookeeper.version=3.6.3--6401e4ad2087061bc6b9f80dec2d69f2e3c8660a, built on 04/08/2021 16:35 GMT (org.apache.zookeeper.server.ZooKeeperServer)
[2026-02-25 10:39:33,181] INFO Server environment:host.name=db3d5cbacf85 (org.apache.zookeeper.server.ZooKeeperServer)
[2026-02-25 10:39:33,181] INFO Server environment:java.version=11.0.13 (org.apache.zookeeper.server.ZooKeeperServer)
[2026-02-25 10:39:33,181] INFO Server environment:java.vendor=Azul Systems, Inc. (org.apache.zookeeper.server.ZooKeeperServer)
[2026-02-25 10:39:33,181] INFO Server environment:java.home=/usr/lib/jvm/zulu11-ca (org.apache.zookeeper.server.ZooKeeperServer)
[2026-02-25 10:39:33,181] INFO Server environment:java.class.path=/usr/bin/../share/java/kafka/lz4-java-1.7.1.jar:/usr/bin/../share/java/kafka/jakarta.activation-api-1.2.1.jar:/usr/bin/../share/java/kafka/jackson-datatype-jdk8-2.12.3.jar:/usr/bin/../share/java/kafka/kafka-log4j-appender-7.0.1-ccs.jar:/usr/bin/../share/java/kafka/connect-json-7.0.1-ccs.jar:/usr/bin/../share/java/kafka/hk2-api-2.6.1.jar:/usr/bin/../share/java/kafka/scala-java8-compat_2.13-1.0.0.jar:/usr/bin/../share/java/kafka/zstd-jni-1.5.0-2.jar:/usr/bin/../share/java/kafka/kafka.jar:/usr/bin/../share/java/kafka/metrics-core-2.2.0.jar:/usr/bin/../share/java/kafka/kafka-streams-examples-7.0.1-ccs.jar:/usr/bin/../share/java/kafka/maven-artifact-3.8.1.jar:/usr/bin/../share/java/kafka/javassist-3.27.0-GA.jar:/usr/bin/../share/java/kafka/netty-buffer-4.1.68.Final.jar:/usr/bin/../share/java/kafka/jetty-server-9.4.43.v20210629.jar:/usr/bin/../share/java/kafka/activation-1.1.1.jar:/usr/bin/../share/java/kafka/kafka-metadata-7.0.1-ccs.jar:/usr/bin/../share/java/kafka/jaxb-api-2.3.0.jar:/usr/bin/../share/java/kafka/reflections-0.9.12.jar:/usr/bin/../share/java/kafka/jackson-jaxrs-json-provider-2.12.3.jar:/usr/bin/../share/java/kafka/hk2-utils-2.6.1.jar:/usr/bin/../share/java/kafka/osgi-resource-locator-1.0.3.jar:/usr/bin/../share/java/kafka/kafka-raft-7.0.1-ccs.jar:/usr/bin/../share/java/kafka/jersey-hk2-2.34.jar:/usr/bin/../share/java/kafka/scala-reflect-2.13.6.jar:/usr/bin/../share/java/kafka/jakarta.annotation-api-1.3.5.jar:/usr/bin/../share/java/kafka/jersey-server-2.34.jar:/usr/bin/../share/java/kafka/netty-handler-4.1.68.Final.jar:/usr/bin/../share/java/kafka/jakarta.validation-api-2.0.2.jar:/usr/bin/../share/java/kafka/jackson-databind-2.12.3.jar:/usr/bin/../share/java/kafka/jetty-continuation-9.4.43.v20210629.jar:/usr/bin/../share/java/kafka/kafka_2.13-7.0.1-ccs.jar:/usr/bin/../share/java/kafka/javax.ws.rs-api-2.1.1.jar:/usr/bin/../share/java/kafka/jakarta.xml.bind-api-2.3.2.jar:/usr/bin/../share/java/kafka/jetty-util-9.4.43.v20210629.jar:/usr/bin/../share/java/kafka/netty-common-4.1.68.Final.jar:/usr/bin/../share/java/kafka/jersey-container-servlet-core-2.34.jar:/usr/bin/../share/java/kafka/kafka-server-common-7.0.1-ccs.jar:/usr/bin/../share/java/kafka/metrics-core-4.1.12.1.jar:/usr/bin/../share/java/kafka/scala-library-2.13.6.jar:/usr/bin/../share/java/kafka/connect-transforms-7.0.1-ccs.jar:/usr/bin/../share/java/kafka/jersey-client-2.34.jar:/usr/bin/../share/java/kafka/kafka-shell-7.0.1-ccs.jar:/usr/bin/../share/java/kafka/jetty-util-ajax-9.4.43.v20210629.jar:/usr/bin/../share/java/kafka/connect-api-7.0.1-ccs.jar:/usr/bin/../share/java/kafka/jackson-dataformat-csv-2.12.3.jar:/usr/bin/../share/java/kafka/jetty-io-9.4.43.v20210629.jar:/usr/bin/../share/java/kafka/commons-cli-1.4.jar:/usr/bin/../share/java/kafka/jetty-security-9.4.43.v20210629.jar:/usr/bin/../share/java/kafka/kafka-clients-7.0.1-ccs.jar:/usr/bin/../share/java/kafka/confluent-log4j-1.2.17-cp2.jar:/usr/bin/../share/java/kafka/jline-3.12.1.jar:/usr/bin/../share/java/kafka/scala-logging_2.13-3.9.3.jar:/usr/bin/../share/java/kafka/trogdor-7.0.1-ccs.jar:/usr/bin/../share/java/kafka/javax.servlet-api-3.1.0.jar:/usr/bin/../share/java/kafka/jackson-module-jaxb-annotations-2.12.3.jar:/usr/bin/../share/java/kafka/jackson-jaxrs-base-2.12.3.jar:/usr/bin/../share/java/kafka/connect-basic-auth-extension-7.0.1-ccs.jar:/usr/bin/../share/java/kafka/netty-resolver-4.1.68.Final.jar:/usr/bin/../share/java/kafka/jersey-container-servlet-2.34.jar:/usr/bin/../share/java/kafka/netty-codec-4.1.68.Final.jar:/usr/bin/../share/java/kafka/aopalliance-repackaged-2.6.1.jar:/usr/bin/../share/java/kafka/kafka-streams-test-utils-7.0.1-ccs.jar:/usr/bin/../share/java/kafka/paranamer-2.8.jar:/usr/bin/../share/java/kafka/jersey-common-2.34.jar:/usr/bin/../share/java/kafka/jetty-client-9.4.43.v20210629.jar:/usr/bin/../share/java/kafka/kafka-storage-api-7.0.1-ccs.jar:/usr/bin/../share/java/kafka/jackson-module-scala_2.13-2.12.3.jar:/usr/bin/../share/java/kafka/scala-collection-compat_2.13-2.4.4.jar:/usr/bin/../share/java/kafka/snappy-java-1.1.8.1.jar:/usr/bin/../share/java/kafka/netty-transport-native-epoll-4.1.68.Final.jar:/usr/bin/../share/java/kafka/rocksdbjni-6.19.3.jar:/usr/bin/../share/java/kafka/kafka-streams-7.0.1-ccs.jar:/usr/bin/../share/java/kafka/plexus-utils-3.2.1.jar:/usr/bin/../share/java/kafka/netty-transport-native-unix-common-4.1.68.Final.jar:/usr/bin/../share/java/kafka/jackson-annotations-2.12.3.jar:/usr/bin/../share/java/kafka/hk2-locator-2.6.1.jar:/usr/bin/../share/java/kafka/kafka-tools-7.0.1-ccs.jar:/usr/bin/../share/java/kafka/jetty-servlets-9.4.43.v20210629.jar:/usr/bin/../share/java/kafka/kafka-streams-scala_2.13-7.0.1-ccs.jar:/usr/bin/../share/java/kafka/slf4j-log4j12-1.7.30.jar:/usr/bin/../share/java/kafka/commons-lang3-3.8.1.jar:/usr/bin/../share/java/kafka/jopt-simple-5.0.4.jar:/usr/bin/../share/java/kafka/jakarta.inject-2.6.1.jar:/usr/bin/../share/java/kafka/jetty-http-9.4.43.v20210629.jar:/usr/bin/../share/java/kafka/slf4j-api-1.7.30.jar:/usr/bin/../share/java/kafka/zookeeper-jute-3.6.3.jar:/usr/bin/../share/java/kafka/jackson-core-2.12.3.jar:/usr/bin/../share/java/kafka/audience-annotations-0.5.0.jar:/usr/bin/../share/java/kafka/netty-transport-4.1.68.Final.jar:/usr/bin/../share/java/kafka/kafka-storage-7.0.1-ccs.jar:/usr/bin/../share/java/kafka/jakarta.ws.rs-api-2.1.6.jar:/usr/bin/../share/java/kafka/connect-runtime-7.0.1-ccs.jar:/usr/bin/../share/java/kafka/jetty-servlet-9.4.43.v20210629.jar:/usr/bin/../share/java/kafka/connect-mirror-client-7.0.1-ccs.jar:/usr/bin/../share/java/kafka/argparse4j-0.7.0.jar:/usr/bin/../share/java/kafka/zookeeper-3.6.3.jar:/usr/bin/../share/java/kafka/connect-mirror-7.0.1-ccs.jar:/usr/bin/../share/java/confluent-telemetry/* (org.apache.zookeeper.server.ZooKeeperServer)
[2026-02-25 10:39:33,181] INFO Server environment:java.library.path=/usr/java/packages/lib:/usr/lib64:/lib64:/lib:/usr/lib (org.apache.zookeeper.server.ZooKeeperServer)
[2026-02-25 10:39:33,181] INFO Server environment:java.io.tmpdir=/tmp (org.apache.zookeeper.server.ZooKeeperServer)
[2026-02-25 10:39:33,182] INFO Server environment:java.compiler=<NA> (org.apache.zookeeper.server.ZooKeeperServer)
[2026-02-25 10:39:33,182] INFO Server environment:os.name=Linux (org.apache.zookeeper.server.ZooKeeperServer)
[2026-02-25 10:39:33,182] INFO Server environment:os.arch=amd64 (org.apache.zookeeper.server.ZooKeeperServer)
[2026-02-25 10:39:33,182] INFO Server environment:os.version=6.10.14-linuxkit (org.apache.zookeeper.server.ZooKeeperServer)
[2026-02-25 10:39:33,182] INFO Server environment:user.name=appuser (org.apache.zookeeper.server.ZooKeeperServer)
[2026-02-25 10:39:33,182] INFO Server environment:user.home=/home/appuser (org.apache.zookeeper.server.ZooKeeperServer)
[2026-02-25 10:39:33,182] INFO Server environment:user.dir=/home/appuser (org.apache.zookeeper.server.ZooKeeperServer)
[2026-02-25 10:39:33,182] INFO Server environment:os.memory.free=492MB (org.apache.zookeeper.server.ZooKeeperServer)
[2026-02-25 10:39:33,182] INFO Server environment:os.memory.max=512MB (org.apache.zookeeper.server.ZooKeeperServer)
[2026-02-25 10:39:33,182] INFO Server environment:os.memory.total=512MB (org.apache.zookeeper.server.ZooKeeperServer)
[2026-02-25 10:39:33,182] INFO zookeeper.enableEagerACLCheck = false (org.apache.zookeeper.server.ZooKeeperServer)
[2026-02-25 10:39:33,182] INFO zookeeper.digest.enabled = true (org.apache.zookeeper.server.ZooKeeperServer)
[2026-02-25 10:39:33,182] INFO zookeeper.closeSessionTxn.enabled = true (org.apache.zookeeper.server.ZooKeeperServer)
[2026-02-25 10:39:33,182] INFO zookeeper.flushDelay=0 (org.apache.zookeeper.server.ZooKeeperServer)
[2026-02-25 10:39:33,182] INFO zookeeper.maxWriteQueuePollTime=0 (org.apache.zookeeper.server.ZooKeeperServer)
[2026-02-25 10:39:33,182] INFO zookeeper.maxBatchSize=1000 (org.apache.zookeeper.server.ZooKeeperServer)
[2026-02-25 10:39:33,182] INFO zookeeper.intBufferStartingSizeBytes = 1024 (org.apache.zookeeper.server.ZooKeeperServer)
[2026-02-25 10:39:33,184] INFO Weighed connection throttling is disabled (org.apache.zookeeper.server.BlueThrottle)
[2026-02-25 10:39:33,186] INFO minSessionTimeout set to 4000 (org.apache.zookeeper.server.ZooKeeperServer)
[2026-02-25 10:39:33,186] INFO maxSessionTimeout set to 40000 (org.apache.zookeeper.server.ZooKeeperServer)
[2026-02-25 10:39:33,189] INFO Response cache size is initialized with value 400. (org.apache.zookeeper.server.ResponseCache)
[2026-02-25 10:39:33,189] INFO Response cache size is initialized with value 400. (org.apache.zookeeper.server.ResponseCache)
[2026-02-25 10:39:33,190] INFO zookeeper.pathStats.slotCapacity = 60 (org.apache.zookeeper.server.util.RequestPathMetricsCollector)
[2026-02-25 10:39:33,190] INFO zookeeper.pathStats.slotDuration = 15 (org.apache.zookeeper.server.util.RequestPathMetricsCollector)
[2026-02-25 10:39:33,190] INFO zookeeper.pathStats.maxDepth = 6 (org.apache.zookeeper.server.util.RequestPathMetricsCollector)
[2026-02-25 10:39:33,190] INFO zookeeper.pathStats.initialDelay = 5 (org.apache.zookeeper.server.util.RequestPathMetricsCollector)
[2026-02-25 10:39:33,190] INFO zookeeper.pathStats.delay = 5 (org.apache.zookeeper.server.util.RequestPathMetricsCollector)
[2026-02-25 10:39:33,190] INFO zookeeper.pathStats.enabled = false (org.apache.zookeeper.server.util.RequestPathMetricsCollector)
[2026-02-25 10:39:33,193] INFO The max bytes for all large requests are set to 104857600 (org.apache.zookeeper.server.ZooKeeperServer)
[2026-02-25 10:39:33,194] INFO The large request threshold is set to -1 (org.apache.zookeeper.server.ZooKeeperServer)
[2026-02-25 10:39:33,195] INFO Created server with tickTime 2000 minSessionTimeout 4000 maxSessionTimeout 40000 clientPortListenBacklog -1 datadir /var/lib/zookeeper/log/version-2 snapdir /var/lib/zookeeper/data/version-2 (org.apache.zookeeper.server.ZooKeeperServer)
[2026-02-25 10:39:33,229] INFO Logging initialized @1578ms to org.eclipse.jetty.util.log.Slf4jLog (org.eclipse.jetty.util.log)
[2026-02-25 10:39:33,454] WARN o.e.j.s.ServletContextHandler@7d3e8655{/,null,STOPPED} contextPath ends with /* (org.eclipse.jetty.server.handler.ContextHandler)
[2026-02-25 10:39:33,454] WARN Empty contextPath (org.eclipse.jetty.server.handler.ContextHandler)
[2026-02-25 10:39:33,504] INFO jetty-9.4.43.v20210629; built: 2021-06-30T11:07:22.254Z; git: 526006ecfa3af7f1a27ef3a288e2bef7ea9dd7e8; jvm 11.0.13+8-LTS (org.eclipse.jetty.server.Server)
[2026-02-25 10:39:33,560] INFO DefaultSessionIdManager workerName=node0 (org.eclipse.jetty.server.session)
[2026-02-25 10:39:33,561] INFO No SessionScavenger set, using defaults (org.eclipse.jetty.server.session)
[2026-02-25 10:39:33,563] INFO node0 Scavenging every 600000ms (org.eclipse.jetty.server.session)
[2026-02-25 10:39:33,566] WARN ServletContext@o.e.j.s.ServletContextHandler@7d3e8655{/,null,STARTING} has uncovered http methods for path: /* (org.eclipse.jetty.security.SecurityHandler)
[2026-02-25 10:39:33,579] INFO Started o.e.j.s.ServletContextHandler@7d3e8655{/,null,AVAILABLE} (org.eclipse.jetty.server.handler.ContextHandler)
[2026-02-25 10:39:33,608] INFO Started ServerConnector@76494737{HTTP/1.1, (http/1.1)}{0.0.0.0:8080} (org.eclipse.jetty.server.AbstractConnector)
[2026-02-25 10:39:33,608] INFO Started @1957ms (org.eclipse.jetty.server.Server)
[2026-02-25 10:39:33,609] INFO Started AdminServer on address 0.0.0.0, port 8080 and command URL /commands (org.apache.zookeeper.server.admin.JettyAdminServer)
[2026-02-25 10:39:33,616] INFO Using org.apache.zookeeper.server.NIOServerCnxnFactory as server connection factory (org.apache.zookeeper.server.ServerCnxnFactory)
[2026-02-25 10:39:33,617] WARN maxCnxns is not configured, using default value 0. (org.apache.zookeeper.server.ServerCnxnFactory)
[2026-02-25 10:39:33,618] INFO Configuring NIO connection handler with 10s sessionless connection timeout, 2 selector thread(s), 24 worker threads, and 64 kB direct buffers. (org.apache.zookeeper.server.NIOServerCnxnFactory)
[2026-02-25 10:39:33,620] INFO binding to port 0.0.0.0/0.0.0.0:2181 (org.apache.zookeeper.server.NIOServerCnxnFactory)
[2026-02-25 10:39:33,642] INFO Using org.apache.zookeeper.server.watch.WatchManager as watch manager (org.apache.zookeeper.server.watch.WatchManagerFactory)
[2026-02-25 10:39:33,642] INFO Using org.apache.zookeeper.server.watch.WatchManager as watch manager (org.apache.zookeeper.server.watch.WatchManagerFactory)
[2026-02-25 10:39:33,644] INFO zookeeper.snapshotSizeFactor = 0.33 (org.apache.zookeeper.server.ZKDatabase)
[2026-02-25 10:39:33,644] INFO zookeeper.commitLogCount=500 (org.apache.zookeeper.server.ZKDatabase)
[2026-02-25 10:39:33,652] INFO zookeeper.snapshot.compression.method = CHECKED (org.apache.zookeeper.server.persistence.SnapStream)
[2026-02-25 10:39:33,653] INFO Reading snapshot /var/lib/zookeeper/data/version-2/snapshot.0 (org.apache.zookeeper.server.persistence.FileSnap)
[2026-02-25 10:39:33,658] INFO The digest value is empty in snapshot (org.apache.zookeeper.server.DataTree)
[2026-02-25 10:39:33,711] INFO 141 txns loaded in 48 ms (org.apache.zookeeper.server.persistence.FileTxnSnapLog)
[2026-02-25 10:39:33,711] INFO Snapshot loaded in 67 ms, highest zxid is 0x8d, digest is 297590216985 (org.apache.zookeeper.server.ZKDatabase)
[2026-02-25 10:39:33,712] INFO Snapshotting: 0x8d to /var/lib/zookeeper/data/version-2/snapshot.8d (org.apache.zookeeper.server.persistence.FileTxnSnapLog)
[2026-02-25 10:39:33,719] INFO Snapshot taken in 7 ms (org.apache.zookeeper.server.ZooKeeperServer)
[2026-02-25 10:39:33,728] INFO zookeeper.request_throttler.shutdownTimeout = 10000 (org.apache.zookeeper.server.RequestThrottler)
[2026-02-25 10:39:33,728] INFO PrepRequestProcessor (sid:0) started, reconfigEnabled=false (org.apache.zookeeper.server.PrepRequestProcessor)
[2026-02-25 10:39:33,764] INFO Using checkIntervalMs=60000 maxPerMinute=10000 maxNeverUsedIntervalMs=0 (org.apache.zookeeper.server.ContainerManager)
[2026-02-25 10:39:33,766] INFO ZooKeeper audit is disabled. (org.apache.zookeeper.audit.ZKAuditProvider)
[2026-02-25 10:39:33,807] INFO Creating new log file: log.8e (org.apache.zookeeper.server.persistence.FileTxnLog)
[2026-02-25 10:39:51,906] INFO Expiring session 0x100005b512f0001, timeout of 18000ms exceeded (org.apache.zookeeper.server.ZooKeeperServer)
