
> product-service@1.0.0 start
> node index.js

[dotenv@17.2.3] injecting env (0) from .env -- tip: 🔐 prevent building .env in docker: https://dotenvx.com/prebuild
{"level":"WARN","timestamp":"2026-02-26T13:20:48.468Z","logger":"kafkajs","message":"KafkaJS v2.0.0 switched default partitioner. To retain the same partitioning behavior as in previous versions, create the producer with the option \"createPartitioner: Partitioners.LegacyPartitioner\". See the migration guide at https://kafka.js.org/docs/migration-guide-v2.0.0#producer-new-default-partitioner for details. Silence this warning by setting the environment variable \"KAFKAJS_NO_PARTITIONER_WARNING=1\""}
Product service listening at http://localhost:3002
Creating new Kafka consumer instance (attempt 1)
Kafka producer connected for product-service (attempt 1)
Kafka consumer connected (attempt 1)
{"level":"INFO","timestamp":"2026-02-26T13:20:48.529Z","logger":"kafkajs","message":"[Consumer] Starting","groupId":"product-group"}
Executing (default): INSERT INTO "products" ("id","name","price","stock","reserved_stock","created_at","updated_at") VALUES (DEFAULT,$1,$2,$3,$4,$5,$6) RETURNING "id","name","price","stock","reserved_stock","created_at","updated_at";
Error creating product: Error
    at Query.run (/app/node_modules/sequelize/lib/dialects/postgres/query.js:50:25)
    at /app/node_modules/sequelize/lib/sequelize.js:315:28
    at process.processTicksAndRejections (node:internal/process/task_queues:95:5)
    at async PostgresQueryInterface.insert (/app/node_modules/sequelize/lib/dialects/abstract/query-interface.js:308:21)
    at async model.save (/app/node_modules/sequelize/lib/model.js:2490:35)
    at async Product.create (/app/node_modules/sequelize/lib/model.js:1362:12)
    at async /app/index.js:344:21
{"level":"INFO","timestamp":"2026-02-26T13:21:15.292Z","logger":"kafkajs","message":"[ConsumerGroup] Consumer has joined the group","groupId":"product-group","memberId":"kafkajs-36580a30-30bc-4bff-98a6-f9ba5a51e090","leaderId":"kafkajs-36580a30-30bc-4bff-98a6-f9ba5a51e090","isLeader":true,"memberAssignment":{"order-events":[0]},"groupProtocol":"RoundRobinAssigner","duration":26762}
Kafka consumer started successfully
npm error path /app
npm error command failed
npm error signal SIGTERM
npm error command sh -c node index.js
npm notice
npm notice New major version of npm available! 10.8.2 -> 11.11.0
npm notice Changelog: https://github.com/npm/cli/releases/tag/v11.11.0
npm notice To update run: npm install -g npm@11.11.0
npm notice
npm error A complete log of this run can be found in: /home/nodejs/.npm/_logs/2026-02-26T13_20_47_946Z-debug-0.log

> product-service@1.0.0 start
> node index.js

[dotenv@17.2.3] injecting env (0) from .env -- tip: ⚙️  specify custom .env file path with { path: '/custom/path/.env' }
{"level":"WARN","timestamp":"2026-02-26T13:23:21.856Z","logger":"kafkajs","message":"KafkaJS v2.0.0 switched default partitioner. To retain the same partitioning behavior as in previous versions, create the producer with the option \"createPartitioner: Partitioners.LegacyPartitioner\". See the migration guide at https://kafka.js.org/docs/migration-guide-v2.0.0#producer-new-default-partitioner for details. Silence this warning by setting the environment variable \"KAFKAJS_NO_PARTITIONER_WARNING=1\""}
Product service listening at http://localhost:3002
Creating new Kafka consumer instance (attempt 1)
Kafka producer connected for product-service (attempt 1)
Kafka consumer connected (attempt 1)
{"level":"INFO","timestamp":"2026-02-26T13:23:21.886Z","logger":"kafkajs","message":"[Consumer] Starting","groupId":"product-group"}
Executing (default): INSERT INTO "products" ("id","name","price","stock","reserved_stock","created_at","updated_at") VALUES (DEFAULT,$1,$2,$3,$4,$5,$6) RETURNING "id","name","price","stock","reserved_stock","created_at","updated_at";
{"level":"INFO","timestamp":"2026-02-26T13:23:46.540Z","logger":"kafkajs","message":"[ConsumerGroup] Consumer has joined the group","groupId":"product-group","memberId":"kafkajs-51d6d7de-7aee-4abb-a94a-814e7dfed62a","leaderId":"kafkajs-51d6d7de-7aee-4abb-a94a-814e7dfed62a","isLeader":true,"memberAssignment":{"order-events":[0]},"groupProtocol":"RoundRobinAssigner","duration":24653}
Kafka consumer started successfully
Executing (default): SELECT "id", "name", "price", "stock", "reserved_stock" AS "reservedStock", "created_at" AS "createdAt", "updated_at" AS "updatedAt" FROM "products" AS "Product";
Executing (default): INSERT INTO "products" ("id","name","price","stock","reserved_stock","created_at","updated_at") VALUES (DEFAULT,$1,$2,$3,$4,$5,$6) RETURNING "id","name","price","stock","reserved_stock","created_at","updated_at";
Executing (default): SELECT "id", "name", "price", "stock", "reserved_stock" AS "reservedStock", "created_at" AS "createdAt", "updated_at" AS "updatedAt" FROM "products" AS "Product";
Executing (default): SELECT "id", "name", "price", "stock", "reserved_stock" AS "reservedStock", "created_at" AS "createdAt", "updated_at" AS "updatedAt" FROM "products" AS "Product";
Executing (default): SELECT "id", "name", "price", "stock", "reserved_stock" AS "reservedStock", "created_at" AS "createdAt", "updated_at" AS "updatedAt" FROM "products" AS "Product";
Executing (default): SELECT "id", "name", "price", "stock", "reserved_stock" AS "reservedStock", "created_at" AS "createdAt", "updated_at" AS "updatedAt" FROM "products" AS "Product";
Executing (default): SELECT "id", "name", "price", "stock", "reserved_stock" AS "reservedStock", "created_at" AS "createdAt", "updated_at" AS "updatedAt" FROM "products" AS "Product";
Executing (default): SELECT "id", "name", "price", "stock", "reserved_stock" AS "reservedStock", "created_at" AS "createdAt", "updated_at" AS "updatedAt" FROM "products" AS "Product";
Executing (default): SELECT "id", "name", "price", "stock", "reserved_stock" AS "reservedStock", "created_at" AS "createdAt", "updated_at" AS "updatedAt" FROM "products" AS "Product";
Executing (default): SELECT "id", "name", "price", "stock", "reserved_stock" AS "reservedStock", "created_at" AS "createdAt", "updated_at" AS "updatedAt" FROM "products" AS "Product";
Executing (default): SELECT "id", "name", "price", "stock", "reserved_stock" AS "reservedStock", "created_at" AS "createdAt", "updated_at" AS "updatedAt" FROM "products" AS "Product";
Executing (default): SELECT "id", "name", "price", "stock", "reserved_stock" AS "reservedStock", "created_at" AS "createdAt", "updated_at" AS "updatedAt" FROM "products" AS "Product";
Executing (default): SELECT "id", "name", "price", "stock", "reserved_stock" AS "reservedStock", "created_at" AS "createdAt", "updated_at" AS "updatedAt" FROM "products" AS "Product";
Executing (default): SELECT "StockReservation"."id", "StockReservation"."order_id" AS "orderId", "StockReservation"."product_id" AS "productId", "StockReservation"."quantity", "StockReservation"."status", "StockReservation"."expires_at" AS "expiresAt", "StockReservation"."created_at" AS "createdAt", "StockReservation"."updated_at" AS "updatedAt", "StockReservation"."product_id" AS "ProductId", "Product"."id" AS "Product.id", "Product"."name" AS "Product.name", "Product"."price" AS "Product.price", "Product"."stock" AS "Product.stock", "Product"."reserved_stock" AS "Product.reservedStock", "Product"."created_at" AS "Product.createdAt", "Product"."updated_at" AS "Product.updatedAt" FROM "stock_reservations" AS "StockReservation" LEFT OUTER JOIN "products" AS "Product" ON "StockReservation"."product_id" = "Product"."id" WHERE "StockReservation"."status" = 'RESERVED' AND "StockReservation"."expires_at" < '2026-02-26 13:28:21.864 +00:00';
Error during cleanup of expired reservations: Error
    at Query.run (/app/node_modules/sequelize/lib/dialects/postgres/query.js:50:25)
    at /app/node_modules/sequelize/lib/sequelize.js:315:28
    at process.processTicksAndRejections (node:internal/process/task_queues:95:5)
    at async PostgresQueryInterface.select (/app/node_modules/sequelize/lib/dialects/abstract/query-interface.js:407:12)
    at async StockReservation.findAll (/app/node_modules/sequelize/lib/model.js:1140:21)
    at async Timeout.cleanupExpiredReservations [as _onTimeout] (/app/index.js:544:37) {
  name: 'SequelizeDatabaseError',
  parent: error: relation "stock_reservations" does not exist
      at Parser.parseErrorMessage (/app/node_modules/pg-protocol/dist/parser.js:285:98)
      at Parser.handlePacket (/app/node_modules/pg-protocol/dist/parser.js:122:29)
      at Parser.parse (/app/node_modules/pg-protocol/dist/parser.js:35:38)
      at Socket.<anonymous> (/app/node_modules/pg-protocol/dist/index.js:11:42)
      at Socket.emit (node:events:517:28)
      at addChunk (node:internal/streams/readable:368:12)
      at readableAddChunk (node:internal/streams/readable:341:9)
      at Readable.push (node:internal/streams/readable:278:10)
      at TCP.onStreamRead (node:internal/stream_base_commons:190:23) {
    length: 118,
    severity: 'ERROR',
    code: '42P01',
    detail: undefined,
    hint: undefined,
    position: '674',
    internalPosition: undefined,
    internalQuery: undefined,
    where: undefined,
    schema: undefined,
    table: undefined,
    column: undefined,
    dataType: undefined,
    constraint: undefined,
    file: 'parse_relation.c',
    line: '1381',
    routine: 'parserOpenTable',
    sql: `SELECT "StockReservation"."id", "StockReservation"."order_id" AS "orderId", "StockReservation"."product_id" AS "productId", "StockReservation"."quantity", "StockReservation"."status", "StockReservation"."expires_at" AS "expiresAt", "StockReservation"."created_at" AS "createdAt", "StockReservation"."updated_at" AS "updatedAt", "StockReservation"."product_id" AS "ProductId", "Product"."id" AS "Product.id", "Product"."name" AS "Product.name", "Product"."price" AS "Product.price", "Product"."stock" AS "Product.stock", "Product"."reserved_stock" AS "Product.reservedStock", "Product"."created_at" AS "Product.createdAt", "Product"."updated_at" AS "Product.updatedAt" FROM "stock_reservations" AS "StockReservation" LEFT OUTER JOIN "products" AS "Product" ON "StockReservation"."product_id" = "Product"."id" WHERE "StockReservation"."status" = 'RESERVED' AND "StockReservation"."expires_at" < '2026-02-26 13:28:21.864 +00:00';`,
    parameters: undefined
  },
  original: error: relation "stock_reservations" does not exist
      at Parser.parseErrorMessage (/app/node_modules/pg-protocol/dist/parser.js:285:98)
      at Parser.handlePacket (/app/node_modules/pg-protocol/dist/parser.js:122:29)
      at Parser.parse (/app/node_modules/pg-protocol/dist/parser.js:35:38)
      at Socket.<anonymous> (/app/node_modules/pg-protocol/dist/index.js:11:42)
      at Socket.emit (node:events:517:28)
      at addChunk (node:internal/streams/readable:368:12)
      at readableAddChunk (node:internal/streams/readable:341:9)
      at Readable.push (node:internal/streams/readable:278:10)
      at TCP.onStreamRead (node:internal/stream_base_commons:190:23) {
    length: 118,
    severity: 'ERROR',
    code: '42P01',
    detail: undefined,
    hint: undefined,
    position: '674',
    internalPosition: undefined,
    internalQuery: undefined,
    where: undefined,
    schema: undefined,
    table: undefined,
    column: undefined,
    dataType: undefined,
    constraint: undefined,
    file: 'parse_relation.c',
    line: '1381',
    routine: 'parserOpenTable',
    sql: `SELECT "StockReservation"."id", "StockReservation"."order_id" AS "orderId", "StockReservation"."product_id" AS "productId", "StockReservation"."quantity", "StockReservation"."status", "StockReservation"."expires_at" AS "expiresAt", "StockReservation"."created_at" AS "createdAt", "StockReservation"."updated_at" AS "updatedAt", "StockReservation"."product_id" AS "ProductId", "Product"."id" AS "Product.id", "Product"."name" AS "Product.name", "Product"."price" AS "Product.price", "Product"."stock" AS "Product.stock", "Product"."reserved_stock" AS "Product.reservedStock", "Product"."created_at" AS "Product.createdAt", "Product"."updated_at" AS "Product.updatedAt" FROM "stock_reservations" AS "StockReservation" LEFT OUTER JOIN "products" AS "Product" ON "StockReservation"."product_id" = "Product"."id" WHERE "StockReservation"."status" = 'RESERVED' AND "StockReservation"."expires_at" < '2026-02-26 13:28:21.864 +00:00';`,
    parameters: undefined
  },
  sql: `SELECT "StockReservation"."id", "StockReservation"."order_id" AS "orderId", "StockReservation"."product_id" AS "productId", "StockReservation"."quantity", "StockReservation"."status", "StockReservation"."expires_at" AS "expiresAt", "StockReservation"."created_at" AS "createdAt", "StockReservation"."updated_at" AS "updatedAt", "StockReservation"."product_id" AS "ProductId", "Product"."id" AS "Product.id", "Product"."name" AS "Product.name", "Product"."price" AS "Product.price", "Product"."stock" AS "Product.stock", "Product"."reserved_stock" AS "Product.reservedStock", "Product"."created_at" AS "Product.createdAt", "Product"."updated_at" AS "Product.updatedAt" FROM "stock_reservations" AS "StockReservation" LEFT OUTER JOIN "products" AS "Product" ON "StockReservation"."product_id" = "Product"."id" WHERE "StockReservation"."status" = 'RESERVED' AND "StockReservation"."expires_at" < '2026-02-26 13:28:21.864 +00:00';`,
  parameters: {}
}
{"level":"WARN","timestamp":"2026-02-26T14:07:15.842Z","logger":"kafkajs","message":"[RequestQueue] Response without match","clientId":"kafkajs","broker":"kafka:9092","correlationId":94}
{"level":"WARN","timestamp":"2026-02-26T14:19:36.614Z","logger":"kafkajs","message":"[RequestQueue] Response without match","clientId":"kafkajs","broker":"kafka:9092","correlationId":105}
Executing (default): SELECT "StockReservation"."id", "StockReservation"."order_id" AS "orderId", "StockReservation"."product_id" AS "productId", "StockReservation"."quantity", "StockReservation"."status", "StockReservation"."expires_at" AS "expiresAt", "StockReservation"."created_at" AS "createdAt", "StockReservation"."updated_at" AS "updatedAt", "StockReservation"."product_id" AS "ProductId", "Product"."id" AS "Product.id", "Product"."name" AS "Product.name", "Product"."price" AS "Product.price", "Product"."stock" AS "Product.stock", "Product"."reserved_stock" AS "Product.reservedStock", "Product"."created_at" AS "Product.createdAt", "Product"."updated_at" AS "Product.updatedAt" FROM "stock_reservations" AS "StockReservation" LEFT OUTER JOIN "products" AS "Product" ON "StockReservation"."product_id" = "Product"."id" WHERE "StockReservation"."status" = 'RESERVED' AND "StockReservation"."expires_at" < '2026-02-26 14:20:13.010 +00:00';
Error during cleanup of expired reservations: Error
    at Query.run (/app/node_modules/sequelize/lib/dialects/postgres/query.js:50:25)
    at /app/node_modules/sequelize/lib/sequelize.js:315:28
    at process.processTicksAndRejections (node:internal/process/task_queues:95:5)
    at async PostgresQueryInterface.select (/app/node_modules/sequelize/lib/dialects/abstract/query-interface.js:407:12)
    at async StockReservation.findAll (/app/node_modules/sequelize/lib/model.js:1140:21)
    at async Timeout.cleanupExpiredReservations [as _onTimeout] (/app/index.js:544:37) {
  name: 'SequelizeDatabaseError',
  parent: error: relation "stock_reservations" does not exist
      at Parser.parseErrorMessage (/app/node_modules/pg-protocol/dist/parser.js:285:98)
      at Parser.handlePacket (/app/node_modules/pg-protocol/dist/parser.js:122:29)
      at Parser.parse (/app/node_modules/pg-protocol/dist/parser.js:35:38)
      at Socket.<anonymous> (/app/node_modules/pg-protocol/dist/index.js:11:42)
      at Socket.emit (node:events:517:28)
      at addChunk (node:internal/streams/readable:368:12)
      at readableAddChunk (node:internal/streams/readable:341:9)
      at Readable.push (node:internal/streams/readable:278:10)
      at TCP.onStreamRead (node:internal/stream_base_commons:190:23) {
    length: 118,
    severity: 'ERROR',
    code: '42P01',
    detail: undefined,
    hint: undefined,
    position: '674',
    internalPosition: undefined,
    internalQuery: undefined,
    where: undefined,
    schema: undefined,
    table: undefined,
    column: undefined,
    dataType: undefined,
    constraint: undefined,
    file: 'parse_relation.c',
    line: '1381',
    routine: 'parserOpenTable',
    sql: `SELECT "StockReservation"."id", "StockReservation"."order_id" AS "orderId", "StockReservation"."product_id" AS "productId", "StockReservation"."quantity", "StockReservation"."status", "StockReservation"."expires_at" AS "expiresAt", "StockReservation"."created_at" AS "createdAt", "StockReservation"."updated_at" AS "updatedAt", "StockReservation"."product_id" AS "ProductId", "Product"."id" AS "Product.id", "Product"."name" AS "Product.name", "Product"."price" AS "Product.price", "Product"."stock" AS "Product.stock", "Product"."reserved_stock" AS "Product.reservedStock", "Product"."created_at" AS "Product.createdAt", "Product"."updated_at" AS "Product.updatedAt" FROM "stock_reservations" AS "StockReservation" LEFT OUTER JOIN "products" AS "Product" ON "StockReservation"."product_id" = "Product"."id" WHERE "StockReservation"."status" = 'RESERVED' AND "StockReservation"."expires_at" < '2026-02-26 14:20:13.010 +00:00';`,
    parameters: undefined
  },
  original: error: relation "stock_reservations" does not exist
      at Parser.parseErrorMessage (/app/node_modules/pg-protocol/dist/parser.js:285:98)
      at Parser.handlePacket (/app/node_modules/pg-protocol/dist/parser.js:122:29)
      at Parser.parse (/app/node_modules/pg-protocol/dist/parser.js:35:38)
      at Socket.<anonymous> (/app/node_modules/pg-protocol/dist/index.js:11:42)
      at Socket.emit (node:events:517:28)
      at addChunk (node:internal/streams/readable:368:12)
      at readableAddChunk (node:internal/streams/readable:341:9)
      at Readable.push (node:internal/streams/readable:278:10)
      at TCP.onStreamRead (node:internal/stream_base_commons:190:23) {
    length: 118,
    severity: 'ERROR',
    code: '42P01',
    detail: undefined,
    hint: undefined,
    position: '674',
    internalPosition: undefined,
    internalQuery: undefined,
    where: undefined,
    schema: undefined,
    table: undefined,
    column: undefined,
    dataType: undefined,
    constraint: undefined,
    file: 'parse_relation.c',
    line: '1381',
    routine: 'parserOpenTable',
    sql: `SELECT "StockReservation"."id", "StockReservation"."order_id" AS "orderId", "StockReservation"."product_id" AS "productId", "StockReservation"."quantity", "StockReservation"."status", "StockReservation"."expires_at" AS "expiresAt", "StockReservation"."created_at" AS "createdAt", "StockReservation"."updated_at" AS "updatedAt", "StockReservation"."product_id" AS "ProductId", "Product"."id" AS "Product.id", "Product"."name" AS "Product.name", "Product"."price" AS "Product.price", "Product"."stock" AS "Product.stock", "Product"."reserved_stock" AS "Product.reservedStock", "Product"."created_at" AS "Product.createdAt", "Product"."updated_at" AS "Product.updatedAt" FROM "stock_reservations" AS "StockReservation" LEFT OUTER JOIN "products" AS "Product" ON "StockReservation"."product_id" = "Product"."id" WHERE "StockReservation"."status" = 'RESERVED' AND "StockReservation"."expires_at" < '2026-02-26 14:20:13.010 +00:00';`,
    parameters: undefined
  },
  sql: `SELECT "StockReservation"."id", "StockReservation"."order_id" AS "orderId", "StockReservation"."product_id" AS "productId", "StockReservation"."quantity", "StockReservation"."status", "StockReservation"."expires_at" AS "expiresAt", "StockReservation"."created_at" AS "createdAt", "StockReservation"."updated_at" AS "updatedAt", "StockReservation"."product_id" AS "ProductId", "Product"."id" AS "Product.id", "Product"."name" AS "Product.name", "Product"."price" AS "Product.price", "Product"."stock" AS "Product.stock", "Product"."reserved_stock" AS "Product.reservedStock", "Product"."created_at" AS "Product.createdAt", "Product"."updated_at" AS "Product.updatedAt" FROM "stock_reservations" AS "StockReservation" LEFT OUTER JOIN "products" AS "Product" ON "StockReservation"."product_id" = "Product"."id" WHERE "StockReservation"."status" = 'RESERVED' AND "StockReservation"."expires_at" < '2026-02-26 14:20:13.010 +00:00';`,
  parameters: {}
}
Executing (default): SELECT "StockReservation"."id", "StockReservation"."order_id" AS "orderId", "StockReservation"."product_id" AS "productId", "StockReservation"."quantity", "StockReservation"."status", "StockReservation"."expires_at" AS "expiresAt", "StockReservation"."created_at" AS "createdAt", "StockReservation"."updated_at" AS "updatedAt", "StockReservation"."product_id" AS "ProductId", "Product"."id" AS "Product.id", "Product"."name" AS "Product.name", "Product"."price" AS "Product.price", "Product"."stock" AS "Product.stock", "Product"."reserved_stock" AS "Product.reservedStock", "Product"."created_at" AS "Product.createdAt", "Product"."updated_at" AS "Product.updatedAt" FROM "stock_reservations" AS "StockReservation" LEFT OUTER JOIN "products" AS "Product" ON "StockReservation"."product_id" = "Product"."id" WHERE "StockReservation"."status" = 'RESERVED' AND "StockReservation"."expires_at" < '2026-02-26 14:25:13.013 +00:00';
Error during cleanup of expired reservations: Error
    at Query.run (/app/node_modules/sequelize/lib/dialects/postgres/query.js:50:25)
    at /app/node_modules/sequelize/lib/sequelize.js:315:28
    at process.processTicksAndRejections (node:internal/process/task_queues:95:5)
    at async PostgresQueryInterface.select (/app/node_modules/sequelize/lib/dialects/abstract/query-interface.js:407:12)
    at async StockReservation.findAll (/app/node_modules/sequelize/lib/model.js:1140:21)
    at async Timeout.cleanupExpiredReservations [as _onTimeout] (/app/index.js:544:37) {
  name: 'SequelizeDatabaseError',
  parent: error: relation "stock_reservations" does not exist
      at Parser.parseErrorMessage (/app/node_modules/pg-protocol/dist/parser.js:285:98)
      at Parser.handlePacket (/app/node_modules/pg-protocol/dist/parser.js:122:29)
      at Parser.parse (/app/node_modules/pg-protocol/dist/parser.js:35:38)
      at Socket.<anonymous> (/app/node_modules/pg-protocol/dist/index.js:11:42)
      at Socket.emit (node:events:517:28)
      at addChunk (node:internal/streams/readable:368:12)
      at readableAddChunk (node:internal/streams/readable:341:9)
      at Readable.push (node:internal/streams/readable:278:10)
      at TCP.onStreamRead (node:internal/stream_base_commons:190:23) {
    length: 118,
    severity: 'ERROR',
    code: '42P01',
    detail: undefined,
    hint: undefined,
    position: '674',
    internalPosition: undefined,
    internalQuery: undefined,
    where: undefined,
    schema: undefined,
    table: undefined,
    column: undefined,
    dataType: undefined,
    constraint: undefined,
    file: 'parse_relation.c',
    line: '1381',
    routine: 'parserOpenTable',
    sql: `SELECT "StockReservation"."id", "StockReservation"."order_id" AS "orderId", "StockReservation"."product_id" AS "productId", "StockReservation"."quantity", "StockReservation"."status", "StockReservation"."expires_at" AS "expiresAt", "StockReservation"."created_at" AS "createdAt", "StockReservation"."updated_at" AS "updatedAt", "StockReservation"."product_id" AS "ProductId", "Product"."id" AS "Product.id", "Product"."name" AS "Product.name", "Product"."price" AS "Product.price", "Product"."stock" AS "Product.stock", "Product"."reserved_stock" AS "Product.reservedStock", "Product"."created_at" AS "Product.createdAt", "Product"."updated_at" AS "Product.updatedAt" FROM "stock_reservations" AS "StockReservation" LEFT OUTER JOIN "products" AS "Product" ON "StockReservation"."product_id" = "Product"."id" WHERE "StockReservation"."status" = 'RESERVED' AND "StockReservation"."expires_at" < '2026-02-26 14:25:13.013 +00:00';`,
    parameters: undefined
  },
  original: error: relation "stock_reservations" does not exist
      at Parser.parseErrorMessage (/app/node_modules/pg-protocol/dist/parser.js:285:98)
      at Parser.handlePacket (/app/node_modules/pg-protocol/dist/parser.js:122:29)
      at Parser.parse (/app/node_modules/pg-protocol/dist/parser.js:35:38)
      at Socket.<anonymous> (/app/node_modules/pg-protocol/dist/index.js:11:42)
      at Socket.emit (node:events:517:28)
      at addChunk (node:internal/streams/readable:368:12)
      at readableAddChunk (node:internal/streams/readable:341:9)
      at Readable.push (node:internal/streams/readable:278:10)
      at TCP.onStreamRead (node:internal/stream_base_commons:190:23) {
    length: 118,
    severity: 'ERROR',
    code: '42P01',
    detail: undefined,
    hint: undefined,
    position: '674',
    internalPosition: undefined,
    internalQuery: undefined,
    where: undefined,
    schema: undefined,
    table: undefined,
    column: undefined,
    dataType: undefined,
    constraint: undefined,
    file: 'parse_relation.c',
    line: '1381',
    routine: 'parserOpenTable',
    sql: `SELECT "StockReservation"."id", "StockReservation"."order_id" AS "orderId", "StockReservation"."product_id" AS "productId", "StockReservation"."quantity", "StockReservation"."status", "StockReservation"."expires_at" AS "expiresAt", "StockReservation"."created_at" AS "createdAt", "StockReservation"."updated_at" AS "updatedAt", "StockReservation"."product_id" AS "ProductId", "Product"."id" AS "Product.id", "Product"."name" AS "Product.name", "Product"."price" AS "Product.price", "Product"."stock" AS "Product.stock", "Product"."reserved_stock" AS "Product.reservedStock", "Product"."created_at" AS "Product.createdAt", "Product"."updated_at" AS "Product.updatedAt" FROM "stock_reservations" AS "StockReservation" LEFT OUTER JOIN "products" AS "Product" ON "StockReservation"."product_id" = "Product"."id" WHERE "StockReservation"."status" = 'RESERVED' AND "StockReservation"."expires_at" < '2026-02-26 14:25:13.013 +00:00';`,
    parameters: undefined
  },
  sql: `SELECT "StockReservation"."id", "StockReservation"."order_id" AS "orderId", "StockReservation"."product_id" AS "productId", "StockReservation"."quantity", "StockReservation"."status", "StockReservation"."expires_at" AS "expiresAt", "StockReservation"."created_at" AS "createdAt", "StockReservation"."updated_at" AS "updatedAt", "StockReservation"."product_id" AS "ProductId", "Product"."id" AS "Product.id", "Product"."name" AS "Product.name", "Product"."price" AS "Product.price", "Product"."stock" AS "Product.stock", "Product"."reserved_stock" AS "Product.reservedStock", "Product"."created_at" AS "Product.createdAt", "Product"."updated_at" AS "Product.updatedAt" FROM "stock_reservations" AS "StockReservation" LEFT OUTER JOIN "products" AS "Product" ON "StockReservation"."product_id" = "Product"."id" WHERE "StockReservation"."status" = 'RESERVED' AND "StockReservation"."expires_at" < '2026-02-26 14:25:13.013 +00:00';`,
  parameters: {}
}
