The files belonging to this database system will be owned by user "postgres".
This user must also own the server process.

The database cluster will be initialized with locale "en_US.utf8".
The default database encoding has accordingly been set to "UTF8".
The default text search configuration will be set to "english".

Data page checksums are disabled.

fixing permissions on existing directory /var/lib/postgresql/data ... ok
creating subdirectories ... ok
selecting dynamic shared memory implementation ... posix
selecting default max_connections ... 100
selecting default shared_buffers ... 128MB
selecting default time zone ... Etc/UTC
creating configuration files ... ok
running bootstrap script ... ok
performing post-bootstrap initialization ... ok
initdb: warning: enabling "trust" authentication for local connections
You can change this by editing pg_hba.conf or using the option -A, or
--auth-local and --auth-host, the next time you run initdb.
syncing data to disk ... ok


Success. You can now start the database server using:

    pg_ctl -D /var/lib/postgresql/data -l logfile start

waiting for server to start....2026-02-26 12:58:54.257 UTC [48] LOG:  starting PostgreSQL 14.21 (Debian 14.21-1.pgdg13+1) on aarch64-unknown-linux-gnu, compiled by gcc (Debian 14.2.0-19) 14.2.0, 64-bit
2026-02-26 12:58:54.260 UTC [48] LOG:  listening on Unix socket "/var/run/postgresql/.s.PGSQL.5432"
2026-02-26 12:58:54.265 UTC [49] LOG:  database system was shut down at 2026-02-26 12:58:54 UTC
2026-02-26 12:58:54.269 UTC [48] LOG:  database system is ready to accept connections
 done
server started
CREATE DATABASE


/usr/local/bin/docker-entrypoint.sh: running /docker-entrypoint-initdb.d/00-init.sql
CREATE EXTENSION


/usr/local/bin/docker-entrypoint.sh: running /docker-entrypoint-initdb.d/01-seed-products.sql
CREATE TABLE
INSERT 0 8


/usr/local/bin/docker-entrypoint.sh: running /docker-entrypoint-initdb.d/02-seed-orders.sql
CREATE TABLE
CREATE TABLE
INSERT 0 3
INSERT 0 6


/usr/local/bin/docker-entrypoint.sh: running /docker-entrypoint-initdb.d/init-database.sql
DO
psql:/docker-entrypoint-initdb.d/init-database.sql:12: NOTICE:  Role setup done
DO
DO


waiting for server to shut down....2026-02-26 12:58:54.547 UTC [48] LOG:  received fast shutdown request
2026-02-26 12:58:54.548 UTC [48] LOG:  aborting any active transactions
2026-02-26 12:58:54.549 UTC [48] LOG:  background worker "logical replication launcher" (PID 55) exited with exit code 1
2026-02-26 12:58:54.550 UTC [50] LOG:  shutting down
2026-02-26 12:58:54.575 UTC [48] LOG:  database system is shut down
 done
server stopped

PostgreSQL init process complete; ready for start up.

2026-02-26 12:58:54.660 UTC [1] LOG:  starting PostgreSQL 14.21 (Debian 14.21-1.pgdg13+1) on aarch64-unknown-linux-gnu, compiled by gcc (Debian 14.2.0-19) 14.2.0, 64-bit
2026-02-26 12:58:54.660 UTC [1] LOG:  listening on IPv4 address "0.0.0.0", port 5432
2026-02-26 12:58:54.660 UTC [1] LOG:  listening on IPv6 address "::", port 5432
2026-02-26 12:58:54.661 UTC [1] LOG:  listening on Unix socket "/var/run/postgresql/.s.PGSQL.5432"
2026-02-26 12:58:54.663 UTC [71] LOG:  database system was shut down at 2026-02-26 12:58:54 UTC
2026-02-26 12:58:54.665 UTC [1] LOG:  database system is ready to accept connections
2026-02-26 12:59:30.098 UTC [96] ERROR:  column "reserved_stock" does not exist at character 40
2026-02-26 12:59:30.098 UTC [96] STATEMENT:  SELECT "id", "name", "price", "stock", "reserved_stock" AS "reservedStock", "created_at" AS "createdAt", "updated_at" AS "updatedAt" FROM "products" AS "Product";
2026-02-26 12:59:30.105 UTC [96] ERROR:  column "reserved_stock" does not exist at character 40
2026-02-26 12:59:30.105 UTC [96] STATEMENT:  SELECT "id", "name", "price", "stock", "reserved_stock" AS "reservedStock", "created_at" AS "createdAt", "updated_at" AS "updatedAt" FROM "products" AS "Product";
2026-02-26 12:59:36.158 UTC [96] ERROR:  column "reserved_stock" does not exist at character 40
2026-02-26 12:59:36.158 UTC [96] STATEMENT:  SELECT "id", "name", "price", "stock", "reserved_stock" AS "reservedStock", "created_at" AS "createdAt", "updated_at" AS "updatedAt" FROM "products" AS "Product";
2026-02-26 12:59:36.162 UTC [96] ERROR:  column "reserved_stock" does not exist at character 40
2026-02-26 12:59:36.162 UTC [96] STATEMENT:  SELECT "id", "name", "price", "stock", "reserved_stock" AS "reservedStock", "created_at" AS "createdAt", "updated_at" AS "updatedAt" FROM "products" AS "Product";
2026-02-26 12:59:38.287 UTC [96] ERROR:  column "reserved_stock" does not exist at character 40
2026-02-26 12:59:38.287 UTC [96] STATEMENT:  SELECT "id", "name", "price", "stock", "reserved_stock" AS "reservedStock", "created_at" AS "createdAt", "updated_at" AS "updatedAt" FROM "products" AS "Product";
2026-02-26 12:59:38.292 UTC [96] ERROR:  column "reserved_stock" does not exist at character 40
2026-02-26 12:59:38.292 UTC [96] STATEMENT:  SELECT "id", "name", "price", "stock", "reserved_stock" AS "reservedStock", "created_at" AS "createdAt", "updated_at" AS "updatedAt" FROM "products" AS "Product";
2026-02-26 12:59:55.508 UTC [99] ERROR:  column "reserved_stock" of relation "products" does not exist at character 53
2026-02-26 12:59:55.508 UTC [99] STATEMENT:  INSERT INTO "products" ("id","name","price","stock","reserved_stock","created_at","updated_at") VALUES (DEFAULT,$1,$2,$3,$4,$5,$6) RETURNING "id","name","price","stock","reserved_stock","created_at","updated_at";
2026-02-26 13:04:06.680 UTC [179] ERROR:  column "reserved_stock" does not exist at character 40
2026-02-26 13:04:06.680 UTC [179] STATEMENT:  SELECT "id", "name", "price", "stock", "reserved_stock" AS "reservedStock", "created_at" AS "createdAt", "updated_at" AS "updatedAt" FROM "products" AS "Product";
2026-02-26 13:05:07.287 UTC [198] ERROR:  column "reserved_stock" does not exist at character 40
2026-02-26 13:05:07.287 UTC [198] STATEMENT:  SELECT "id", "name", "price", "stock", "reserved_stock" AS "reservedStock", "created_at" AS "createdAt", "updated_at" AS "updatedAt" FROM "products" AS "Product";
2026-02-26 13:07:19.295 UTC [235] ERROR:  column "reserved_stock" does not exist at character 40
2026-02-26 13:07:19.295 UTC [235] STATEMENT:  SELECT "id", "name", "price", "stock", "reserved_stock" AS "reservedStock", "created_at" AS "createdAt", "updated_at" AS "updatedAt" FROM "products" AS "Product";
2026-02-26 13:10:23.380 UTC [291] ERROR:  column "reserved_stock" does not exist at character 40
2026-02-26 13:10:23.380 UTC [291] STATEMENT:  SELECT "id", "name", "price", "stock", "reserved_stock" AS "reservedStock", "created_at" AS "createdAt", "updated_at" AS "updatedAt" FROM "products" AS "Product";
2026-02-26 13:10:23.386 UTC [291] ERROR:  column "reserved_stock" does not exist at character 40
2026-02-26 13:10:23.386 UTC [291] STATEMENT:  SELECT "id", "name", "price", "stock", "reserved_stock" AS "reservedStock", "created_at" AS "createdAt", "updated_at" AS "updatedAt" FROM "products" AS "Product";
2026-02-26 13:10:36.817 UTC [301] ERROR:  column "reserved_stock" of relation "products" does not exist at character 53
2026-02-26 13:10:36.817 UTC [301] STATEMENT:  INSERT INTO "products" ("id","name","price","stock","reserved_stock","created_at","updated_at") VALUES (DEFAULT,$1,$2,$3,$4,$5,$6) RETURNING "id","name","price","stock","reserved_stock","created_at","updated_at";
2026-02-26 13:13:15.846 UTC [347] ERROR:  relation "stock_reservations" does not exist at character 674
2026-02-26 13:13:15.846 UTC [347] STATEMENT:  SELECT "StockReservation"."id", "StockReservation"."order_id" AS "orderId", "StockReservation"."product_id" AS "productId", "StockReservation"."quantity", "StockReservation"."status", "StockReservation"."expires_at" AS "expiresAt", "StockReservation"."created_at" AS "createdAt", "StockReservation"."updated_at" AS "updatedAt", "StockReservation"."product_id" AS "ProductId", "Product"."id" AS "Product.id", "Product"."name" AS "Product.name", "Product"."price" AS "Product.price", "Product"."stock" AS "Product.stock", "Product"."reserved_stock" AS "Product.reservedStock", "Product"."created_at" AS "Product.createdAt", "Product"."updated_at" AS "Product.updatedAt" FROM "stock_reservations" AS "StockReservation" LEFT OUTER JOIN "products" AS "Product" ON "StockReservation"."product_id" = "Product"."id" WHERE "StockReservation"."status" = 'RESERVED' AND "StockReservation"."expires_at" < '2026-02-26 13:13:15.819 +00:00';
2026-02-26 13:16:54.939 UTC [412] ERROR:  column "reserved_stock" of relation "products" does not exist at character 53
2026-02-26 13:16:54.939 UTC [412] STATEMENT:  INSERT INTO "products" ("id","name","price","stock","reserved_stock","created_at","updated_at") VALUES (DEFAULT,$1,$2,$3,$4,$5,$6) RETURNING "id","name","price","stock","reserved_stock","created_at","updated_at";
2026-02-26 13:19:37.270 UTC [476] ERROR:  relation "stock_reservations" does not exist at character 674
2026-02-26 13:19:37.270 UTC [476] STATEMENT:  SELECT "StockReservation"."id", "StockReservation"."order_id" AS "orderId", "StockReservation"."product_id" AS "productId", "StockReservation"."quantity", "StockReservation"."status", "StockReservation"."expires_at" AS "expiresAt", "StockReservation"."created_at" AS "createdAt", "StockReservation"."updated_at" AS "updatedAt", "StockReservation"."product_id" AS "ProductId", "Product"."id" AS "Product.id", "Product"."name" AS "Product.name", "Product"."price" AS "Product.price", "Product"."stock" AS "Product.stock", "Product"."reserved_stock" AS "Product.reservedStock", "Product"."created_at" AS "Product.createdAt", "Product"."updated_at" AS "Product.updatedAt" FROM "stock_reservations" AS "StockReservation" LEFT OUTER JOIN "products" AS "Product" ON "StockReservation"."product_id" = "Product"."id" WHERE "StockReservation"."status" = 'RESERVED' AND "StockReservation"."expires_at" < '2026-02-26 13:19:37.211 +00:00';
2026-02-26 13:20:52.088 UTC [496] ERROR:  column "reserved_stock" of relation "products" does not exist at character 53
2026-02-26 13:20:52.088 UTC [496] STATEMENT:  INSERT INTO "products" ("id","name","price","stock","reserved_stock","created_at","updated_at") VALUES (DEFAULT,$1,$2,$3,$4,$5,$6) RETURNING "id","name","price","stock","reserved_stock","created_at","updated_at";
2026-02-26 13:28:21.914 UTC [663] ERROR:  relation "stock_reservations" does not exist at character 674
2026-02-26 13:28:21.914 UTC [663] STATEMENT:  SELECT "StockReservation"."id", "StockReservation"."order_id" AS "orderId", "StockReservation"."product_id" AS "productId", "StockReservation"."quantity", "StockReservation"."status", "StockReservation"."expires_at" AS "expiresAt", "StockReservation"."created_at" AS "createdAt", "StockReservation"."updated_at" AS "updatedAt", "StockReservation"."product_id" AS "ProductId", "Product"."id" AS "Product.id", "Product"."name" AS "Product.name", "Product"."price" AS "Product.price", "Product"."stock" AS "Product.stock", "Product"."reserved_stock" AS "Product.reservedStock", "Product"."created_at" AS "Product.createdAt", "Product"."updated_at" AS "Product.updatedAt" FROM "stock_reservations" AS "StockReservation" LEFT OUTER JOIN "products" AS "Product" ON "StockReservation"."product_id" = "Product"."id" WHERE "StockReservation"."status" = 'RESERVED' AND "StockReservation"."expires_at" < '2026-02-26 13:28:21.864 +00:00';
2026-02-26 14:20:13.091 UTC [754] ERROR:  relation "stock_reservations" does not exist at character 674
2026-02-26 14:20:13.091 UTC [754] STATEMENT:  SELECT "StockReservation"."id", "StockReservation"."order_id" AS "orderId", "StockReservation"."product_id" AS "productId", "StockReservation"."quantity", "StockReservation"."status", "StockReservation"."expires_at" AS "expiresAt", "StockReservation"."created_at" AS "createdAt", "StockReservation"."updated_at" AS "updatedAt", "StockReservation"."product_id" AS "ProductId", "Product"."id" AS "Product.id", "Product"."name" AS "Product.name", "Product"."price" AS "Product.price", "Product"."stock" AS "Product.stock", "Product"."reserved_stock" AS "Product.reservedStock", "Product"."created_at" AS "Product.createdAt", "Product"."updated_at" AS "Product.updatedAt" FROM "stock_reservations" AS "StockReservation" LEFT OUTER JOIN "products" AS "Product" ON "StockReservation"."product_id" = "Product"."id" WHERE "StockReservation"."status" = 'RESERVED' AND "StockReservation"."expires_at" < '2026-02-26 14:20:13.010 +00:00';
2026-02-26 14:25:13.070 UTC [845] ERROR:  relation "stock_reservations" does not exist at character 674
2026-02-26 14:25:13.070 UTC [845] STATEMENT:  SELECT "StockReservation"."id", "StockReservation"."order_id" AS "orderId", "StockReservation"."product_id" AS "productId", "StockReservation"."quantity", "StockReservation"."status", "StockReservation"."expires_at" AS "expiresAt", "StockReservation"."created_at" AS "createdAt", "StockReservation"."updated_at" AS "updatedAt", "StockReservation"."product_id" AS "ProductId", "Product"."id" AS "Product.id", "Product"."name" AS "Product.name", "Product"."price" AS "Product.price", "Product"."stock" AS "Product.stock", "Product"."reserved_stock" AS "Product.reservedStock", "Product"."created_at" AS "Product.createdAt", "Product"."updated_at" AS "Product.updatedAt" FROM "stock_reservations" AS "StockReservation" LEFT OUTER JOIN "products" AS "Product" ON "StockReservation"."product_id" = "Product"."id" WHERE "StockReservation"."status" = 'RESERVED' AND "StockReservation"."expires_at" < '2026-02-26 14:25:13.013 +00:00';
