The files belonging to this database system will be owned by user "postgres".
This user must also own the server process.

The database cluster will be initialized with locale "en_US.utf8".
The default database encoding has accordingly been set to "UTF8".
The default text search configuration will be set to "english".

Data page checksums are disabled.

fixing permissions on existing directory /var/lib/postgresql/data ... ok
creating subdirectories ... ok
selecting dynamic shared memory implementation ... posix
selecting default max_connections ... 100
selecting default shared_buffers ... 128MB
selecting default time zone ... Etc/UTC
creating configuration files ... ok
running bootstrap script ... ok
performing post-bootstrap initialization ... ok
syncing data to disk ... ok


Success. You can now start the database server using:

    pg_ctl -D /var/lib/postgresql/data -l logfile start

initdb: warning: enabling "trust" authentication for local connections
You can change this by editing pg_hba.conf or using the option -A, or
--auth-local and --auth-host, the next time you run initdb.
waiting for server to start....2026-02-25 11:03:04.018 UTC [48] LOG:  starting PostgreSQL 14.21 (Debian 14.21-1.pgdg13+1) on aarch64-unknown-linux-gnu, compiled by gcc (Debian 14.2.0-19) 14.2.0, 64-bit
2026-02-25 11:03:04.020 UTC [48] LOG:  listening on Unix socket "/var/run/postgresql/.s.PGSQL.5432"
2026-02-25 11:03:04.028 UTC [49] LOG:  database system was shut down at 2026-02-25 11:03:03 UTC
2026-02-25 11:03:04.032 UTC [48] LOG:  database system is ready to accept connections
 done
server started
CREATE DATABASE


/usr/local/bin/docker-entrypoint.sh: running /docker-entrypoint-initdb.d/00-init.sql
CREATE EXTENSION


/usr/local/bin/docker-entrypoint.sh: running /docker-entrypoint-initdb.d/01-seed-products.sql
CREATE TABLE
INSERT 0 8


/usr/local/bin/docker-entrypoint.sh: running /docker-entrypoint-initdb.d/02-seed-orders.sql
CREATE TABLE
CREATE TABLE
INSERT 0 3
INSERT 0 6


/usr/local/bin/docker-entrypoint.sh: running /docker-entrypoint-initdb.d/init-database.sql
psql:/docker-entrypoint-initdb.d/init-database.sql:2: ERROR:  database "orders_db" already exists
2026-02-25 11:03:04.581 UTC [68] ERROR:  database "orders_db" already exists
2026-02-25 11:03:04.581 UTC [68] STATEMENT:  CREATE DATABASE orders_db;

PostgreSQL Database directory appears to contain a database; Skipping initialization

2026-02-25 11:10:21.823 UTC [1] LOG:  starting PostgreSQL 14.21 (Debian 14.21-1.pgdg13+1) on aarch64-unknown-linux-gnu, compiled by gcc (Debian 14.2.0-19) 14.2.0, 64-bit
2026-02-25 11:10:21.823 UTC [1] LOG:  listening on IPv4 address "0.0.0.0", port 5432
2026-02-25 11:10:21.823 UTC [1] LOG:  listening on IPv6 address "::", port 5432
2026-02-25 11:10:21.825 UTC [1] LOG:  listening on Unix socket "/var/run/postgresql/.s.PGSQL.5432"
2026-02-25 11:10:21.829 UTC [27] LOG:  database system was interrupted; last known up at 2026-02-25 11:03:04 UTC
2026-02-25 11:10:21.959 UTC [27] LOG:  database system was not properly shut down; automatic recovery in progress
2026-02-25 11:10:21.961 UTC [27] LOG:  redo starts at 0/1709390
2026-02-25 11:10:21.964 UTC [27] LOG:  invalid record length at 0/1757A98: wanted 24, got 0
2026-02-25 11:10:21.964 UTC [27] LOG:  redo done at 0/1757A70 system usage: CPU: user: 0.00 s, system: 0.00 s, elapsed: 0.00 s
2026-02-25 11:10:21.986 UTC [1] LOG:  database system is ready to accept connections
