The files belonging to this database system will be owned by user "postgres".
This user must also own the server process.

The database cluster will be initialized with locale "en_US.utf8".
The default database encoding has accordingly been set to "UTF8".
The default text search configuration will be set to "english".

Data page checksums are disabled.

fixing permissions on existing directory /var/lib/postgresql/data ... ok
creating subdirectories ... ok
selecting dynamic shared memory implementation ... posix
selecting default max_connections ... 100
selecting default shared_buffers ... 128MB
selecting default time zone ... Etc/UTC
creating configuration files ... ok
running bootstrap script ... ok
performing post-bootstrap initialization ... ok
syncing data to disk ... ok
initdb: warning: enabling "trust" authentication for local connections
You can change this by editing pg_hba.conf or using the option -A, or
--auth-local and --auth-host, the next time you run initdb.


Success. You can now start the database server using:

    pg_ctl -D /var/lib/postgresql/data -l logfile start

waiting for server to start....2026-02-26 11:27:19.760 UTC [49] LOG:  starting PostgreSQL 14.21 (Debian 14.21-1.pgdg13+1) on aarch64-unknown-linux-gnu, compiled by gcc (Debian 14.2.0-19) 14.2.0, 64-bit
2026-02-26 11:27:19.761 UTC [49] LOG:  listening on Unix socket "/var/run/postgresql/.s.PGSQL.5432"
2026-02-26 11:27:19.766 UTC [50] LOG:  database system was shut down at 2026-02-26 11:27:19 UTC
2026-02-26 11:27:19.771 UTC [49] LOG:  database system is ready to accept connections
 done
server started
CREATE DATABASE


/usr/local/bin/docker-entrypoint.sh: running /docker-entrypoint-initdb.d/00-init.sql
CREATE EXTENSION


/usr/local/bin/docker-entrypoint.sh: running /docker-entrypoint-initdb.d/01-seed-products.sql
CREATE TABLE
INSERT 0 8


/usr/local/bin/docker-entrypoint.sh: running /docker-entrypoint-initdb.d/02-seed-orders.sql
CREATE TABLE
CREATE TABLE
INSERT 0 3
INSERT 0 6


/usr/local/bin/docker-entrypoint.sh: running /docker-entrypoint-initdb.d/init-database.sql
psql:/docker-entrypoint-initdb.d/init-database.sql:12: NOTICE:  Role setup done
DO
DO
DO


2026-02-26 11:27:20.078 UTC [49] LOG:  received fast shutdown request
waiting for server to shut down....2026-02-26 11:27:20.079 UTC [49] LOG:  aborting any active transactions
2026-02-26 11:27:20.080 UTC [49] LOG:  background worker "logical replication launcher" (PID 56) exited with exit code 1
2026-02-26 11:27:20.081 UTC [51] LOG:  shutting down
2026-02-26 11:27:20.110 UTC [49] LOG:  database system is shut down
 done
server stopped

PostgreSQL init process complete; ready for start up.

2026-02-26 11:27:20.193 UTC [1] LOG:  starting PostgreSQL 14.21 (Debian 14.21-1.pgdg13+1) on aarch64-unknown-linux-gnu, compiled by gcc (Debian 14.2.0-19) 14.2.0, 64-bit
2026-02-26 11:27:20.194 UTC [1] LOG:  listening on IPv4 address "0.0.0.0", port 5432
2026-02-26 11:27:20.194 UTC [1] LOG:  listening on IPv6 address "::", port 5432
2026-02-26 11:27:20.198 UTC [1] LOG:  listening on Unix socket "/var/run/postgresql/.s.PGSQL.5432"
2026-02-26 11:27:20.201 UTC [72] LOG:  database system was shut down at 2026-02-26 11:27:20 UTC
2026-02-26 11:27:20.204 UTC [1] LOG:  database system is ready to accept connections
