time="2026-02-28T07:34:18-06:00" level=warning msg="/Users/habeebmohammed/software/modren-ordering-system-with-kafka-kubernate/modren-ordering-system-with-kafka/docker-compose.yml: the attribute `version` is obsolete, it will be ignored, please remove it to avoid potential confusion"
zookeeper-1  | ===> User
zookeeper-1  | uid=1000(appuser) gid=1000(appuser) groups=1000(appuser)
zookeeper-1  | ===> Configuring ...
zookeeper-1  | ===> Running preflight checks ... 
zookeeper-1  | ===> Check if /var/lib/zookeeper/data is writable ...
zookeeper-1  | ===> Check if /var/lib/zookeeper/log is writable ...
zookeeper-1  | ===> Launching ... 
zookeeper-1  | ===> Launching zookeeper ... 
zookeeper-1  | [2026-02-26 17:33:18,644] INFO Reading configuration from: /etc/kafka/zookeeper.properties (org.apache.zookeeper.server.quorum.QuorumPeerConfig)
zookeeper-1  | [2026-02-26 17:33:18,662] INFO clientPortAddress is 0.0.0.0:2181 (org.apache.zookeeper.server.quorum.QuorumPeerConfig)
zookeeper-1  | [2026-02-26 17:33:18,662] INFO secureClientPort is not set (org.apache.zookeeper.server.quorum.QuorumPeerConfig)
zookeeper-1  | [2026-02-26 17:33:18,662] INFO observerMasterPort is not set (org.apache.zookeeper.server.quorum.QuorumPeerConfig)
zookeeper-1  | [2026-02-26 17:33:18,662] INFO metricsProvider.className is org.apache.zookeeper.metrics.impl.DefaultMetricsProvider (org.apache.zookeeper.server.quorum.QuorumPeerConfig)
zookeeper-1  | [2026-02-26 17:33:18,664] INFO autopurge.snapRetainCount set to 3 (org.apache.zookeeper.server.DatadirCleanupManager)
zookeeper-1  | [2026-02-26 17:33:18,664] INFO autopurge.purgeInterval set to 0 (org.apache.zookeeper.server.DatadirCleanupManager)
zookeeper-1  | [2026-02-26 17:33:18,664] INFO Purge task is not scheduled. (org.apache.zookeeper.server.DatadirCleanupManager)
zookeeper-1  | [2026-02-26 17:33:18,664] WARN Either no config or no quorum defined in config, running in standalone mode (org.apache.zookeeper.server.quorum.QuorumPeerMain)
zookeeper-1  | [2026-02-26 17:33:18,669] INFO Log4j 1.2 jmx support found and enabled. (org.apache.zookeeper.jmx.ManagedUtil)
zookeeper-1  | [2026-02-26 17:33:18,681] INFO Reading configuration from: /etc/kafka/zookeeper.properties (org.apache.zookeeper.server.quorum.QuorumPeerConfig)
zookeeper-1  | [2026-02-26 17:33:18,682] INFO clientPortAddress is 0.0.0.0:2181 (org.apache.zookeeper.server.quorum.QuorumPeerConfig)
zookeeper-1  | [2026-02-26 17:33:18,682] INFO secureClientPort is not set (org.apache.zookeeper.server.quorum.QuorumPeerConfig)
zookeeper-1  | [2026-02-26 17:33:18,682] INFO observerMasterPort is not set (org.apache.zookeeper.server.quorum.QuorumPeerConfig)
zookeeper-1  | [2026-02-26 17:33:18,682] INFO metricsProvider.className is org.apache.zookeeper.metrics.impl.DefaultMetricsProvider (org.apache.zookeeper.server.quorum.QuorumPeerConfig)
zookeeper-1  | [2026-02-26 17:33:18,682] INFO Starting server (org.apache.zookeeper.server.ZooKeeperServerMain)
zookeeper-1  | [2026-02-26 17:33:18,701] INFO ServerMetrics initialized with provider org.apache.zookeeper.metrics.impl.DefaultMetricsProvider@52102734 (org.apache.zookeeper.server.ServerMetrics)
zookeeper-1  | [2026-02-26 17:33:18,704] INFO zookeeper.snapshot.trust.empty : false (org.apache.zookeeper.server.persistence.FileTxnSnapLog)
zookeeper-1  | [2026-02-26 17:33:18,720] INFO  (org.apache.zookeeper.server.ZooKeeperServer)
zookeeper-1  | [2026-02-26 17:33:18,720] INFO   ______                  _                                           (org.apache.zookeeper.server.ZooKeeperServer)
zookeeper-1  | [2026-02-26 17:33:18,720] INFO  |___  /                 | |                                          (org.apache.zookeeper.server.ZooKeeperServer)
zookeeper-1  | [2026-02-26 17:33:18,720] INFO     / /    ___     ___   | | __   ___    ___   _ __     ___   _ __    (org.apache.zookeeper.server.ZooKeeperServer)
zookeeper-1  | [2026-02-26 17:33:18,720] INFO    / /    / _ \   / _ \  | |/ /  / _ \  / _ \ | '_ \   / _ \ | '__| (org.apache.zookeeper.server.ZooKeeperServer)
zookeeper-1  | [2026-02-26 17:33:18,720] INFO   / /__  | (_) | | (_) | |   <  |  __/ |  __/ | |_) | |  __/ | |     (org.apache.zookeeper.server.ZooKeeperServer)
zookeeper-1  | [2026-02-26 17:33:18,720] INFO  /_____|  \___/   \___/  |_|\_\  \___|  \___| | .__/   \___| |_| (org.apache.zookeeper.server.ZooKeeperServer)
zookeeper-1  | [2026-02-26 17:33:18,720] INFO                                               | |                      (org.apache.zookeeper.server.ZooKeeperServer)
zookeeper-1  | [2026-02-26 17:33:18,720] INFO                                               |_|                      (org.apache.zookeeper.server.ZooKeeperServer)
zookeeper-1  | [2026-02-26 17:33:18,720] INFO  (org.apache.zookeeper.server.ZooKeeperServer)
zookeeper-1  | [2026-02-26 17:33:18,722] INFO Server environment:zookeeper.version=3.6.3--6401e4ad2087061bc6b9f80dec2d69f2e3c8660a, built on 04/08/2021 16:35 GMT (org.apache.zookeeper.server.ZooKeeperServer)
zookeeper-1  | [2026-02-26 17:33:18,722] INFO Server environment:host.name=564cd7fa88f9 (org.apache.zookeeper.server.ZooKeeperServer)
zookeeper-1  | [2026-02-26 17:33:18,722] INFO Server environment:java.version=11.0.13 (org.apache.zookeeper.server.ZooKeeperServer)
zookeeper-1  | [2026-02-26 17:33:18,723] INFO Server environment:java.vendor=Azul Systems, Inc. (org.apache.zookeeper.server.ZooKeeperServer)
zookeeper-1  | [2026-02-26 17:33:18,723] INFO Server environment:java.home=/usr/lib/jvm/zulu11-ca (org.apache.zookeeper.server.ZooKeeperServer)
zookeeper-1  | [2026-02-26 17:33:18,723] INFO Server environment:java.class.path=/usr/bin/../share/java/kafka/lz4-java-1.7.1.jar:/usr/bin/../share/java/kafka/jakarta.activation-api-1.2.1.jar:/usr/bin/../share/java/kafka/jackson-datatype-jdk8-2.12.3.jar:/usr/bin/../share/java/kafka/kafka-log4j-appender-7.0.1-ccs.jar:/usr/bin/../share/java/kafka/connect-json-7.0.1-ccs.jar:/usr/bin/../share/java/kafka/hk2-api-2.6.1.jar:/usr/bin/../share/java/kafka/scala-java8-compat_2.13-1.0.0.jar:/usr/bin/../share/java/kafka/zstd-jni-1.5.0-2.jar:/usr/bin/../share/java/kafka/kafka.jar:/usr/bin/../share/java/kafka/metrics-core-2.2.0.jar:/usr/bin/../share/java/kafka/kafka-streams-examples-7.0.1-ccs.jar:/usr/bin/../share/java/kafka/maven-artifact-3.8.1.jar:/usr/bin/../share/java/kafka/javassist-3.27.0-GA.jar:/usr/bin/../share/java/kafka/netty-buffer-4.1.68.Final.jar:/usr/bin/../share/java/kafka/jetty-server-9.4.43.v20210629.jar:/usr/bin/../share/java/kafka/activation-1.1.1.jar:/usr/bin/../share/java/kafka/kafka-metadata-7.0.1-ccs.jar:/usr/bin/../share/java/kafka/jaxb-api-2.3.0.jar:/usr/bin/../share/java/kafka/reflections-0.9.12.jar:/usr/bin/../share/java/kafka/jackson-jaxrs-json-provider-2.12.3.jar:/usr/bin/../share/java/kafka/hk2-utils-2.6.1.jar:/usr/bin/../share/java/kafka/osgi-resource-locator-1.0.3.jar:/usr/bin/../share/java/kafka/kafka-raft-7.0.1-ccs.jar:/usr/bin/../share/java/kafka/jersey-hk2-2.34.jar:/usr/bin/../share/java/kafka/scala-reflect-2.13.6.jar:/usr/bin/../share/java/kafka/jakarta.annotation-api-1.3.5.jar:/usr/bin/../share/java/kafka/jersey-server-2.34.jar:/usr/bin/../share/java/kafka/netty-handler-4.1.68.Final.jar:/usr/bin/../share/java/kafka/jakarta.validation-api-2.0.2.jar:/usr/bin/../share/java/kafka/jackson-databind-2.12.3.jar:/usr/bin/../share/java/kafka/jetty-continuation-9.4.43.v20210629.jar:/usr/bin/../share/java/kafka/kafka_2.13-7.0.1-ccs.jar:/usr/bin/../share/java/kafka/javax.ws.rs-api-2.1.1.jar:/usr/bin/../share/java/kafka/jakarta.xml.bind-api-2.3.2.jar:/usr/bin/../share/java/kafka/jetty-util-9.4.43.v20210629.jar:/usr/bin/../share/java/kafka/netty-common-4.1.68.Final.jar:/usr/bin/../share/java/kafka/jersey-container-servlet-core-2.34.jar:/usr/bin/../share/java/kafka/kafka-server-common-7.0.1-ccs.jar:/usr/bin/../share/java/kafka/metrics-core-4.1.12.1.jar:/usr/bin/../share/java/kafka/scala-library-2.13.6.jar:/usr/bin/../share/java/kafka/connect-transforms-7.0.1-ccs.jar:/usr/bin/../share/java/kafka/jersey-client-2.34.jar:/usr/bin/../share/java/kafka/kafka-shell-7.0.1-ccs.jar:/usr/bin/../share/java/kafka/jetty-util-ajax-9.4.43.v20210629.jar:/usr/bin/../share/java/kafka/connect-api-7.0.1-ccs.jar:/usr/bin/../share/java/kafka/jackson-dataformat-csv-2.12.3.jar:/usr/bin/../share/java/kafka/jetty-io-9.4.43.v20210629.jar:/usr/bin/../share/java/kafka/commons-cli-1.4.jar:/usr/bin/../share/java/kafka/jetty-security-9.4.43.v20210629.jar:/usr/bin/../share/java/kafka/kafka-clients-7.0.1-ccs.jar:/usr/bin/../share/java/kafka/confluent-log4j-1.2.17-cp2.jar:/usr/bin/../share/java/kafka/jline-3.12.1.jar:/usr/bin/../share/java/kafka/scala-logging_2.13-3.9.3.jar:/usr/bin/../share/java/kafka/trogdor-7.0.1-ccs.jar:/usr/bin/../share/java/kafka/javax.servlet-api-3.1.0.jar:/usr/bin/../share/java/kafka/jackson-module-jaxb-annotations-2.12.3.jar:/usr/bin/../share/java/kafka/jackson-jaxrs-base-2.12.3.jar:/usr/bin/../share/java/kafka/connect-basic-auth-extension-7.0.1-ccs.jar:/usr/bin/../share/java/kafka/netty-resolver-4.1.68.Final.jar:/usr/bin/../share/java/kafka/jersey-container-servlet-2.34.jar:/usr/bin/../share/java/kafka/netty-codec-4.1.68.Final.jar:/usr/bin/../share/java/kafka/aopalliance-repackaged-2.6.1.jar:/usr/bin/../share/java/kafka/kafka-streams-test-utils-7.0.1-ccs.jar:/usr/bin/../share/java/kafka/paranamer-2.8.jar:/usr/bin/../share/java/kafka/jersey-common-2.34.jar:/usr/bin/../share/java/kafka/jetty-client-9.4.43.v20210629.jar:/usr/bin/../share/java/kafka/kafka-storage-api-7.0.1-ccs.jar:/usr/bin/../share/java/kafka/jackson-module-scala_2.13-2.12.3.jar:/usr/bin/../share/java/kafka/scala-collection-compat_2.13-2.4.4.jar:/usr/bin/../share/java/kafka/snappy-java-1.1.8.1.jar:/usr/bin/../share/java/kafka/netty-transport-native-epoll-4.1.68.Final.jar:/usr/bin/../share/java/kafka/rocksdbjni-6.19.3.jar:/usr/bin/../share/java/kafka/kafka-streams-7.0.1-ccs.jar:/usr/bin/../share/java/kafka/plexus-utils-3.2.1.jar:/usr/bin/../share/java/kafka/netty-transport-native-unix-common-4.1.68.Final.jar:/usr/bin/../share/java/kafka/jackson-annotations-2.12.3.jar:/usr/bin/../share/java/kafka/hk2-locator-2.6.1.jar:/usr/bin/../share/java/kafka/kafka-tools-7.0.1-ccs.jar:/usr/bin/../share/java/kafka/jetty-servlets-9.4.43.v20210629.jar:/usr/bin/../share/java/kafka/kafka-streams-scala_2.13-7.0.1-ccs.jar:/usr/bin/../share/java/kafka/slf4j-log4j12-1.7.30.jar:/usr/bin/../share/java/kafka/commons-lang3-3.8.1.jar:/usr/bin/../share/java/kafka/jopt-simple-5.0.4.jar:/usr/bin/../share/java/kafka/jakarta.inject-2.6.1.jar:/usr/bin/../share/java/kafka/jetty-http-9.4.43.v20210629.jar:/usr/bin/../share/java/kafka/slf4j-api-1.7.30.jar:/usr/bin/../share/java/kafka/zookeeper-jute-3.6.3.jar:/usr/bin/../share/java/kafka/jackson-core-2.12.3.jar:/usr/bin/../share/java/kafka/audience-annotations-0.5.0.jar:/usr/bin/../share/java/kafka/netty-transport-4.1.68.Final.jar:/usr/bin/../share/java/kafka/kafka-storage-7.0.1-ccs.jar:/usr/bin/../share/java/kafka/jakarta.ws.rs-api-2.1.6.jar:/usr/bin/../share/java/kafka/connect-runtime-7.0.1-ccs.jar:/usr/bin/../share/java/kafka/jetty-servlet-9.4.43.v20210629.jar:/usr/bin/../share/java/kafka/connect-mirror-client-7.0.1-ccs.jar:/usr/bin/../share/java/kafka/argparse4j-0.7.0.jar:/usr/bin/../share/java/kafka/zookeeper-3.6.3.jar:/usr/bin/../share/java/kafka/connect-mirror-7.0.1-ccs.jar:/usr/bin/../share/java/confluent-telemetry/* (org.apache.zookeeper.server.ZooKeeperServer)
zookeeper-1  | [2026-02-26 17:33:18,723] INFO Server environment:java.library.path=/usr/java/packages/lib:/usr/lib64:/lib64:/lib:/usr/lib (org.apache.zookeeper.server.ZooKeeperServer)
zookeeper-1  | [2026-02-26 17:33:18,723] INFO Server environment:java.io.tmpdir=/tmp (org.apache.zookeeper.server.ZooKeeperServer)
zookeeper-1  | [2026-02-26 17:33:18,723] INFO Server environment:java.compiler=<NA> (org.apache.zookeeper.server.ZooKeeperServer)
zookeeper-1  | [2026-02-26 17:33:18,723] INFO Server environment:os.name=Linux (org.apache.zookeeper.server.ZooKeeperServer)
zookeeper-1  | [2026-02-26 17:33:18,723] INFO Server environment:os.arch=amd64 (org.apache.zookeeper.server.ZooKeeperServer)
zookeeper-1  | [2026-02-26 17:33:18,723] INFO Server environment:os.version=6.10.14-linuxkit (org.apache.zookeeper.server.ZooKeeperServer)
zookeeper-1  | [2026-02-26 17:33:18,723] INFO Server environment:user.name=appuser (org.apache.zookeeper.server.ZooKeeperServer)
zookeeper-1  | [2026-02-26 17:33:18,723] INFO Server environment:user.home=/home/appuser (org.apache.zookeeper.server.ZooKeeperServer)
zookeeper-1  | [2026-02-26 17:33:18,723] INFO Server environment:user.dir=/home/appuser (org.apache.zookeeper.server.ZooKeeperServer)
zookeeper-1  | [2026-02-26 17:33:18,723] INFO Server environment:os.memory.free=492MB (org.apache.zookeeper.server.ZooKeeperServer)
zookeeper-1  | [2026-02-26 17:33:18,723] INFO Server environment:os.memory.max=512MB (org.apache.zookeeper.server.ZooKeeperServer)
zookeeper-1  | [2026-02-26 17:33:18,723] INFO Server environment:os.memory.total=512MB (org.apache.zookeeper.server.ZooKeeperServer)
zookeeper-1  | [2026-02-26 17:33:18,723] INFO zookeeper.enableEagerACLCheck = false (org.apache.zookeeper.server.ZooKeeperServer)
zookeeper-1  | [2026-02-26 17:33:18,723] INFO zookeeper.digest.enabled = true (org.apache.zookeeper.server.ZooKeeperServer)
zookeeper-1  | [2026-02-26 17:33:18,723] INFO zookeeper.closeSessionTxn.enabled = true (org.apache.zookeeper.server.ZooKeeperServer)
zookeeper-1  | [2026-02-26 17:33:18,723] INFO zookeeper.flushDelay=0 (org.apache.zookeeper.server.ZooKeeperServer)
zookeeper-1  | [2026-02-26 17:33:18,723] INFO zookeeper.maxWriteQueuePollTime=0 (org.apache.zookeeper.server.ZooKeeperServer)
zookeeper-1  | [2026-02-26 17:33:18,723] INFO zookeeper.maxBatchSize=1000 (org.apache.zookeeper.server.ZooKeeperServer)
zookeeper-1  | [2026-02-26 17:33:18,724] INFO zookeeper.intBufferStartingSizeBytes = 1024 (org.apache.zookeeper.server.ZooKeeperServer)
zookeeper-1  | [2026-02-26 17:33:18,725] INFO Weighed connection throttling is disabled (org.apache.zookeeper.server.BlueThrottle)
zookeeper-1  | [2026-02-26 17:33:18,728] INFO minSessionTimeout set to 4000 (org.apache.zookeeper.server.ZooKeeperServer)
zookeeper-1  | [2026-02-26 17:33:18,728] INFO maxSessionTimeout set to 40000 (org.apache.zookeeper.server.ZooKeeperServer)
zookeeper-1  | [2026-02-26 17:33:18,731] INFO Response cache size is initialized with value 400. (org.apache.zookeeper.server.ResponseCache)
zookeeper-1  | [2026-02-26 17:33:18,731] INFO Response cache size is initialized with value 400. (org.apache.zookeeper.server.ResponseCache)
zookeeper-1  | [2026-02-26 17:33:18,733] INFO zookeeper.pathStats.slotCapacity = 60 (org.apache.zookeeper.server.util.RequestPathMetricsCollector)
zookeeper-1  | [2026-02-26 17:33:18,733] INFO zookeeper.pathStats.slotDuration = 15 (org.apache.zookeeper.server.util.RequestPathMetricsCollector)
zookeeper-1  | [2026-02-26 17:33:18,733] INFO zookeeper.pathStats.maxDepth = 6 (org.apache.zookeeper.server.util.RequestPathMetricsCollector)
zookeeper-1  | [2026-02-26 17:33:18,733] INFO zookeeper.pathStats.initialDelay = 5 (org.apache.zookeeper.server.util.RequestPathMetricsCollector)
zookeeper-1  | [2026-02-26 17:33:18,733] INFO zookeeper.pathStats.delay = 5 (org.apache.zookeeper.server.util.RequestPathMetricsCollector)
zookeeper-1  | [2026-02-26 17:33:18,733] INFO zookeeper.pathStats.enabled = false (org.apache.zookeeper.server.util.RequestPathMetricsCollector)
zookeeper-1  | [2026-02-26 17:33:18,736] INFO The max bytes for all large requests are set to 104857600 (org.apache.zookeeper.server.ZooKeeperServer)
zookeeper-1  | [2026-02-26 17:33:18,737] INFO The large request threshold is set to -1 (org.apache.zookeeper.server.ZooKeeperServer)
zookeeper-1  | [2026-02-26 17:33:18,737] INFO Created server with tickTime 2000 minSessionTimeout 4000 maxSessionTimeout 40000 clientPortListenBacklog -1 datadir /var/lib/zookeeper/log/version-2 snapdir /var/lib/zookeeper/data/version-2 (org.apache.zookeeper.server.ZooKeeperServer)
zookeeper-1  | [2026-02-26 17:33:18,763] INFO Logging initialized @1150ms to org.eclipse.jetty.util.log.Slf4jLog (org.eclipse.jetty.util.log)
zookeeper-1  | [2026-02-26 17:33:18,935] WARN o.e.j.s.ServletContextHandler@2584b82d{/,null,STOPPED} contextPath ends with /* (org.eclipse.jetty.server.handler.ContextHandler)
zookeeper-1  | [2026-02-26 17:33:18,935] WARN Empty contextPath (org.eclipse.jetty.server.handler.ContextHandler)
zookeeper-1  | [2026-02-26 17:33:18,974] INFO jetty-9.4.43.v20210629; built: 2021-06-30T11:07:22.254Z; git: 526006ecfa3af7f1a27ef3a288e2bef7ea9dd7e8; jvm 11.0.13+8-LTS (org.eclipse.jetty.server.Server)
zookeeper-1  | [2026-02-26 17:33:19,032] INFO DefaultSessionIdManager workerName=node0 (org.eclipse.jetty.server.session)
zookeeper-1  | [2026-02-26 17:33:19,033] INFO No SessionScavenger set, using defaults (org.eclipse.jetty.server.session)
zookeeper-1  | [2026-02-26 17:33:19,035] INFO node0 Scavenging every 600000ms (org.eclipse.jetty.server.session)
zookeeper-1  | [2026-02-26 17:33:19,040] WARN ServletContext@o.e.j.s.ServletContextHandler@2584b82d{/,null,STARTING} has uncovered http methods for path: /* (org.eclipse.jetty.security.SecurityHandler)
zookeeper-1  | [2026-02-26 17:33:19,050] INFO Started o.e.j.s.ServletContextHandler@2584b82d{/,null,AVAILABLE} (org.eclipse.jetty.server.handler.ContextHandler)
zookeeper-1  | [2026-02-26 17:33:19,075] INFO Started ServerConnector@247310d0{HTTP/1.1, (http/1.1)}{0.0.0.0:8080} (org.eclipse.jetty.server.AbstractConnector)
zookeeper-1  | [2026-02-26 17:33:19,075] INFO Started @1462ms (org.eclipse.jetty.server.Server)
zookeeper-1  | [2026-02-26 17:33:19,075] INFO Started AdminServer on address 0.0.0.0, port 8080 and command URL /commands (org.apache.zookeeper.server.admin.JettyAdminServer)
zookeeper-1  | [2026-02-26 17:33:19,080] INFO Using org.apache.zookeeper.server.NIOServerCnxnFactory as server connection factory (org.apache.zookeeper.server.ServerCnxnFactory)
zookeeper-1  | [2026-02-26 17:33:19,081] WARN maxCnxns is not configured, using default value 0. (org.apache.zookeeper.server.ServerCnxnFactory)
zookeeper-1  | [2026-02-26 17:33:19,082] INFO Configuring NIO connection handler with 10s sessionless connection timeout, 2 selector thread(s), 24 worker threads, and 64 kB direct buffers. (org.apache.zookeeper.server.NIOServerCnxnFactory)
zookeeper-1  | [2026-02-26 17:33:19,084] INFO binding to port 0.0.0.0/0.0.0.0:2181 (org.apache.zookeeper.server.NIOServerCnxnFactory)
zookeeper-1  | [2026-02-26 17:33:19,100] INFO Using org.apache.zookeeper.server.watch.WatchManager as watch manager (org.apache.zookeeper.server.watch.WatchManagerFactory)
zookeeper-1  | [2026-02-26 17:33:19,100] INFO Using org.apache.zookeeper.server.watch.WatchManager as watch manager (org.apache.zookeeper.server.watch.WatchManagerFactory)
zookeeper-1  | [2026-02-26 17:33:19,101] INFO zookeeper.snapshotSizeFactor = 0.33 (org.apache.zookeeper.server.ZKDatabase)
zookeeper-1  | [2026-02-26 17:33:19,102] INFO zookeeper.commitLogCount=500 (org.apache.zookeeper.server.ZKDatabase)
zookeeper-1  | [2026-02-26 17:33:19,117] INFO zookeeper.snapshot.compression.method = CHECKED (org.apache.zookeeper.server.persistence.SnapStream)
zookeeper-1  | [2026-02-26 17:33:19,117] INFO Snapshotting: 0x0 to /var/lib/zookeeper/data/version-2/snapshot.0 (org.apache.zookeeper.server.persistence.FileTxnSnapLog)
zookeeper-1  | [2026-02-26 17:33:19,119] INFO Snapshot loaded in 17 ms, highest zxid is 0x0, digest is 1371985504 (org.apache.zookeeper.server.ZKDatabase)
zookeeper-1  | [2026-02-26 17:33:19,119] INFO Snapshotting: 0x0 to /var/lib/zookeeper/data/version-2/snapshot.0 (org.apache.zookeeper.server.persistence.FileTxnSnapLog)
zookeeper-1  | [2026-02-26 17:33:19,120] INFO Snapshot taken in 1 ms (org.apache.zookeeper.server.ZooKeeperServer)
zookeeper-1  | [2026-02-26 17:33:19,127] INFO PrepRequestProcessor (sid:0) started, reconfigEnabled=false (org.apache.zookeeper.server.PrepRequestProcessor)
zookeeper-1  | [2026-02-26 17:33:19,128] INFO zookeeper.request_throttler.shutdownTimeout = 10000 (org.apache.zookeeper.server.RequestThrottler)
zookeeper-1  | [2026-02-26 17:33:19,149] INFO Using checkIntervalMs=60000 maxPerMinute=10000 maxNeverUsedIntervalMs=0 (org.apache.zookeeper.server.ContainerManager)
zookeeper-1  | [2026-02-26 17:33:19,150] INFO ZooKeeper audit is disabled. (org.apache.zookeeper.audit.ZKAuditProvider)
zookeeper-1  | [2026-02-26 17:33:19,411] INFO Creating new log file: log.1 (org.apache.zookeeper.server.persistence.FileTxnLog)
zookeeper-1  | ===> User
zookeeper-1  | uid=1000(appuser) gid=1000(appuser) groups=1000(appuser)
zookeeper-1  | ===> Configuring ...
zookeeper-1  | ===> Running preflight checks ... 
zookeeper-1  | ===> Check if /var/lib/zookeeper/data is writable ...
zookeeper-1  | ===> Check if /var/lib/zookeeper/log is writable ...
zookeeper-1  | ===> Launching ... 
zookeeper-1  | ===> Launching zookeeper ... 
zookeeper-1  | [2026-02-26 20:16:11,544] INFO Reading configuration from: /etc/kafka/zookeeper.properties (org.apache.zookeeper.server.quorum.QuorumPeerConfig)
zookeeper-1  | [2026-02-26 20:16:11,569] INFO clientPortAddress is 0.0.0.0:2181 (org.apache.zookeeper.server.quorum.QuorumPeerConfig)
zookeeper-1  | [2026-02-26 20:16:11,569] INFO secureClientPort is not set (org.apache.zookeeper.server.quorum.QuorumPeerConfig)
zookeeper-1  | [2026-02-26 20:16:11,569] INFO observerMasterPort is not set (org.apache.zookeeper.server.quorum.QuorumPeerConfig)
zookeeper-1  | [2026-02-26 20:16:11,569] INFO metricsProvider.className is org.apache.zookeeper.metrics.impl.DefaultMetricsProvider (org.apache.zookeeper.server.quorum.QuorumPeerConfig)
zookeeper-1  | [2026-02-26 20:16:11,575] INFO autopurge.snapRetainCount set to 3 (org.apache.zookeeper.server.DatadirCleanupManager)
zookeeper-1  | [2026-02-26 20:16:11,575] INFO autopurge.purgeInterval set to 0 (org.apache.zookeeper.server.DatadirCleanupManager)
zookeeper-1  | [2026-02-26 20:16:11,575] INFO Purge task is not scheduled. (org.apache.zookeeper.server.DatadirCleanupManager)
zookeeper-1  | [2026-02-26 20:16:11,575] WARN Either no config or no quorum defined in config, running in standalone mode (org.apache.zookeeper.server.quorum.QuorumPeerMain)
zookeeper-1  | [2026-02-26 20:16:11,581] INFO Log4j 1.2 jmx support found and enabled. (org.apache.zookeeper.jmx.ManagedUtil)
zookeeper-1  | [2026-02-26 20:16:11,606] INFO Reading configuration from: /etc/kafka/zookeeper.properties (org.apache.zookeeper.server.quorum.QuorumPeerConfig)
zookeeper-1  | [2026-02-26 20:16:11,607] INFO clientPortAddress is 0.0.0.0:2181 (org.apache.zookeeper.server.quorum.QuorumPeerConfig)
zookeeper-1  | [2026-02-26 20:16:11,607] INFO secureClientPort is not set (org.apache.zookeeper.server.quorum.QuorumPeerConfig)
zookeeper-1  | [2026-02-26 20:16:11,607] INFO observerMasterPort is not set (org.apache.zookeeper.server.quorum.QuorumPeerConfig)
zookeeper-1  | [2026-02-26 20:16:11,607] INFO metricsProvider.className is org.apache.zookeeper.metrics.impl.DefaultMetricsProvider (org.apache.zookeeper.server.quorum.QuorumPeerConfig)
zookeeper-1  | [2026-02-26 20:16:11,607] INFO Starting server (org.apache.zookeeper.server.ZooKeeperServerMain)
zookeeper-1  | [2026-02-26 20:16:11,636] INFO ServerMetrics initialized with provider org.apache.zookeeper.metrics.impl.DefaultMetricsProvider@52102734 (org.apache.zookeeper.server.ServerMetrics)
zookeeper-1  | [2026-02-26 20:16:11,643] INFO zookeeper.snapshot.trust.empty : false (org.apache.zookeeper.server.persistence.FileTxnSnapLog)
zookeeper-1  | [2026-02-26 20:16:11,666] INFO  (org.apache.zookeeper.server.ZooKeeperServer)
zookeeper-1  | [2026-02-26 20:16:11,666] INFO   ______                  _                                           (org.apache.zookeeper.server.ZooKeeperServer)
zookeeper-1  | [2026-02-26 20:16:11,666] INFO  |___  /                 | |                                          (org.apache.zookeeper.server.ZooKeeperServer)
zookeeper-1  | [2026-02-26 20:16:11,666] INFO     / /    ___     ___   | | __   ___    ___   _ __     ___   _ __    (org.apache.zookeeper.server.ZooKeeperServer)
zookeeper-1  | [2026-02-26 20:16:11,666] INFO    / /    / _ \   / _ \  | |/ /  / _ \  / _ \ | '_ \   / _ \ | '__| (org.apache.zookeeper.server.ZooKeeperServer)
zookeeper-1  | [2026-02-26 20:16:11,666] INFO   / /__  | (_) | | (_) | |   <  |  __/ |  __/ | |_) | |  __/ | |     (org.apache.zookeeper.server.ZooKeeperServer)
zookeeper-1  | [2026-02-26 20:16:11,666] INFO  /_____|  \___/   \___/  |_|\_\  \___|  \___| | .__/   \___| |_| (org.apache.zookeeper.server.ZooKeeperServer)
zookeeper-1  | [2026-02-26 20:16:11,666] INFO                                               | |                      (org.apache.zookeeper.server.ZooKeeperServer)
zookeeper-1  | [2026-02-26 20:16:11,666] INFO                                               |_|                      (org.apache.zookeeper.server.ZooKeeperServer)
zookeeper-1  | [2026-02-26 20:16:11,666] INFO  (org.apache.zookeeper.server.ZooKeeperServer)
zookeeper-1  | [2026-02-26 20:16:11,669] INFO Server environment:zookeeper.version=3.6.3--6401e4ad2087061bc6b9f80dec2d69f2e3c8660a, built on 04/08/2021 16:35 GMT (org.apache.zookeeper.server.ZooKeeperServer)
zookeeper-1  | [2026-02-26 20:16:11,669] INFO Server environment:host.name=564cd7fa88f9 (org.apache.zookeeper.server.ZooKeeperServer)
zookeeper-1  | [2026-02-26 20:16:11,669] INFO Server environment:java.version=11.0.13 (org.apache.zookeeper.server.ZooKeeperServer)
zookeeper-1  | [2026-02-26 20:16:11,669] INFO Server environment:java.vendor=Azul Systems, Inc. (org.apache.zookeeper.server.ZooKeeperServer)
zookeeper-1  | [2026-02-26 20:16:11,669] INFO Server environment:java.home=/usr/lib/jvm/zulu11-ca (org.apache.zookeeper.server.ZooKeeperServer)
zookeeper-1  | [2026-02-26 20:16:11,669] INFO Server environment:java.class.path=/usr/bin/../share/java/kafka/lz4-java-1.7.1.jar:/usr/bin/../share/java/kafka/jakarta.activation-api-1.2.1.jar:/usr/bin/../share/java/kafka/jackson-datatype-jdk8-2.12.3.jar:/usr/bin/../share/java/kafka/kafka-log4j-appender-7.0.1-ccs.jar:/usr/bin/../share/java/kafka/connect-json-7.0.1-ccs.jar:/usr/bin/../share/java/kafka/hk2-api-2.6.1.jar:/usr/bin/../share/java/kafka/scala-java8-compat_2.13-1.0.0.jar:/usr/bin/../share/java/kafka/zstd-jni-1.5.0-2.jar:/usr/bin/../share/java/kafka/kafka.jar:/usr/bin/../share/java/kafka/metrics-core-2.2.0.jar:/usr/bin/../share/java/kafka/kafka-streams-examples-7.0.1-ccs.jar:/usr/bin/../share/java/kafka/maven-artifact-3.8.1.jar:/usr/bin/../share/java/kafka/javassist-3.27.0-GA.jar:/usr/bin/../share/java/kafka/netty-buffer-4.1.68.Final.jar:/usr/bin/../share/java/kafka/jetty-server-9.4.43.v20210629.jar:/usr/bin/../share/java/kafka/activation-1.1.1.jar:/usr/bin/../share/java/kafka/kafka-metadata-7.0.1-ccs.jar:/usr/bin/../share/java/kafka/jaxb-api-2.3.0.jar:/usr/bin/../share/java/kafka/reflections-0.9.12.jar:/usr/bin/../share/java/kafka/jackson-jaxrs-json-provider-2.12.3.jar:/usr/bin/../share/java/kafka/hk2-utils-2.6.1.jar:/usr/bin/../share/java/kafka/osgi-resource-locator-1.0.3.jar:/usr/bin/../share/java/kafka/kafka-raft-7.0.1-ccs.jar:/usr/bin/../share/java/kafka/jersey-hk2-2.34.jar:/usr/bin/../share/java/kafka/scala-reflect-2.13.6.jar:/usr/bin/../share/java/kafka/jakarta.annotation-api-1.3.5.jar:/usr/bin/../share/java/kafka/jersey-server-2.34.jar:/usr/bin/../share/java/kafka/netty-handler-4.1.68.Final.jar:/usr/bin/../share/java/kafka/jakarta.validation-api-2.0.2.jar:/usr/bin/../share/java/kafka/jackson-databind-2.12.3.jar:/usr/bin/../share/java/kafka/jetty-continuation-9.4.43.v20210629.jar:/usr/bin/../share/java/kafka/kafka_2.13-7.0.1-ccs.jar:/usr/bin/../share/java/kafka/javax.ws.rs-api-2.1.1.jar:/usr/bin/../share/java/kafka/jakarta.xml.bind-api-2.3.2.jar:/usr/bin/../share/java/kafka/jetty-util-9.4.43.v20210629.jar:/usr/bin/../share/java/kafka/netty-common-4.1.68.Final.jar:/usr/bin/../share/java/kafka/jersey-container-servlet-core-2.34.jar:/usr/bin/../share/java/kafka/kafka-server-common-7.0.1-ccs.jar:/usr/bin/../share/java/kafka/metrics-core-4.1.12.1.jar:/usr/bin/../share/java/kafka/scala-library-2.13.6.jar:/usr/bin/../share/java/kafka/connect-transforms-7.0.1-ccs.jar:/usr/bin/../share/java/kafka/jersey-client-2.34.jar:/usr/bin/../share/java/kafka/kafka-shell-7.0.1-ccs.jar:/usr/bin/../share/java/kafka/jetty-util-ajax-9.4.43.v20210629.jar:/usr/bin/../share/java/kafka/connect-api-7.0.1-ccs.jar:/usr/bin/../share/java/kafka/jackson-dataformat-csv-2.12.3.jar:/usr/bin/../share/java/kafka/jetty-io-9.4.43.v20210629.jar:/usr/bin/../share/java/kafka/commons-cli-1.4.jar:/usr/bin/../share/java/kafka/jetty-security-9.4.43.v20210629.jar:/usr/bin/../share/java/kafka/kafka-clients-7.0.1-ccs.jar:/usr/bin/../share/java/kafka/confluent-log4j-1.2.17-cp2.jar:/usr/bin/../share/java/kafka/jline-3.12.1.jar:/usr/bin/../share/java/kafka/scala-logging_2.13-3.9.3.jar:/usr/bin/../share/java/kafka/trogdor-7.0.1-ccs.jar:/usr/bin/../share/java/kafka/javax.servlet-api-3.1.0.jar:/usr/bin/../share/java/kafka/jackson-module-jaxb-annotations-2.12.3.jar:/usr/bin/../share/java/kafka/jackson-jaxrs-base-2.12.3.jar:/usr/bin/../share/java/kafka/connect-basic-auth-extension-7.0.1-ccs.jar:/usr/bin/../share/java/kafka/netty-resolver-4.1.68.Final.jar:/usr/bin/../share/java/kafka/jersey-container-servlet-2.34.jar:/usr/bin/../share/java/kafka/netty-codec-4.1.68.Final.jar:/usr/bin/../share/java/kafka/aopalliance-repackaged-2.6.1.jar:/usr/bin/../share/java/kafka/kafka-streams-test-utils-7.0.1-ccs.jar:/usr/bin/../share/java/kafka/paranamer-2.8.jar:/usr/bin/../share/java/kafka/jersey-common-2.34.jar:/usr/bin/../share/java/kafka/jetty-client-9.4.43.v20210629.jar:/usr/bin/../share/java/kafka/kafka-storage-api-7.0.1-ccs.jar:/usr/bin/../share/java/kafka/jackson-module-scala_2.13-2.12.3.jar:/usr/bin/../share/java/kafka/scala-collection-compat_2.13-2.4.4.jar:/usr/bin/../share/java/kafka/snappy-java-1.1.8.1.jar:/usr/bin/../share/java/kafka/netty-transport-native-epoll-4.1.68.Final.jar:/usr/bin/../share/java/kafka/rocksdbjni-6.19.3.jar:/usr/bin/../share/java/kafka/kafka-streams-7.0.1-ccs.jar:/usr/bin/../share/java/kafka/plexus-utils-3.2.1.jar:/usr/bin/../share/java/kafka/netty-transport-native-unix-common-4.1.68.Final.jar:/usr/bin/../share/java/kafka/jackson-annotations-2.12.3.jar:/usr/bin/../share/java/kafka/hk2-locator-2.6.1.jar:/usr/bin/../share/java/kafka/kafka-tools-7.0.1-ccs.jar:/usr/bin/../share/java/kafka/jetty-servlets-9.4.43.v20210629.jar:/usr/bin/../share/java/kafka/kafka-streams-scala_2.13-7.0.1-ccs.jar:/usr/bin/../share/java/kafka/slf4j-log4j12-1.7.30.jar:/usr/bin/../share/java/kafka/commons-lang3-3.8.1.jar:/usr/bin/../share/java/kafka/jopt-simple-5.0.4.jar:/usr/bin/../share/java/kafka/jakarta.inject-2.6.1.jar:/usr/bin/../share/java/kafka/jetty-http-9.4.43.v20210629.jar:/usr/bin/../share/java/kafka/slf4j-api-1.7.30.jar:/usr/bin/../share/java/kafka/zookeeper-jute-3.6.3.jar:/usr/bin/../share/java/kafka/jackson-core-2.12.3.jar:/usr/bin/../share/java/kafka/audience-annotations-0.5.0.jar:/usr/bin/../share/java/kafka/netty-transport-4.1.68.Final.jar:/usr/bin/../share/java/kafka/kafka-storage-7.0.1-ccs.jar:/usr/bin/../share/java/kafka/jakarta.ws.rs-api-2.1.6.jar:/usr/bin/../share/java/kafka/connect-runtime-7.0.1-ccs.jar:/usr/bin/../share/java/kafka/jetty-servlet-9.4.43.v20210629.jar:/usr/bin/../share/java/kafka/connect-mirror-client-7.0.1-ccs.jar:/usr/bin/../share/java/kafka/argparse4j-0.7.0.jar:/usr/bin/../share/java/kafka/zookeeper-3.6.3.jar:/usr/bin/../share/java/kafka/connect-mirror-7.0.1-ccs.jar:/usr/bin/../share/java/confluent-telemetry/* (org.apache.zookeeper.server.ZooKeeperServer)
zookeeper-1  | [2026-02-26 20:16:11,669] INFO Server environment:java.library.path=/usr/java/packages/lib:/usr/lib64:/lib64:/lib:/usr/lib (org.apache.zookeeper.server.ZooKeeperServer)
zookeeper-1  | [2026-02-26 20:16:11,669] INFO Server environment:java.io.tmpdir=/tmp (org.apache.zookeeper.server.ZooKeeperServer)
zookeeper-1  | [2026-02-26 20:16:11,669] INFO Server environment:java.compiler=<NA> (org.apache.zookeeper.server.ZooKeeperServer)
zookeeper-1  | [2026-02-26 20:16:11,669] INFO Server environment:os.name=Linux (org.apache.zookeeper.server.ZooKeeperServer)
zookeeper-1  | [2026-02-26 20:16:11,669] INFO Server environment:os.arch=amd64 (org.apache.zookeeper.server.ZooKeeperServer)
zookeeper-1  | [2026-02-26 20:16:11,669] INFO Server environment:os.version=6.10.14-linuxkit (org.apache.zookeeper.server.ZooKeeperServer)
zookeeper-1  | [2026-02-26 20:16:11,669] INFO Server environment:user.name=appuser (org.apache.zookeeper.server.ZooKeeperServer)
zookeeper-1  | [2026-02-26 20:16:11,669] INFO Server environment:user.home=/home/appuser (org.apache.zookeeper.server.ZooKeeperServer)
zookeeper-1  | [2026-02-26 20:16:11,669] INFO Server environment:user.dir=/home/appuser (org.apache.zookeeper.server.ZooKeeperServer)
zookeeper-1  | [2026-02-26 20:16:11,669] INFO Server environment:os.memory.free=492MB (org.apache.zookeeper.server.ZooKeeperServer)
zookeeper-1  | [2026-02-26 20:16:11,669] INFO Server environment:os.memory.max=512MB (org.apache.zookeeper.server.ZooKeeperServer)
zookeeper-1  | [2026-02-26 20:16:11,669] INFO Server environment:os.memory.total=512MB (org.apache.zookeeper.server.ZooKeeperServer)
zookeeper-1  | [2026-02-26 20:16:11,670] INFO zookeeper.enableEagerACLCheck = false (org.apache.zookeeper.server.ZooKeeperServer)
zookeeper-1  | [2026-02-26 20:16:11,670] INFO zookeeper.digest.enabled = true (org.apache.zookeeper.server.ZooKeeperServer)
zookeeper-1  | [2026-02-26 20:16:11,670] INFO zookeeper.closeSessionTxn.enabled = true (org.apache.zookeeper.server.ZooKeeperServer)
zookeeper-1  | [2026-02-26 20:16:11,670] INFO zookeeper.flushDelay=0 (org.apache.zookeeper.server.ZooKeeperServer)
zookeeper-1  | [2026-02-26 20:16:11,670] INFO zookeeper.maxWriteQueuePollTime=0 (org.apache.zookeeper.server.ZooKeeperServer)
zookeeper-1  | [2026-02-26 20:16:11,670] INFO zookeeper.maxBatchSize=1000 (org.apache.zookeeper.server.ZooKeeperServer)
zookeeper-1  | [2026-02-26 20:16:11,670] INFO zookeeper.intBufferStartingSizeBytes = 1024 (org.apache.zookeeper.server.ZooKeeperServer)
zookeeper-1  | [2026-02-26 20:16:11,674] INFO Weighed connection throttling is disabled (org.apache.zookeeper.server.BlueThrottle)
zookeeper-1  | [2026-02-26 20:16:11,677] INFO minSessionTimeout set to 4000 (org.apache.zookeeper.server.ZooKeeperServer)
zookeeper-1  | [2026-02-26 20:16:11,677] INFO maxSessionTimeout set to 40000 (org.apache.zookeeper.server.ZooKeeperServer)
zookeeper-1  | [2026-02-26 20:16:11,680] INFO Response cache size is initialized with value 400. (org.apache.zookeeper.server.ResponseCache)
zookeeper-1  | [2026-02-26 20:16:11,680] INFO Response cache size is initialized with value 400. (org.apache.zookeeper.server.ResponseCache)
zookeeper-1  | [2026-02-26 20:16:11,681] INFO zookeeper.pathStats.slotCapacity = 60 (org.apache.zookeeper.server.util.RequestPathMetricsCollector)
zookeeper-1  | [2026-02-26 20:16:11,681] INFO zookeeper.pathStats.slotDuration = 15 (org.apache.zookeeper.server.util.RequestPathMetricsCollector)
zookeeper-1  | [2026-02-26 20:16:11,681] INFO zookeeper.pathStats.maxDepth = 6 (org.apache.zookeeper.server.util.RequestPathMetricsCollector)
zookeeper-1  | [2026-02-26 20:16:11,681] INFO zookeeper.pathStats.initialDelay = 5 (org.apache.zookeeper.server.util.RequestPathMetricsCollector)
zookeeper-1  | [2026-02-26 20:16:11,682] INFO zookeeper.pathStats.delay = 5 (org.apache.zookeeper.server.util.RequestPathMetricsCollector)
zookeeper-1  | [2026-02-26 20:16:11,682] INFO zookeeper.pathStats.enabled = false (org.apache.zookeeper.server.util.RequestPathMetricsCollector)
zookeeper-1  | [2026-02-26 20:16:11,686] INFO The max bytes for all large requests are set to 104857600 (org.apache.zookeeper.server.ZooKeeperServer)
zookeeper-1  | [2026-02-26 20:16:11,687] INFO The large request threshold is set to -1 (org.apache.zookeeper.server.ZooKeeperServer)
zookeeper-1  | [2026-02-26 20:16:11,688] INFO Created server with tickTime 2000 minSessionTimeout 4000 maxSessionTimeout 40000 clientPortListenBacklog -1 datadir /var/lib/zookeeper/log/version-2 snapdir /var/lib/zookeeper/data/version-2 (org.apache.zookeeper.server.ZooKeeperServer)
zookeeper-1  | [2026-02-26 20:16:11,736] INFO Logging initialized @2317ms to org.eclipse.jetty.util.log.Slf4jLog (org.eclipse.jetty.util.log)
zookeeper-1  | [2026-02-26 20:16:12,080] WARN o.e.j.s.ServletContextHandler@7d3e8655{/,null,STOPPED} contextPath ends with /* (org.eclipse.jetty.server.handler.ContextHandler)
zookeeper-1  | [2026-02-26 20:16:12,081] WARN Empty contextPath (org.eclipse.jetty.server.handler.ContextHandler)
zookeeper-1  | [2026-02-26 20:16:12,144] INFO jetty-9.4.43.v20210629; built: 2021-06-30T11:07:22.254Z; git: 526006ecfa3af7f1a27ef3a288e2bef7ea9dd7e8; jvm 11.0.13+8-LTS (org.eclipse.jetty.server.Server)
zookeeper-1  | [2026-02-26 20:16:12,207] INFO DefaultSessionIdManager workerName=node0 (org.eclipse.jetty.server.session)
zookeeper-1  | [2026-02-26 20:16:12,207] INFO No SessionScavenger set, using defaults (org.eclipse.jetty.server.session)
zookeeper-1  | [2026-02-26 20:16:12,211] INFO node0 Scavenging every 600000ms (org.eclipse.jetty.server.session)
zookeeper-1  | [2026-02-26 20:16:12,217] WARN ServletContext@o.e.j.s.ServletContextHandler@7d3e8655{/,null,STARTING} has uncovered http methods for path: /* (org.eclipse.jetty.security.SecurityHandler)
zookeeper-1  | [2026-02-26 20:16:12,230] INFO Started o.e.j.s.ServletContextHandler@7d3e8655{/,null,AVAILABLE} (org.eclipse.jetty.server.handler.ContextHandler)
zookeeper-1  | [2026-02-26 20:16:12,268] INFO Started ServerConnector@76494737{HTTP/1.1, (http/1.1)}{0.0.0.0:8080} (org.eclipse.jetty.server.AbstractConnector)
zookeeper-1  | [2026-02-26 20:16:12,268] INFO Started @2849ms (org.eclipse.jetty.server.Server)
zookeeper-1  | [2026-02-26 20:16:12,268] INFO Started AdminServer on address 0.0.0.0, port 8080 and command URL /commands (org.apache.zookeeper.server.admin.JettyAdminServer)
zookeeper-1  | [2026-02-26 20:16:12,279] INFO Using org.apache.zookeeper.server.NIOServerCnxnFactory as server connection factory (org.apache.zookeeper.server.ServerCnxnFactory)
zookeeper-1  | [2026-02-26 20:16:12,281] WARN maxCnxns is not configured, using default value 0. (org.apache.zookeeper.server.ServerCnxnFactory)
zookeeper-1  | [2026-02-26 20:16:12,283] INFO Configuring NIO connection handler with 10s sessionless connection timeout, 2 selector thread(s), 24 worker threads, and 64 kB direct buffers. (org.apache.zookeeper.server.NIOServerCnxnFactory)
zookeeper-1  | [2026-02-26 20:16:12,284] INFO binding to port 0.0.0.0/0.0.0.0:2181 (org.apache.zookeeper.server.NIOServerCnxnFactory)
zookeeper-1  | [2026-02-26 20:16:12,307] INFO Using org.apache.zookeeper.server.watch.WatchManager as watch manager (org.apache.zookeeper.server.watch.WatchManagerFactory)
zookeeper-1  | [2026-02-26 20:16:12,307] INFO Using org.apache.zookeeper.server.watch.WatchManager as watch manager (org.apache.zookeeper.server.watch.WatchManagerFactory)
zookeeper-1  | [2026-02-26 20:16:12,308] INFO zookeeper.snapshotSizeFactor = 0.33 (org.apache.zookeeper.server.ZKDatabase)
zookeeper-1  | [2026-02-26 20:16:12,309] INFO zookeeper.commitLogCount=500 (org.apache.zookeeper.server.ZKDatabase)
zookeeper-1  | [2026-02-26 20:16:12,318] INFO zookeeper.snapshot.compression.method = CHECKED (org.apache.zookeeper.server.persistence.SnapStream)
zookeeper-1  | [2026-02-26 20:16:12,320] INFO Reading snapshot /var/lib/zookeeper/data/version-2/snapshot.0 (org.apache.zookeeper.server.persistence.FileSnap)
zookeeper-1  | [2026-02-26 20:16:12,327] INFO The digest value is empty in snapshot (org.apache.zookeeper.server.DataTree)
zookeeper-1  | [2026-02-26 20:16:12,384] INFO 141 txns loaded in 51 ms (org.apache.zookeeper.server.persistence.FileTxnSnapLog)
zookeeper-1  | [2026-02-26 20:16:12,384] INFO Snapshot loaded in 75 ms, highest zxid is 0x8d, digest is 309271097735 (org.apache.zookeeper.server.ZKDatabase)
zookeeper-1  | [2026-02-26 20:16:12,385] INFO Snapshotting: 0x8d to /var/lib/zookeeper/data/version-2/snapshot.8d (org.apache.zookeeper.server.persistence.FileTxnSnapLog)
zookeeper-1  | [2026-02-26 20:16:12,394] INFO Snapshot taken in 9 ms (org.apache.zookeeper.server.ZooKeeperServer)
zookeeper-1  | [2026-02-26 20:16:12,405] INFO zookeeper.request_throttler.shutdownTimeout = 10000 (org.apache.zookeeper.server.RequestThrottler)
zookeeper-1  | [2026-02-26 20:16:12,405] INFO PrepRequestProcessor (sid:0) started, reconfigEnabled=false (org.apache.zookeeper.server.PrepRequestProcessor)
zookeeper-1  | [2026-02-26 20:16:12,438] INFO Using checkIntervalMs=60000 maxPerMinute=10000 maxNeverUsedIntervalMs=0 (org.apache.zookeeper.server.ContainerManager)
zookeeper-1  | [2026-02-26 20:16:12,440] INFO ZooKeeper audit is disabled. (org.apache.zookeeper.audit.ZKAuditProvider)
zookeeper-1  | [2026-02-26 20:16:12,809] INFO Creating new log file: log.8e (org.apache.zookeeper.server.persistence.FileTxnLog)
zookeeper-1  | [2026-02-26 20:16:32,364] INFO Expiring session 0x1000003b4ca0001, timeout of 18000ms exceeded (org.apache.zookeeper.server.ZooKeeperServer)
zookeeper-1  | ===> User
zookeeper-1  | uid=1000(appuser) gid=1000(appuser) groups=1000(appuser)
zookeeper-1  | ===> Configuring ...
zookeeper-1  | ===> Running preflight checks ... 
zookeeper-1  | ===> Check if /var/lib/zookeeper/data is writable ...
zookeeper-1  | ===> Check if /var/lib/zookeeper/log is writable ...
zookeeper-1  | ===> Launching ... 
zookeeper-1  | ===> Launching zookeeper ... 
zookeeper-1  | [2026-02-27 08:33:15,536] INFO Reading configuration from: /etc/kafka/zookeeper.properties (org.apache.zookeeper.server.quorum.QuorumPeerConfig)
zookeeper-1  | [2026-02-27 08:33:15,555] INFO clientPortAddress is 0.0.0.0:2181 (org.apache.zookeeper.server.quorum.QuorumPeerConfig)
zookeeper-1  | [2026-02-27 08:33:15,555] INFO secureClientPort is not set (org.apache.zookeeper.server.quorum.QuorumPeerConfig)
zookeeper-1  | [2026-02-27 08:33:15,555] INFO observerMasterPort is not set (org.apache.zookeeper.server.quorum.QuorumPeerConfig)
zookeeper-1  | [2026-02-27 08:33:15,555] INFO metricsProvider.className is org.apache.zookeeper.metrics.impl.DefaultMetricsProvider (org.apache.zookeeper.server.quorum.QuorumPeerConfig)
zookeeper-1  | [2026-02-27 08:33:15,560] INFO autopurge.snapRetainCount set to 3 (org.apache.zookeeper.server.DatadirCleanupManager)
zookeeper-1  | [2026-02-27 08:33:15,560] INFO autopurge.purgeInterval set to 0 (org.apache.zookeeper.server.DatadirCleanupManager)
zookeeper-1  | [2026-02-27 08:33:15,560] INFO Purge task is not scheduled. (org.apache.zookeeper.server.DatadirCleanupManager)
zookeeper-1  | [2026-02-27 08:33:15,560] WARN Either no config or no quorum defined in config, running in standalone mode (org.apache.zookeeper.server.quorum.QuorumPeerMain)
zookeeper-1  | [2026-02-27 08:33:15,563] INFO Log4j 1.2 jmx support found and enabled. (org.apache.zookeeper.jmx.ManagedUtil)
zookeeper-1  | [2026-02-27 08:33:15,579] INFO Reading configuration from: /etc/kafka/zookeeper.properties (org.apache.zookeeper.server.quorum.QuorumPeerConfig)
zookeeper-1  | [2026-02-27 08:33:15,581] INFO clientPortAddress is 0.0.0.0:2181 (org.apache.zookeeper.server.quorum.QuorumPeerConfig)
zookeeper-1  | [2026-02-27 08:33:15,581] INFO secureClientPort is not set (org.apache.zookeeper.server.quorum.QuorumPeerConfig)
zookeeper-1  | [2026-02-27 08:33:15,581] INFO observerMasterPort is not set (org.apache.zookeeper.server.quorum.QuorumPeerConfig)
zookeeper-1  | [2026-02-27 08:33:15,581] INFO metricsProvider.className is org.apache.zookeeper.metrics.impl.DefaultMetricsProvider (org.apache.zookeeper.server.quorum.QuorumPeerConfig)
zookeeper-1  | [2026-02-27 08:33:15,581] INFO Starting server (org.apache.zookeeper.server.ZooKeeperServerMain)
zookeeper-1  | [2026-02-27 08:33:15,609] INFO ServerMetrics initialized with provider org.apache.zookeeper.metrics.impl.DefaultMetricsProvider@52102734 (org.apache.zookeeper.server.ServerMetrics)
zookeeper-1  | [2026-02-27 08:33:15,612] INFO zookeeper.snapshot.trust.empty : false (org.apache.zookeeper.server.persistence.FileTxnSnapLog)
zookeeper-1  | [2026-02-27 08:33:15,629] INFO  (org.apache.zookeeper.server.ZooKeeperServer)
zookeeper-1  | [2026-02-27 08:33:15,629] INFO   ______                  _                                           (org.apache.zookeeper.server.ZooKeeperServer)
zookeeper-1  | [2026-02-27 08:33:15,629] INFO  |___  /                 | |                                          (org.apache.zookeeper.server.ZooKeeperServer)
zookeeper-1  | [2026-02-27 08:33:15,629] INFO     / /    ___     ___   | | __   ___    ___   _ __     ___   _ __    (org.apache.zookeeper.server.ZooKeeperServer)
zookeeper-1  | [2026-02-27 08:33:15,629] INFO    / /    / _ \   / _ \  | |/ /  / _ \  / _ \ | '_ \   / _ \ | '__| (org.apache.zookeeper.server.ZooKeeperServer)
zookeeper-1  | [2026-02-27 08:33:15,629] INFO   / /__  | (_) | | (_) | |   <  |  __/ |  __/ | |_) | |  __/ | |     (org.apache.zookeeper.server.ZooKeeperServer)
zookeeper-1  | [2026-02-27 08:33:15,629] INFO  /_____|  \___/   \___/  |_|\_\  \___|  \___| | .__/   \___| |_| (org.apache.zookeeper.server.ZooKeeperServer)
zookeeper-1  | [2026-02-27 08:33:15,629] INFO                                               | |                      (org.apache.zookeeper.server.ZooKeeperServer)
zookeeper-1  | [2026-02-27 08:33:15,629] INFO                                               |_|                      (org.apache.zookeeper.server.ZooKeeperServer)
zookeeper-1  | [2026-02-27 08:33:15,629] INFO  (org.apache.zookeeper.server.ZooKeeperServer)
zookeeper-1  | [2026-02-27 08:33:15,631] INFO Server environment:zookeeper.version=3.6.3--6401e4ad2087061bc6b9f80dec2d69f2e3c8660a, built on 04/08/2021 16:35 GMT (org.apache.zookeeper.server.ZooKeeperServer)
zookeeper-1  | [2026-02-27 08:33:15,631] INFO Server environment:host.name=564cd7fa88f9 (org.apache.zookeeper.server.ZooKeeperServer)
zookeeper-1  | [2026-02-27 08:33:15,631] INFO Server environment:java.version=11.0.13 (org.apache.zookeeper.server.ZooKeeperServer)
zookeeper-1  | [2026-02-27 08:33:15,631] INFO Server environment:java.vendor=Azul Systems, Inc. (org.apache.zookeeper.server.ZooKeeperServer)
zookeeper-1  | [2026-02-27 08:33:15,631] INFO Server environment:java.home=/usr/lib/jvm/zulu11-ca (org.apache.zookeeper.server.ZooKeeperServer)
zookeeper-1  | [2026-02-27 08:33:15,631] INFO Server environment:java.class.path=/usr/bin/../share/java/kafka/lz4-java-1.7.1.jar:/usr/bin/../share/java/kafka/jakarta.activation-api-1.2.1.jar:/usr/bin/../share/java/kafka/jackson-datatype-jdk8-2.12.3.jar:/usr/bin/../share/java/kafka/kafka-log4j-appender-7.0.1-ccs.jar:/usr/bin/../share/java/kafka/connect-json-7.0.1-ccs.jar:/usr/bin/../share/java/kafka/hk2-api-2.6.1.jar:/usr/bin/../share/java/kafka/scala-java8-compat_2.13-1.0.0.jar:/usr/bin/../share/java/kafka/zstd-jni-1.5.0-2.jar:/usr/bin/../share/java/kafka/kafka.jar:/usr/bin/../share/java/kafka/metrics-core-2.2.0.jar:/usr/bin/../share/java/kafka/kafka-streams-examples-7.0.1-ccs.jar:/usr/bin/../share/java/kafka/maven-artifact-3.8.1.jar:/usr/bin/../share/java/kafka/javassist-3.27.0-GA.jar:/usr/bin/../share/java/kafka/netty-buffer-4.1.68.Final.jar:/usr/bin/../share/java/kafka/jetty-server-9.4.43.v20210629.jar:/usr/bin/../share/java/kafka/activation-1.1.1.jar:/usr/bin/../share/java/kafka/kafka-metadata-7.0.1-ccs.jar:/usr/bin/../share/java/kafka/jaxb-api-2.3.0.jar:/usr/bin/../share/java/kafka/reflections-0.9.12.jar:/usr/bin/../share/java/kafka/jackson-jaxrs-json-provider-2.12.3.jar:/usr/bin/../share/java/kafka/hk2-utils-2.6.1.jar:/usr/bin/../share/java/kafka/osgi-resource-locator-1.0.3.jar:/usr/bin/../share/java/kafka/kafka-raft-7.0.1-ccs.jar:/usr/bin/../share/java/kafka/jersey-hk2-2.34.jar:/usr/bin/../share/java/kafka/scala-reflect-2.13.6.jar:/usr/bin/../share/java/kafka/jakarta.annotation-api-1.3.5.jar:/usr/bin/../share/java/kafka/jersey-server-2.34.jar:/usr/bin/../share/java/kafka/netty-handler-4.1.68.Final.jar:/usr/bin/../share/java/kafka/jakarta.validation-api-2.0.2.jar:/usr/bin/../share/java/kafka/jackson-databind-2.12.3.jar:/usr/bin/../share/java/kafka/jetty-continuation-9.4.43.v20210629.jar:/usr/bin/../share/java/kafka/kafka_2.13-7.0.1-ccs.jar:/usr/bin/../share/java/kafka/javax.ws.rs-api-2.1.1.jar:/usr/bin/../share/java/kafka/jakarta.xml.bind-api-2.3.2.jar:/usr/bin/../share/java/kafka/jetty-util-9.4.43.v20210629.jar:/usr/bin/../share/java/kafka/netty-common-4.1.68.Final.jar:/usr/bin/../share/java/kafka/jersey-container-servlet-core-2.34.jar:/usr/bin/../share/java/kafka/kafka-server-common-7.0.1-ccs.jar:/usr/bin/../share/java/kafka/metrics-core-4.1.12.1.jar:/usr/bin/../share/java/kafka/scala-library-2.13.6.jar:/usr/bin/../share/java/kafka/connect-transforms-7.0.1-ccs.jar:/usr/bin/../share/java/kafka/jersey-client-2.34.jar:/usr/bin/../share/java/kafka/kafka-shell-7.0.1-ccs.jar:/usr/bin/../share/java/kafka/jetty-util-ajax-9.4.43.v20210629.jar:/usr/bin/../share/java/kafka/connect-api-7.0.1-ccs.jar:/usr/bin/../share/java/kafka/jackson-dataformat-csv-2.12.3.jar:/usr/bin/../share/java/kafka/jetty-io-9.4.43.v20210629.jar:/usr/bin/../share/java/kafka/commons-cli-1.4.jar:/usr/bin/../share/java/kafka/jetty-security-9.4.43.v20210629.jar:/usr/bin/../share/java/kafka/kafka-clients-7.0.1-ccs.jar:/usr/bin/../share/java/kafka/confluent-log4j-1.2.17-cp2.jar:/usr/bin/../share/java/kafka/jline-3.12.1.jar:/usr/bin/../share/java/kafka/scala-logging_2.13-3.9.3.jar:/usr/bin/../share/java/kafka/trogdor-7.0.1-ccs.jar:/usr/bin/../share/java/kafka/javax.servlet-api-3.1.0.jar:/usr/bin/../share/java/kafka/jackson-module-jaxb-annotations-2.12.3.jar:/usr/bin/../share/java/kafka/jackson-jaxrs-base-2.12.3.jar:/usr/bin/../share/java/kafka/connect-basic-auth-extension-7.0.1-ccs.jar:/usr/bin/../share/java/kafka/netty-resolver-4.1.68.Final.jar:/usr/bin/../share/java/kafka/jersey-container-servlet-2.34.jar:/usr/bin/../share/java/kafka/netty-codec-4.1.68.Final.jar:/usr/bin/../share/java/kafka/aopalliance-repackaged-2.6.1.jar:/usr/bin/../share/java/kafka/kafka-streams-test-utils-7.0.1-ccs.jar:/usr/bin/../share/java/kafka/paranamer-2.8.jar:/usr/bin/../share/java/kafka/jersey-common-2.34.jar:/usr/bin/../share/java/kafka/jetty-client-9.4.43.v20210629.jar:/usr/bin/../share/java/kafka/kafka-storage-api-7.0.1-ccs.jar:/usr/bin/../share/java/kafka/jackson-module-scala_2.13-2.12.3.jar:/usr/bin/../share/java/kafka/scala-collection-compat_2.13-2.4.4.jar:/usr/bin/../share/java/kafka/snappy-java-1.1.8.1.jar:/usr/bin/../share/java/kafka/netty-transport-native-epoll-4.1.68.Final.jar:/usr/bin/../share/java/kafka/rocksdbjni-6.19.3.jar:/usr/bin/../share/java/kafka/kafka-streams-7.0.1-ccs.jar:/usr/bin/../share/java/kafka/plexus-utils-3.2.1.jar:/usr/bin/../share/java/kafka/netty-transport-native-unix-common-4.1.68.Final.jar:/usr/bin/../share/java/kafka/jackson-annotations-2.12.3.jar:/usr/bin/../share/java/kafka/hk2-locator-2.6.1.jar:/usr/bin/../share/java/kafka/kafka-tools-7.0.1-ccs.jar:/usr/bin/../share/java/kafka/jetty-servlets-9.4.43.v20210629.jar:/usr/bin/../share/java/kafka/kafka-streams-scala_2.13-7.0.1-ccs.jar:/usr/bin/../share/java/kafka/slf4j-log4j12-1.7.30.jar:/usr/bin/../share/java/kafka/commons-lang3-3.8.1.jar:/usr/bin/../share/java/kafka/jopt-simple-5.0.4.jar:/usr/bin/../share/java/kafka/jakarta.inject-2.6.1.jar:/usr/bin/../share/java/kafka/jetty-http-9.4.43.v20210629.jar:/usr/bin/../share/java/kafka/slf4j-api-1.7.30.jar:/usr/bin/../share/java/kafka/zookeeper-jute-3.6.3.jar:/usr/bin/../share/java/kafka/jackson-core-2.12.3.jar:/usr/bin/../share/java/kafka/audience-annotations-0.5.0.jar:/usr/bin/../share/java/kafka/netty-transport-4.1.68.Final.jar:/usr/bin/../share/java/kafka/kafka-storage-7.0.1-ccs.jar:/usr/bin/../share/java/kafka/jakarta.ws.rs-api-2.1.6.jar:/usr/bin/../share/java/kafka/connect-runtime-7.0.1-ccs.jar:/usr/bin/../share/java/kafka/jetty-servlet-9.4.43.v20210629.jar:/usr/bin/../share/java/kafka/connect-mirror-client-7.0.1-ccs.jar:/usr/bin/../share/java/kafka/argparse4j-0.7.0.jar:/usr/bin/../share/java/kafka/zookeeper-3.6.3.jar:/usr/bin/../share/java/kafka/connect-mirror-7.0.1-ccs.jar:/usr/bin/../share/java/confluent-telemetry/* (org.apache.zookeeper.server.ZooKeeperServer)
zookeeper-1  | [2026-02-27 08:33:15,631] INFO Server environment:java.library.path=/usr/java/packages/lib:/usr/lib64:/lib64:/lib:/usr/lib (org.apache.zookeeper.server.ZooKeeperServer)
zookeeper-1  | [2026-02-27 08:33:15,631] INFO Server environment:java.io.tmpdir=/tmp (org.apache.zookeeper.server.ZooKeeperServer)
zookeeper-1  | [2026-02-27 08:33:15,631] INFO Server environment:java.compiler=<NA> (org.apache.zookeeper.server.ZooKeeperServer)
zookeeper-1  | [2026-02-27 08:33:15,631] INFO Server environment:os.name=Linux (org.apache.zookeeper.server.ZooKeeperServer)
zookeeper-1  | [2026-02-27 08:33:15,631] INFO Server environment:os.arch=amd64 (org.apache.zookeeper.server.ZooKeeperServer)
zookeeper-1  | [2026-02-27 08:33:15,631] INFO Server environment:os.version=6.10.14-linuxkit (org.apache.zookeeper.server.ZooKeeperServer)
zookeeper-1  | [2026-02-27 08:33:15,631] INFO Server environment:user.name=appuser (org.apache.zookeeper.server.ZooKeeperServer)
zookeeper-1  | [2026-02-27 08:33:15,631] INFO Server environment:user.home=/home/appuser (org.apache.zookeeper.server.ZooKeeperServer)
zookeeper-1  | [2026-02-27 08:33:15,631] INFO Server environment:user.dir=/home/appuser (org.apache.zookeeper.server.ZooKeeperServer)
zookeeper-1  | [2026-02-27 08:33:15,631] INFO Server environment:os.memory.free=492MB (org.apache.zookeeper.server.ZooKeeperServer)
zookeeper-1  | [2026-02-27 08:33:15,631] INFO Server environment:os.memory.max=512MB (org.apache.zookeeper.server.ZooKeeperServer)
zookeeper-1  | [2026-02-27 08:33:15,631] INFO Server environment:os.memory.total=512MB (org.apache.zookeeper.server.ZooKeeperServer)
zookeeper-1  | [2026-02-27 08:33:15,631] INFO zookeeper.enableEagerACLCheck = false (org.apache.zookeeper.server.ZooKeeperServer)
zookeeper-1  | [2026-02-27 08:33:15,631] INFO zookeeper.digest.enabled = true (org.apache.zookeeper.server.ZooKeeperServer)
zookeeper-1  | [2026-02-27 08:33:15,631] INFO zookeeper.closeSessionTxn.enabled = true (org.apache.zookeeper.server.ZooKeeperServer)
zookeeper-1  | [2026-02-27 08:33:15,631] INFO zookeeper.flushDelay=0 (org.apache.zookeeper.server.ZooKeeperServer)
zookeeper-1  | [2026-02-27 08:33:15,631] INFO zookeeper.maxWriteQueuePollTime=0 (org.apache.zookeeper.server.ZooKeeperServer)
zookeeper-1  | [2026-02-27 08:33:15,631] INFO zookeeper.maxBatchSize=1000 (org.apache.zookeeper.server.ZooKeeperServer)
zookeeper-1  | [2026-02-27 08:33:15,632] INFO zookeeper.intBufferStartingSizeBytes = 1024 (org.apache.zookeeper.server.ZooKeeperServer)
zookeeper-1  | [2026-02-27 08:33:15,633] INFO Weighed connection throttling is disabled (org.apache.zookeeper.server.BlueThrottle)
zookeeper-1  | [2026-02-27 08:33:15,635] INFO minSessionTimeout set to 4000 (org.apache.zookeeper.server.ZooKeeperServer)
zookeeper-1  | [2026-02-27 08:33:15,635] INFO maxSessionTimeout set to 40000 (org.apache.zookeeper.server.ZooKeeperServer)
zookeeper-1  | [2026-02-27 08:33:15,637] INFO Response cache size is initialized with value 400. (org.apache.zookeeper.server.ResponseCache)
zookeeper-1  | [2026-02-27 08:33:15,637] INFO Response cache size is initialized with value 400. (org.apache.zookeeper.server.ResponseCache)
zookeeper-1  | [2026-02-27 08:33:15,638] INFO zookeeper.pathStats.slotCapacity = 60 (org.apache.zookeeper.server.util.RequestPathMetricsCollector)
zookeeper-1  | [2026-02-27 08:33:15,638] INFO zookeeper.pathStats.slotDuration = 15 (org.apache.zookeeper.server.util.RequestPathMetricsCollector)
zookeeper-1  | [2026-02-27 08:33:15,638] INFO zookeeper.pathStats.maxDepth = 6 (org.apache.zookeeper.server.util.RequestPathMetricsCollector)
zookeeper-1  | [2026-02-27 08:33:15,638] INFO zookeeper.pathStats.initialDelay = 5 (org.apache.zookeeper.server.util.RequestPathMetricsCollector)
zookeeper-1  | [2026-02-27 08:33:15,638] INFO zookeeper.pathStats.delay = 5 (org.apache.zookeeper.server.util.RequestPathMetricsCollector)
zookeeper-1  | [2026-02-27 08:33:15,638] INFO zookeeper.pathStats.enabled = false (org.apache.zookeeper.server.util.RequestPathMetricsCollector)
zookeeper-1  | [2026-02-27 08:33:15,641] INFO The max bytes for all large requests are set to 104857600 (org.apache.zookeeper.server.ZooKeeperServer)
zookeeper-1  | [2026-02-27 08:33:15,642] INFO The large request threshold is set to -1 (org.apache.zookeeper.server.ZooKeeperServer)
zookeeper-1  | [2026-02-27 08:33:15,642] INFO Created server with tickTime 2000 minSessionTimeout 4000 maxSessionTimeout 40000 clientPortListenBacklog -1 datadir /var/lib/zookeeper/log/version-2 snapdir /var/lib/zookeeper/data/version-2 (org.apache.zookeeper.server.ZooKeeperServer)
zookeeper-1  | [2026-02-27 08:33:15,675] INFO Logging initialized @1375ms to org.eclipse.jetty.util.log.Slf4jLog (org.eclipse.jetty.util.log)
zookeeper-1  | [2026-02-27 08:33:15,879] WARN o.e.j.s.ServletContextHandler@7d3e8655{/,null,STOPPED} contextPath ends with /* (org.eclipse.jetty.server.handler.ContextHandler)
zookeeper-1  | [2026-02-27 08:33:15,879] WARN Empty contextPath (org.eclipse.jetty.server.handler.ContextHandler)
zookeeper-1  | [2026-02-27 08:33:15,926] INFO jetty-9.4.43.v20210629; built: 2021-06-30T11:07:22.254Z; git: 526006ecfa3af7f1a27ef3a288e2bef7ea9dd7e8; jvm 11.0.13+8-LTS (org.eclipse.jetty.server.Server)
zookeeper-1  | [2026-02-27 08:33:15,986] INFO DefaultSessionIdManager workerName=node0 (org.eclipse.jetty.server.session)
zookeeper-1  | [2026-02-27 08:33:15,987] INFO No SessionScavenger set, using defaults (org.eclipse.jetty.server.session)
zookeeper-1  | [2026-02-27 08:33:16,002] INFO node0 Scavenging every 600000ms (org.eclipse.jetty.server.session)
zookeeper-1  | [2026-02-27 08:33:16,023] WARN ServletContext@o.e.j.s.ServletContextHandler@7d3e8655{/,null,STARTING} has uncovered http methods for path: /* (org.eclipse.jetty.security.SecurityHandler)
zookeeper-1  | [2026-02-27 08:33:16,038] INFO Started o.e.j.s.ServletContextHandler@7d3e8655{/,null,AVAILABLE} (org.eclipse.jetty.server.handler.ContextHandler)
zookeeper-1  | [2026-02-27 08:33:16,071] INFO Started ServerConnector@76494737{HTTP/1.1, (http/1.1)}{0.0.0.0:8080} (org.eclipse.jetty.server.AbstractConnector)
zookeeper-1  | [2026-02-27 08:33:16,072] INFO Started @1772ms (org.eclipse.jetty.server.Server)
zookeeper-1  | [2026-02-27 08:33:16,072] INFO Started AdminServer on address 0.0.0.0, port 8080 and command URL /commands (org.apache.zookeeper.server.admin.JettyAdminServer)
zookeeper-1  | [2026-02-27 08:33:16,080] INFO Using org.apache.zookeeper.server.NIOServerCnxnFactory as server connection factory (org.apache.zookeeper.server.ServerCnxnFactory)
zookeeper-1  | [2026-02-27 08:33:16,081] WARN maxCnxns is not configured, using default value 0. (org.apache.zookeeper.server.ServerCnxnFactory)
zookeeper-1  | [2026-02-27 08:33:16,083] INFO Configuring NIO connection handler with 10s sessionless connection timeout, 2 selector thread(s), 24 worker threads, and 64 kB direct buffers. (org.apache.zookeeper.server.NIOServerCnxnFactory)
zookeeper-1  | [2026-02-27 08:33:16,084] INFO binding to port 0.0.0.0/0.0.0.0:2181 (org.apache.zookeeper.server.NIOServerCnxnFactory)
zookeeper-1  | [2026-02-27 08:33:16,104] INFO Using org.apache.zookeeper.server.watch.WatchManager as watch manager (org.apache.zookeeper.server.watch.WatchManagerFactory)
zookeeper-1  | [2026-02-27 08:33:16,104] INFO Using org.apache.zookeeper.server.watch.WatchManager as watch manager (org.apache.zookeeper.server.watch.WatchManagerFactory)
zookeeper-1  | [2026-02-27 08:33:16,106] INFO zookeeper.snapshotSizeFactor = 0.33 (org.apache.zookeeper.server.ZKDatabase)
zookeeper-1  | [2026-02-27 08:33:16,106] INFO zookeeper.commitLogCount=500 (org.apache.zookeeper.server.ZKDatabase)
zookeeper-1  | [2026-02-27 08:33:16,115] INFO zookeeper.snapshot.compression.method = CHECKED (org.apache.zookeeper.server.persistence.SnapStream)
zookeeper-1  | [2026-02-27 08:33:16,117] INFO Reading snapshot /var/lib/zookeeper/data/version-2/snapshot.8d (org.apache.zookeeper.server.persistence.FileSnap)
zookeeper-1  | [2026-02-27 08:33:16,129] INFO The digest in the snapshot has digest version of 2, , with zxid as 0x8d, and digest value as 309271097735 (org.apache.zookeeper.server.DataTree)
zookeeper-1  | [2026-02-27 08:33:16,156] INFO ZooKeeper audit is disabled. (org.apache.zookeeper.audit.ZKAuditProvider)
zookeeper-1  | [2026-02-27 08:33:16,158] INFO 40 txns loaded in 14 ms (org.apache.zookeeper.server.persistence.FileTxnSnapLog)
zookeeper-1  | [2026-02-27 08:33:16,159] INFO Snapshot loaded in 52 ms, highest zxid is 0xb5, digest is 310203523559 (org.apache.zookeeper.server.ZKDatabase)
zookeeper-1  | [2026-02-27 08:33:16,159] INFO Snapshotting: 0xb5 to /var/lib/zookeeper/data/version-2/snapshot.b5 (org.apache.zookeeper.server.persistence.FileTxnSnapLog)
zookeeper-1  | [2026-02-27 08:33:16,165] INFO Snapshot taken in 6 ms (org.apache.zookeeper.server.ZooKeeperServer)
zookeeper-1  | [2026-02-27 08:33:16,175] INFO zookeeper.request_throttler.shutdownTimeout = 10000 (org.apache.zookeeper.server.RequestThrottler)
zookeeper-1  | [2026-02-27 08:33:16,175] INFO PrepRequestProcessor (sid:0) started, reconfigEnabled=false (org.apache.zookeeper.server.PrepRequestProcessor)
zookeeper-1  | [2026-02-27 08:33:16,208] INFO Using checkIntervalMs=60000 maxPerMinute=10000 maxNeverUsedIntervalMs=0 (org.apache.zookeeper.server.ContainerManager)
zookeeper-1  | [2026-02-27 08:33:17,107] INFO Creating new log file: log.b6 (org.apache.zookeeper.server.persistence.FileTxnLog)
zookeeper-1  | [2026-02-27 08:33:36,084] INFO Expiring session 0x100000140680003, timeout of 18000ms exceeded (org.apache.zookeeper.server.ZooKeeperServer)
zookeeper-1  | [2026-02-27 09:25:31,864] INFO Expiring session 0x1000000db170005, timeout of 18000ms exceeded (org.apache.zookeeper.server.ZooKeeperServer)
zookeeper-1  | [2026-02-27 09:25:35,603] INFO Invalid session 0x1000000db170005 for client /172.18.0.7:46902, probably expired (org.apache.zookeeper.server.ZooKeeperServer)
zookeeper-1  | [2026-02-27 13:41:35,497] INFO Expiring session 0x1000000db170006, timeout of 18000ms exceeded (org.apache.zookeeper.server.ZooKeeperServer)
zookeeper-1  | [2026-02-27 13:41:51,310] INFO Invalid session 0x1000000db170006 for client /172.18.0.7:33048, probably expired (org.apache.zookeeper.server.ZooKeeperServer)
zookeeper-1  | [2026-02-28 03:25:02,374] WARN Unexpected exception (org.apache.zookeeper.server.NIOServerCnxn)
zookeeper-1  | EndOfStreamException: Unable to read additional data from client, it probably closed the socket: address = /172.18.0.7:33058, session = 0x1000000db170007
zookeeper-1  | 	at org.apache.zookeeper.server.NIOServerCnxn.handleFailedRead(NIOServerCnxn.java:163)
zookeeper-1  | 	at org.apache.zookeeper.server.NIOServerCnxn.doIO(NIOServerCnxn.java:326)
zookeeper-1  | 	at org.apache.zookeeper.server.NIOServerCnxnFactory$IOWorkRequest.doWork(NIOServerCnxnFactory.java:522)
zookeeper-1  | 	at org.apache.zookeeper.server.WorkerService$ScheduledWorkRequest.run(WorkerService.java:154)
zookeeper-1  | 	at java.base/java.util.concurrent.ThreadPoolExecutor.runWorker(ThreadPoolExecutor.java:1128)
zookeeper-1  | 	at java.base/java.util.concurrent.ThreadPoolExecutor$Worker.run(ThreadPoolExecutor.java:628)
zookeeper-1  | 	at java.base/java.lang.Thread.run(Thread.java:829)
zookeeper-1  | [2026-02-28 07:29:12,844] INFO Expiring session 0x1000000db170007, timeout of 18000ms exceeded (org.apache.zookeeper.server.ZooKeeperServer)
