The files belonging to this database system will be owned by user "postgres".
This user must also own the server process.

The database cluster will be initialized with locale "en_US.utf8".
The default database encoding has accordingly been set to "UTF8".
The default text search configuration will be set to "english".

Data page checksums are disabled.

fixing permissions on existing directory /var/lib/postgresql/data ... ok
creating subdirectories ... ok
selecting dynamic shared memory implementation ... posix
selecting default max_connections ... 100
selecting default shared_buffers ... 128MB
selecting default time zone ... Etc/UTC
creating configuration files ... ok
running bootstrap script ... ok
performing post-bootstrap initialization ... ok
initdb: warning: enabling "trust" authentication for local connections
You can change this by editing pg_hba.conf or using the option -A, or
--auth-local and --auth-host, the next time you run initdb.
syncing data to disk ... ok


Success. You can now start the database server using:

    pg_ctl -D /var/lib/postgresql/data -l logfile start

waiting for server to start....2026-02-28 13:36:17.473 UTC [48] LOG:  starting PostgreSQL 14.21 (Debian 14.21-1.pgdg13+1) on aarch64-unknown-linux-gnu, compiled by gcc (Debian 14.2.0-19) 14.2.0, 64-bit
2026-02-28 13:36:17.475 UTC [48] LOG:  listening on Unix socket "/var/run/postgresql/.s.PGSQL.5432"
2026-02-28 13:36:17.479 UTC [49] LOG:  database system was shut down at 2026-02-28 13:36:17 UTC
2026-02-28 13:36:17.482 UTC [48] LOG:  database system is ready to accept connections
 done
server started
CREATE DATABASE


/usr/local/bin/docker-entrypoint.sh: running /docker-entrypoint-initdb.d/00-init.sql
CREATE EXTENSION


/usr/local/bin/docker-entrypoint.sh: running /docker-entrypoint-initdb.d/01-seed-products.sql
CREATE TABLE
INSERT 0 8


/usr/local/bin/docker-entrypoint.sh: running /docker-entrypoint-initdb.d/02-seed-orders.sql
CREATE TABLE
CREATE TABLE
INSERT 0 3
INSERT 0 6


/usr/local/bin/docker-entrypoint.sh: running /docker-entrypoint-initdb.d/init-database.sql
DO
psql:/docker-entrypoint-initdb.d/init-database.sql:12: NOTICE:  Role setup done
DO
DO


2026-02-28 13:36:17.870 UTC [48] LOG:  received fast shutdown request
waiting for server to shut down....2026-02-28 13:36:17.871 UTC [48] LOG:  aborting any active transactions
2026-02-28 13:36:17.873 UTC [48] LOG:  background worker "logical replication launcher" (PID 55) exited with exit code 1
2026-02-28 13:36:17.874 UTC [50] LOG:  shutting down
2026-02-28 13:36:17.927 UTC [48] LOG:  database system is shut down
 done
server stopped

PostgreSQL init process complete; ready for start up.

2026-02-28 13:36:17.985 UTC [1] LOG:  starting PostgreSQL 14.21 (Debian 14.21-1.pgdg13+1) on aarch64-unknown-linux-gnu, compiled by gcc (Debian 14.2.0-19) 14.2.0, 64-bit
2026-02-28 13:36:17.985 UTC [1] LOG:  listening on IPv4 address "0.0.0.0", port 5432
2026-02-28 13:36:17.985 UTC [1] LOG:  listening on IPv6 address "::", port 5432
2026-02-28 13:36:17.988 UTC [1] LOG:  listening on Unix socket "/var/run/postgresql/.s.PGSQL.5432"
2026-02-28 13:36:17.991 UTC [71] LOG:  database system was shut down at 2026-02-28 13:36:17 UTC
2026-02-28 13:36:17.994 UTC [1] LOG:  database system is ready to accept connections
2026-02-28 14:17:28.414 UTC [883] LOG:  unexpected EOF on client connection with an open transaction
2026-02-28 14:17:28.414 UTC [806] LOG:  unexpected EOF on client connection with an open transaction
2026-02-28 14:20:43.379 UTC [942] LOG:  unexpected EOF on client connection with an open transaction
2026-02-28 14:43:41.438 UTC [1031] LOG:  unexpected EOF on client connection with an open transaction
2026-02-28 14:59:11.856 UTC [1740] LOG:  unexpected EOF on client connection with an open transaction
2026-02-28 14:59:11.856 UTC [1741] LOG:  unexpected EOF on client connection with an open transaction
2026-02-28 15:01:48.028 UTC [1837] ERROR:  syntax error at or near "\" at character 15
2026-02-28 15:01:48.028 UTC [1837] STATEMENT:  SELECT * FROM \"SequelizeMeta\" ORDER BY 1;
2026-02-28 15:08:57.655 UTC [1] LOG:  received fast shutdown request
2026-02-28 15:08:57.659 UTC [1] LOG:  aborting any active transactions
2026-02-28 15:08:57.660 UTC [1931] FATAL:  terminating connection due to administrator command
2026-02-28 15:08:57.661 UTC [1728] FATAL:  terminating connection due to administrator command
2026-02-28 15:08:57.666 UTC [1792] FATAL:  terminating connection due to administrator command
2026-02-28 15:08:57.671 UTC [1004] FATAL:  terminating connection due to administrator command
2026-02-28 15:08:57.674 UTC [1551] FATAL:  terminating connection due to administrator command
2026-02-28 15:08:57.692 UTC [1439] FATAL:  terminating connection due to administrator command
2026-02-28 15:08:57.694 UTC [1] LOG:  background worker "logical replication launcher" (PID 77) exited with exit code 1
2026-02-28 15:08:57.709 UTC [494] FATAL:  terminating connection due to administrator command
2026-02-28 15:08:57.710 UTC [879] FATAL:  terminating connection due to administrator command
2026-02-28 15:08:57.731 UTC [72] LOG:  shutting down
2026-02-28 15:08:57.817 UTC [1] LOG:  database system is shut down

PostgreSQL Database directory appears to contain a database; Skipping initialization

2026-02-28 15:22:55.715 UTC [1] LOG:  starting PostgreSQL 14.21 (Debian 14.21-1.pgdg13+1) on aarch64-unknown-linux-gnu, compiled by gcc (Debian 14.2.0-19) 14.2.0, 64-bit
2026-02-28 15:22:55.716 UTC [1] LOG:  listening on IPv4 address "0.0.0.0", port 5432
2026-02-28 15:22:55.716 UTC [1] LOG:  listening on IPv6 address "::", port 5432
2026-02-28 15:22:55.719 UTC [1] LOG:  listening on Unix socket "/var/run/postgresql/.s.PGSQL.5432"
2026-02-28 15:22:55.727 UTC [27] LOG:  database system was shut down at 2026-02-28 15:08:57 UTC
2026-02-28 15:22:55.746 UTC [1] LOG:  database system is ready to accept connections
2026-02-28 16:38:51.824 UTC [1] LOG:  received fast shutdown request
2026-02-28 16:38:51.827 UTC [1] LOG:  aborting any active transactions
2026-02-28 16:38:51.832 UTC [1] LOG:  background worker "logical replication launcher" (PID 33) exited with exit code 1
2026-02-28 16:38:51.834 UTC [28] LOG:  shutting down
2026-02-28 16:38:51.848 UTC [1] LOG:  database system is shut down

PostgreSQL Database directory appears to contain a database; Skipping initialization

2026-03-01 07:29:46.463 UTC [1] LOG:  starting PostgreSQL 14.21 (Debian 14.21-1.pgdg13+1) on aarch64-unknown-linux-gnu, compiled by gcc (Debian 14.2.0-19) 14.2.0, 64-bit
2026-03-01 07:29:46.464 UTC [1] LOG:  listening on IPv4 address "0.0.0.0", port 5432
2026-03-01 07:29:46.464 UTC [1] LOG:  listening on IPv6 address "::", port 5432
2026-03-01 07:29:46.471 UTC [1] LOG:  listening on Unix socket "/var/run/postgresql/.s.PGSQL.5432"
2026-03-01 07:29:46.478 UTC [27] LOG:  database system was shut down at 2026-02-28 16:38:51 UTC
2026-03-01 07:29:46.494 UTC [1] LOG:  database system is ready to accept connections
