Running migrations for order-service...

Sequelize CLI [Node: 18.20.8, CLI: 6.6.5, ORM: 6.37.7]

Loaded configuration file "sequelize-config.js".
Using environment "production".
No migrations were executed, database schema was already up to date.
npm notice
npm notice New major version of npm available! 10.8.2 -> 11.11.0
npm notice Changelog: https://github.com/npm/cli/releases/tag/v11.11.0
npm notice To update run: npm install -g npm@11.11.0
npm notice
[dotenv@17.3.1] injecting env (8) from .env -- tip: 🔐 encrypt with Dotenvx: https://dotenvx.com
{"level":"WARN","timestamp":"2026-03-01T07:30:19.043Z","logger":"kafkajs","message":"KafkaJS v2.0.0 switched default partitioner. To retain the same partitioning behavior as in previous versions, create the producer with the option \"createPartitioner: Partitioners.LegacyPartitioner\". See the migration guide at https://kafka.js.org/docs/migration-guide-v2.0.0#producer-new-default-partitioner for details. Silence this warning by setting the environment variable \"KAFKAJS_NO_PARTITIONER_WARNING=1\""}
Executing (default): SELECT table_name FROM information_schema.tables WHERE table_schema = 'public' AND table_name = 'Orders'
Executing (default): SELECT pk.constraint_type as "Constraint",c.column_name as "Field", c.column_default as "Default",c.is_nullable as "Null", (CASE WHEN c.udt_name = 'hstore' THEN c.udt_name ELSE c.data_type END) || (CASE WHEN c.character_maximum_length IS NOT NULL THEN '(' || c.character_maximum_length || ')' ELSE '' END) as "Type", (SELECT array_agg(e.enumlabel) FROM pg_catalog.pg_type t JOIN pg_catalog.pg_enum e ON t.oid=e.enumtypid WHERE t.typname=c.udt_name) AS "special", (SELECT pgd.description FROM pg_catalog.pg_statio_all_tables AS st INNER JOIN pg_catalog.pg_description pgd on (pgd.objoid=st.relid) WHERE c.ordinal_position=pgd.objsubid AND c.table_name=st.relname) AS "Comment" FROM information_schema.columns c LEFT JOIN (SELECT tc.table_schema, tc.table_name, cu.column_name, tc.constraint_type FROM information_schema.TABLE_CONSTRAINTS tc JOIN information_schema.KEY_COLUMN_USAGE  cu ON tc.table_schema=cu.table_schema and tc.table_name=cu.table_name and tc.constraint_name=cu.constraint_name and tc.constraint_type='PRIMARY KEY') pk ON pk.table_schema=c.table_schema AND pk.table_name=c.table_name AND pk.column_name=c.column_name WHERE c.table_name = 'Orders' AND c.table_schema = 'public'
Executing (default): SELECT DISTINCT tc.constraint_name as constraint_name, tc.constraint_schema as constraint_schema, tc.constraint_catalog as constraint_catalog, tc.table_name as table_name,tc.table_schema as table_schema,tc.table_catalog as table_catalog,tc.initially_deferred as initially_deferred,tc.is_deferrable as is_deferrable,kcu.column_name as column_name,ccu.table_schema  AS referenced_table_schema,ccu.table_catalog  AS referenced_table_catalog,ccu.table_name  AS referenced_table_name,ccu.column_name AS referenced_column_name FROM information_schema.table_constraints AS tc JOIN information_schema.key_column_usage AS kcu ON tc.constraint_name = kcu.constraint_name JOIN information_schema.constraint_column_usage AS ccu ON ccu.constraint_name = tc.constraint_name WHERE constraint_type = 'FOREIGN KEY' AND tc.table_name = 'Orders' AND tc.table_catalog = 'orders_db'
Executing (default): ALTER TABLE "Orders" ALTER COLUMN "userId" SET NOT NULL;ALTER TABLE "Orders" ALTER COLUMN "userId" DROP DEFAULT;ALTER TABLE "Orders" ALTER COLUMN "userId" TYPE INTEGER;
Executing (default): ALTER TABLE "Orders" ALTER COLUMN "status" DROP NOT NULL;ALTER TABLE "Orders" ALTER COLUMN "status" SET DEFAULT 'Pending';ALTER TABLE "Orders" ALTER COLUMN "status" TYPE VARCHAR(255);
Executing (default): ALTER TABLE "Orders" ALTER COLUMN "createdAt" SET NOT NULL;ALTER TABLE "Orders" ALTER COLUMN "createdAt" DROP DEFAULT;ALTER TABLE "Orders" ALTER COLUMN "createdAt" TYPE TIMESTAMP WITH TIME ZONE;
Executing (default): ALTER TABLE "Orders" ALTER COLUMN "updatedAt" SET NOT NULL;ALTER TABLE "Orders" ALTER COLUMN "updatedAt" DROP DEFAULT;ALTER TABLE "Orders" ALTER COLUMN "updatedAt" TYPE TIMESTAMP WITH TIME ZONE;
Executing (default): SELECT i.relname AS name, ix.indisprimary AS primary, ix.indisunique AS unique, ix.indkey AS indkey, array_agg(a.attnum) as column_indexes, array_agg(a.attname) AS column_names, pg_get_indexdef(ix.indexrelid) AS definition FROM pg_class t, pg_class i, pg_index ix, pg_attribute a WHERE t.oid = ix.indrelid AND i.oid = ix.indexrelid AND a.attrelid = t.oid AND t.relkind = 'r' and t.relname = 'Orders' GROUP BY i.relname, ix.indexrelid, ix.indisprimary, ix.indisunique, ix.indkey ORDER BY i.relname;
Executing (default): SELECT table_name FROM information_schema.tables WHERE table_schema = 'public' AND table_name = 'OrderItems'
Executing (default): SELECT pk.constraint_type as "Constraint",c.column_name as "Field", c.column_default as "Default",c.is_nullable as "Null", (CASE WHEN c.udt_name = 'hstore' THEN c.udt_name ELSE c.data_type END) || (CASE WHEN c.character_maximum_length IS NOT NULL THEN '(' || c.character_maximum_length || ')' ELSE '' END) as "Type", (SELECT array_agg(e.enumlabel) FROM pg_catalog.pg_type t JOIN pg_catalog.pg_enum e ON t.oid=e.enumtypid WHERE t.typname=c.udt_name) AS "special", (SELECT pgd.description FROM pg_catalog.pg_statio_all_tables AS st INNER JOIN pg_catalog.pg_description pgd on (pgd.objoid=st.relid) WHERE c.ordinal_position=pgd.objsubid AND c.table_name=st.relname) AS "Comment" FROM information_schema.columns c LEFT JOIN (SELECT tc.table_schema, tc.table_name, cu.column_name, tc.constraint_type FROM information_schema.TABLE_CONSTRAINTS tc JOIN information_schema.KEY_COLUMN_USAGE  cu ON tc.table_schema=cu.table_schema and tc.table_name=cu.table_name and tc.constraint_name=cu.constraint_name and tc.constraint_type='PRIMARY KEY') pk ON pk.table_schema=c.table_schema AND pk.table_name=c.table_name AND pk.column_name=c.column_name WHERE c.table_name = 'OrderItems' AND c.table_schema = 'public'
Executing (default): SELECT DISTINCT tc.constraint_name as constraint_name, tc.constraint_schema as constraint_schema, tc.constraint_catalog as constraint_catalog, tc.table_name as table_name,tc.table_schema as table_schema,tc.table_catalog as table_catalog,tc.initially_deferred as initially_deferred,tc.is_deferrable as is_deferrable,kcu.column_name as column_name,ccu.table_schema  AS referenced_table_schema,ccu.table_catalog  AS referenced_table_catalog,ccu.table_name  AS referenced_table_name,ccu.column_name AS referenced_column_name FROM information_schema.table_constraints AS tc JOIN information_schema.key_column_usage AS kcu ON tc.constraint_name = kcu.constraint_name JOIN information_schema.constraint_column_usage AS ccu ON ccu.constraint_name = tc.constraint_name WHERE constraint_type = 'FOREIGN KEY' AND tc.table_name = 'OrderItems' AND tc.table_catalog = 'orders_db'
Executing (default): ALTER TABLE "OrderItems" DROP CONSTRAINT "OrderItems_OrderId_fkey"
Executing (default): ALTER TABLE "OrderItems"  ADD FOREIGN KEY ("OrderId") REFERENCES "Orders" ("id") ON DELETE SET NULL ON UPDATE CASCADE;
Executing (default): ALTER TABLE "OrderItems" ALTER COLUMN "productId" SET NOT NULL;ALTER TABLE "OrderItems" ALTER COLUMN "productId" DROP DEFAULT;ALTER TABLE "OrderItems" ALTER COLUMN "productId" TYPE INTEGER;
Executing (default): ALTER TABLE "OrderItems" ALTER COLUMN "quantity" SET NOT NULL;ALTER TABLE "OrderItems" ALTER COLUMN "quantity" DROP DEFAULT;ALTER TABLE "OrderItems" ALTER COLUMN "quantity" TYPE INTEGER;
Executing (default): ALTER TABLE "OrderItems" ALTER COLUMN "createdAt" SET NOT NULL;ALTER TABLE "OrderItems" ALTER COLUMN "createdAt" DROP DEFAULT;ALTER TABLE "OrderItems" ALTER COLUMN "createdAt" TYPE TIMESTAMP WITH TIME ZONE;
Executing (default): ALTER TABLE "OrderItems" ALTER COLUMN "updatedAt" SET NOT NULL;ALTER TABLE "OrderItems" ALTER COLUMN "updatedAt" DROP DEFAULT;ALTER TABLE "OrderItems" ALTER COLUMN "updatedAt" TYPE TIMESTAMP WITH TIME ZONE;
Executing (default): SELECT i.relname AS name, ix.indisprimary AS primary, ix.indisunique AS unique, ix.indkey AS indkey, array_agg(a.attnum) as column_indexes, array_agg(a.attname) AS column_names, pg_get_indexdef(ix.indexrelid) AS definition FROM pg_class t, pg_class i, pg_index ix, pg_attribute a WHERE t.oid = ix.indrelid AND i.oid = ix.indexrelid AND a.attrelid = t.oid AND t.relkind = 'r' and t.relname = 'OrderItems' GROUP BY i.relname, ix.indexrelid, ix.indisprimary, ix.indisunique, ix.indkey ORDER BY i.relname;
Executing (default): SELECT table_name FROM information_schema.tables WHERE table_schema = 'public' AND table_name = 'ProcessedEvents'
Executing (default): SELECT pk.constraint_type as "Constraint",c.column_name as "Field", c.column_default as "Default",c.is_nullable as "Null", (CASE WHEN c.udt_name = 'hstore' THEN c.udt_name ELSE c.data_type END) || (CASE WHEN c.character_maximum_length IS NOT NULL THEN '(' || c.character_maximum_length || ')' ELSE '' END) as "Type", (SELECT array_agg(e.enumlabel) FROM pg_catalog.pg_type t JOIN pg_catalog.pg_enum e ON t.oid=e.enumtypid WHERE t.typname=c.udt_name) AS "special", (SELECT pgd.description FROM pg_catalog.pg_statio_all_tables AS st INNER JOIN pg_catalog.pg_description pgd on (pgd.objoid=st.relid) WHERE c.ordinal_position=pgd.objsubid AND c.table_name=st.relname) AS "Comment" FROM information_schema.columns c LEFT JOIN (SELECT tc.table_schema, tc.table_name, cu.column_name, tc.constraint_type FROM information_schema.TABLE_CONSTRAINTS tc JOIN information_schema.KEY_COLUMN_USAGE  cu ON tc.table_schema=cu.table_schema and tc.table_name=cu.table_name and tc.constraint_name=cu.constraint_name and tc.constraint_type='PRIMARY KEY') pk ON pk.table_schema=c.table_schema AND pk.table_name=c.table_name AND pk.column_name=c.column_name WHERE c.table_name = 'ProcessedEvents' AND c.table_schema = 'public'
Executing (default): SELECT DISTINCT tc.constraint_name as constraint_name, tc.constraint_schema as constraint_schema, tc.constraint_catalog as constraint_catalog, tc.table_name as table_name,tc.table_schema as table_schema,tc.table_catalog as table_catalog,tc.initially_deferred as initially_deferred,tc.is_deferrable as is_deferrable,kcu.column_name as column_name,ccu.table_schema  AS referenced_table_schema,ccu.table_catalog  AS referenced_table_catalog,ccu.table_name  AS referenced_table_name,ccu.column_name AS referenced_column_name FROM information_schema.table_constraints AS tc JOIN information_schema.key_column_usage AS kcu ON tc.constraint_name = kcu.constraint_name JOIN information_schema.constraint_column_usage AS ccu ON ccu.constraint_name = tc.constraint_name WHERE constraint_type = 'FOREIGN KEY' AND tc.table_name = 'ProcessedEvents' AND tc.table_catalog = 'orders_db'
Executing (default): ALTER TABLE "ProcessedEvents" ALTER COLUMN "eventType" SET NOT NULL;ALTER TABLE "ProcessedEvents" ALTER COLUMN "eventType" DROP DEFAULT;ALTER TABLE "ProcessedEvents" ALTER COLUMN "eventType" TYPE VARCHAR(255);
Executing (default): ALTER TABLE "ProcessedEvents" ALTER COLUMN "processedAt" SET NOT NULL;ALTER TABLE "ProcessedEvents" ALTER COLUMN "processedAt" DROP DEFAULT;ALTER TABLE "ProcessedEvents" ALTER COLUMN "processedAt" TYPE TIMESTAMP WITH TIME ZONE;
Executing (default): ALTER TABLE "ProcessedEvents" ALTER COLUMN "createdAt" SET NOT NULL;ALTER TABLE "ProcessedEvents" ALTER COLUMN "createdAt" DROP DEFAULT;ALTER TABLE "ProcessedEvents" ALTER COLUMN "createdAt" TYPE TIMESTAMP WITH TIME ZONE;
Executing (default): ALTER TABLE "ProcessedEvents" ALTER COLUMN "updatedAt" SET NOT NULL;ALTER TABLE "ProcessedEvents" ALTER COLUMN "updatedAt" DROP DEFAULT;ALTER TABLE "ProcessedEvents" ALTER COLUMN "updatedAt" TYPE TIMESTAMP WITH TIME ZONE;
Executing (default): SELECT i.relname AS name, ix.indisprimary AS primary, ix.indisunique AS unique, ix.indkey AS indkey, array_agg(a.attnum) as column_indexes, array_agg(a.attname) AS column_names, pg_get_indexdef(ix.indexrelid) AS definition FROM pg_class t, pg_class i, pg_index ix, pg_attribute a WHERE t.oid = ix.indrelid AND i.oid = ix.indexrelid AND a.attrelid = t.oid AND t.relkind = 'r' and t.relname = 'ProcessedEvents' GROUP BY i.relname, ix.indexrelid, ix.indisprimary, ix.indisunique, ix.indkey ORDER BY i.relname;
Executing (default): SELECT table_name FROM information_schema.tables WHERE table_schema = 'public' AND table_name = 'DeadLetterEvents'
Executing (default): SELECT pk.constraint_type as "Constraint",c.column_name as "Field", c.column_default as "Default",c.is_nullable as "Null", (CASE WHEN c.udt_name = 'hstore' THEN c.udt_name ELSE c.data_type END) || (CASE WHEN c.character_maximum_length IS NOT NULL THEN '(' || c.character_maximum_length || ')' ELSE '' END) as "Type", (SELECT array_agg(e.enumlabel) FROM pg_catalog.pg_type t JOIN pg_catalog.pg_enum e ON t.oid=e.enumtypid WHERE t.typname=c.udt_name) AS "special", (SELECT pgd.description FROM pg_catalog.pg_statio_all_tables AS st INNER JOIN pg_catalog.pg_description pgd on (pgd.objoid=st.relid) WHERE c.ordinal_position=pgd.objsubid AND c.table_name=st.relname) AS "Comment" FROM information_schema.columns c LEFT JOIN (SELECT tc.table_schema, tc.table_name, cu.column_name, tc.constraint_type FROM information_schema.TABLE_CONSTRAINTS tc JOIN information_schema.KEY_COLUMN_USAGE  cu ON tc.table_schema=cu.table_schema and tc.table_name=cu.table_name and tc.constraint_name=cu.constraint_name and tc.constraint_type='PRIMARY KEY') pk ON pk.table_schema=c.table_schema AND pk.table_name=c.table_name AND pk.column_name=c.column_name WHERE c.table_name = 'DeadLetterEvents' AND c.table_schema = 'public'
Executing (default): SELECT DISTINCT tc.constraint_name as constraint_name, tc.constraint_schema as constraint_schema, tc.constraint_catalog as constraint_catalog, tc.table_name as table_name,tc.table_schema as table_schema,tc.table_catalog as table_catalog,tc.initially_deferred as initially_deferred,tc.is_deferrable as is_deferrable,kcu.column_name as column_name,ccu.table_schema  AS referenced_table_schema,ccu.table_catalog  AS referenced_table_catalog,ccu.table_name  AS referenced_table_name,ccu.column_name AS referenced_column_name FROM information_schema.table_constraints AS tc JOIN information_schema.key_column_usage AS kcu ON tc.constraint_name = kcu.constraint_name JOIN information_schema.constraint_column_usage AS ccu ON ccu.constraint_name = tc.constraint_name WHERE constraint_type = 'FOREIGN KEY' AND tc.table_name = 'DeadLetterEvents' AND tc.table_catalog = 'orders_db'
Executing (default): ALTER TABLE "DeadLetterEvents" ALTER COLUMN "eventType" DROP NOT NULL;ALTER TABLE "DeadLetterEvents" ALTER COLUMN "eventType" DROP DEFAULT;ALTER TABLE "DeadLetterEvents" ALTER COLUMN "eventType" TYPE VARCHAR(255);
Executing (default): ALTER TABLE "DeadLetterEvents" ALTER COLUMN "payload" DROP NOT NULL;ALTER TABLE "DeadLetterEvents" ALTER COLUMN "payload" DROP DEFAULT;ALTER TABLE "DeadLetterEvents" ALTER COLUMN "payload" TYPE JSON;
Executing (default): ALTER TABLE "DeadLetterEvents" ALTER COLUMN "errorMessage" DROP NOT NULL;ALTER TABLE "DeadLetterEvents" ALTER COLUMN "errorMessage" DROP DEFAULT;ALTER TABLE "DeadLetterEvents" ALTER COLUMN "errorMessage" TYPE TEXT;
Executing (default): ALTER TABLE "DeadLetterEvents" ALTER COLUMN "createdAt" DROP NOT NULL;ALTER TABLE "DeadLetterEvents" ALTER COLUMN "createdAt" DROP DEFAULT;ALTER TABLE "DeadLetterEvents" ALTER COLUMN "createdAt" TYPE TIMESTAMP WITH TIME ZONE;
Executing (default): ALTER TABLE "DeadLetterEvents" ALTER COLUMN "updatedAt" SET NOT NULL;ALTER TABLE "DeadLetterEvents" ALTER COLUMN "updatedAt" DROP DEFAULT;ALTER TABLE "DeadLetterEvents" ALTER COLUMN "updatedAt" TYPE TIMESTAMP WITH TIME ZONE;
Executing (default): SELECT i.relname AS name, ix.indisprimary AS primary, ix.indisunique AS unique, ix.indkey AS indkey, array_agg(a.attnum) as column_indexes, array_agg(a.attname) AS column_names, pg_get_indexdef(ix.indexrelid) AS definition FROM pg_class t, pg_class i, pg_index ix, pg_attribute a WHERE t.oid = ix.indrelid AND i.oid = ix.indexrelid AND a.attrelid = t.oid AND t.relkind = 'r' and t.relname = 'DeadLetterEvents' GROUP BY i.relname, ix.indexrelid, ix.indisprimary, ix.indisunique, ix.indkey ORDER BY i.relname;
{"level":"info","message":"Kafka producer connected","timestamp":"2026-03-01T07:30:19.143Z"}
Server is running on port 3001
{"level":"INFO","timestamp":"2026-03-01T07:30:19.213Z","logger":"kafkajs","message":"[Consumer] Starting","groupId":"order-service-group"}
{"level":"info","message":"Health check requested","timestamp":"2026-03-01T07:30:22.607Z"}
{"level":"info","message":"::1 - - [01/Mar/2026:07:30:22 +0000] \"GET /health HTTP/1.1\" 200 15 \"-\" \"-\"","timestamp":"2026-03-01T07:30:22.612Z"}
{"level":"info","message":"::ffff:172.18.0.2 - - [01/Mar/2026:07:30:23 +0000] \"GET /metrics HTTP/1.1\" 200 - \"-\" \"Prometheus/3.7.1\"","timestamp":"2026-03-01T07:30:23.129Z"}
{"level":"info","message":"Health check requested","timestamp":"2026-03-01T07:30:32.704Z"}
{"level":"info","message":"::1 - - [01/Mar/2026:07:30:32 +0000] \"GET /health HTTP/1.1\" 200 15 \"-\" \"-\"","timestamp":"2026-03-01T07:30:32.705Z"}
{"level":"info","message":"::ffff:172.18.0.2 - - [01/Mar/2026:07:30:38 +0000] \"GET /metrics HTTP/1.1\" 200 - \"-\" \"Prometheus/3.7.1\"","timestamp":"2026-03-01T07:30:38.132Z"}
{"level":"info","message":"Health check requested","timestamp":"2026-03-01T07:30:42.789Z"}
{"level":"info","message":"::1 - - [01/Mar/2026:07:30:42 +0000] \"GET /health HTTP/1.1\" 200 15 \"-\" \"-\"","timestamp":"2026-03-01T07:30:42.790Z"}
{"level":"INFO","timestamp":"2026-03-01T07:30:47.225Z","logger":"kafkajs","message":"[ConsumerGroup] Consumer has joined the group","groupId":"order-service-group","memberId":"kafkajs-197c49e6-2627-43e6-a2a6-3d286d40a7d1","leaderId":"kafkajs-197c49e6-2627-43e6-a2a6-3d286d40a7d1","isLeader":true,"memberAssignment":{"order-events":[0]},"groupProtocol":"RoundRobinAssigner","duration":28011}
{"level":"info","message":"Kafka consumer started","timestamp":"2026-03-01T07:30:47.226Z"}
{"level":"info","message":"Health check requested","timestamp":"2026-03-01T07:30:52.886Z"}
{"level":"info","message":"::1 - - [01/Mar/2026:07:30:52 +0000] \"GET /health HTTP/1.1\" 200 15 \"-\" \"-\"","timestamp":"2026-03-01T07:30:52.887Z"}
{"level":"info","message":"::ffff:172.18.0.2 - - [01/Mar/2026:07:30:53 +0000] \"GET /metrics HTTP/1.1\" 200 - \"-\" \"Prometheus/3.7.1\"","timestamp":"2026-03-01T07:30:53.117Z"}
{"level":"info","message":"Health check requested","timestamp":"2026-03-01T07:31:03.054Z"}
{"level":"info","message":"::1 - - [01/Mar/2026:07:31:03 +0000] \"GET /health HTTP/1.1\" 200 15 \"-\" \"-\"","timestamp":"2026-03-01T07:31:03.059Z"}
{"level":"info","message":"::ffff:172.18.0.2 - - [01/Mar/2026:07:31:08 +0000] \"GET /metrics HTTP/1.1\" 200 - \"-\" \"Prometheus/3.7.1\"","timestamp":"2026-03-01T07:31:08.117Z"}
{"level":"info","message":"Health check requested","timestamp":"2026-03-01T07:31:13.169Z"}
{"level":"info","message":"::1 - - [01/Mar/2026:07:31:13 +0000] \"GET /health HTTP/1.1\" 200 15 \"-\" \"-\"","timestamp":"2026-03-01T07:31:13.170Z"}
