The files belonging to this database system will be owned by user "postgres".
This user must also own the server process.

The database cluster will be initialized with locale "en_US.utf8".
The default database encoding has accordingly been set to "UTF8".
The default text search configuration will be set to "english".

Data page checksums are disabled.

fixing permissions on existing directory /var/lib/postgresql/data ... ok
creating subdirectories ... ok
selecting dynamic shared memory implementation ... posix
selecting default max_connections ... 100
selecting default shared_buffers ... 128MB
selecting default time zone ... Etc/UTC
creating configuration files ... ok
running bootstrap script ... ok
performing post-bootstrap initialization ... ok
initdb: warning: enabling "trust" authentication for local connections
You can change this by editing pg_hba.conf or using the option -A, or
--auth-local and --auth-host, the next time you run initdb.
syncing data to disk ... ok


Success. You can now start the database server using:

    pg_ctl -D /var/lib/postgresql/data -l logfile start

waiting for server to start....2026-02-28 13:36:17.468 UTC [46] LOG:  starting PostgreSQL 14.21 (Debian 14.21-1.pgdg13+1) on aarch64-unknown-linux-gnu, compiled by gcc (Debian 14.2.0-19) 14.2.0, 64-bit
2026-02-28 13:36:17.470 UTC [46] LOG:  listening on Unix socket "/var/run/postgresql/.s.PGSQL.5432"
2026-02-28 13:36:17.476 UTC [47] LOG:  database system was shut down at 2026-02-28 13:36:17 UTC
2026-02-28 13:36:17.479 UTC [46] LOG:  database system is ready to accept connections
 done
server started
CREATE DATABASE


/usr/local/bin/docker-entrypoint.sh: running /docker-entrypoint-initdb.d/00-init.sql
CREATE EXTENSION


/usr/local/bin/docker-entrypoint.sh: running /docker-entrypoint-initdb.d/01-seed-products.sql
CREATE TABLE
INSERT 0 8


/usr/local/bin/docker-entrypoint.sh: running /docker-entrypoint-initdb.d/02-seed-orders.sql
CREATE TABLE
CREATE TABLE
INSERT 0 3
INSERT 0 6


/usr/local/bin/docker-entrypoint.sh: running /docker-entrypoint-initdb.d/init-database.sql
DO
psql:/docker-entrypoint-initdb.d/init-database.sql:12: NOTICE:  Role setup done
DO
DO


waiting for server to shut down....2026-02-28 13:36:17.871 UTC [46] LOG:  received fast shutdown request
2026-02-28 13:36:17.872 UTC [46] LOG:  aborting any active transactions
2026-02-28 13:36:17.874 UTC [46] LOG:  background worker "logical replication launcher" (PID 53) exited with exit code 1
2026-02-28 13:36:17.874 UTC [48] LOG:  shutting down
2026-02-28 13:36:17.933 UTC [46] LOG:  database system is shut down
 done
server stopped

PostgreSQL init process complete; ready for start up.

2026-02-28 13:36:17.985 UTC [1] LOG:  starting PostgreSQL 14.21 (Debian 14.21-1.pgdg13+1) on aarch64-unknown-linux-gnu, compiled by gcc (Debian 14.2.0-19) 14.2.0, 64-bit
2026-02-28 13:36:17.985 UTC [1] LOG:  listening on IPv4 address "0.0.0.0", port 5432
2026-02-28 13:36:17.985 UTC [1] LOG:  listening on IPv6 address "::", port 5432
2026-02-28 13:36:17.987 UTC [1] LOG:  listening on Unix socket "/var/run/postgresql/.s.PGSQL.5432"
2026-02-28 13:36:17.990 UTC [69] LOG:  database system was shut down at 2026-02-28 13:36:17 UTC
2026-02-28 13:36:17.993 UTC [1] LOG:  database system is ready to accept connections
2026-02-28 13:41:32.488 UTC [175] ERROR:  relation "stock_reservations" does not exist at character 674
2026-02-28 13:41:32.488 UTC [175] STATEMENT:  SELECT "StockReservation"."id", "StockReservation"."order_id" AS "orderId", "StockReservation"."product_id" AS "productId", "StockReservation"."quantity", "StockReservation"."status", "StockReservation"."expires_at" AS "expiresAt", "StockReservation"."created_at" AS "createdAt", "StockReservation"."updated_at" AS "updatedAt", "StockReservation"."product_id" AS "ProductId", "Product"."id" AS "Product.id", "Product"."name" AS "Product.name", "Product"."price" AS "Product.price", "Product"."stock" AS "Product.stock", "Product"."reserved_stock" AS "Product.reservedStock", "Product"."created_at" AS "Product.createdAt", "Product"."updated_at" AS "Product.updatedAt" FROM "stock_reservations" AS "StockReservation" LEFT OUTER JOIN "products" AS "Product" ON "StockReservation"."product_id" = "Product"."id" WHERE "StockReservation"."status" = 'RESERVED' AND "StockReservation"."expires_at" < '2026-02-28 13:41:32.447 +00:00';
2026-02-28 13:46:32.466 UTC [265] ERROR:  relation "stock_reservations" does not exist at character 674
2026-02-28 13:46:32.466 UTC [265] STATEMENT:  SELECT "StockReservation"."id", "StockReservation"."order_id" AS "orderId", "StockReservation"."product_id" AS "productId", "StockReservation"."quantity", "StockReservation"."status", "StockReservation"."expires_at" AS "expiresAt", "StockReservation"."created_at" AS "createdAt", "StockReservation"."updated_at" AS "updatedAt", "StockReservation"."product_id" AS "ProductId", "Product"."id" AS "Product.id", "Product"."name" AS "Product.name", "Product"."price" AS "Product.price", "Product"."stock" AS "Product.stock", "Product"."reserved_stock" AS "Product.reservedStock", "Product"."created_at" AS "Product.createdAt", "Product"."updated_at" AS "Product.updatedAt" FROM "stock_reservations" AS "StockReservation" LEFT OUTER JOIN "products" AS "Product" ON "StockReservation"."product_id" = "Product"."id" WHERE "StockReservation"."status" = 'RESERVED' AND "StockReservation"."expires_at" < '2026-02-28 13:46:32.445 +00:00';
2026-02-28 13:51:32.476 UTC [355] ERROR:  relation "stock_reservations" does not exist at character 674
2026-02-28 13:51:32.476 UTC [355] STATEMENT:  SELECT "StockReservation"."id", "StockReservation"."order_id" AS "orderId", "StockReservation"."product_id" AS "productId", "StockReservation"."quantity", "StockReservation"."status", "StockReservation"."expires_at" AS "expiresAt", "StockReservation"."created_at" AS "createdAt", "StockReservation"."updated_at" AS "updatedAt", "StockReservation"."product_id" AS "ProductId", "Product"."id" AS "Product.id", "Product"."name" AS "Product.name", "Product"."price" AS "Product.price", "Product"."stock" AS "Product.stock", "Product"."reserved_stock" AS "Product.reservedStock", "Product"."created_at" AS "Product.createdAt", "Product"."updated_at" AS "Product.updatedAt" FROM "stock_reservations" AS "StockReservation" LEFT OUTER JOIN "products" AS "Product" ON "StockReservation"."product_id" = "Product"."id" WHERE "StockReservation"."status" = 'RESERVED' AND "StockReservation"."expires_at" < '2026-02-28 13:51:32.447 +00:00';
2026-02-28 13:56:32.468 UTC [446] ERROR:  relation "stock_reservations" does not exist at character 674
2026-02-28 13:56:32.468 UTC [446] STATEMENT:  SELECT "StockReservation"."id", "StockReservation"."order_id" AS "orderId", "StockReservation"."product_id" AS "productId", "StockReservation"."quantity", "StockReservation"."status", "StockReservation"."expires_at" AS "expiresAt", "StockReservation"."created_at" AS "createdAt", "StockReservation"."updated_at" AS "updatedAt", "StockReservation"."product_id" AS "ProductId", "Product"."id" AS "Product.id", "Product"."name" AS "Product.name", "Product"."price" AS "Product.price", "Product"."stock" AS "Product.stock", "Product"."reserved_stock" AS "Product.reservedStock", "Product"."created_at" AS "Product.createdAt", "Product"."updated_at" AS "Product.updatedAt" FROM "stock_reservations" AS "StockReservation" LEFT OUTER JOIN "products" AS "Product" ON "StockReservation"."product_id" = "Product"."id" WHERE "StockReservation"."status" = 'RESERVED' AND "StockReservation"."expires_at" < '2026-02-28 13:56:32.446 +00:00';
2026-02-28 14:01:32.468 UTC [537] ERROR:  relation "stock_reservations" does not exist at character 674
2026-02-28 14:01:32.468 UTC [537] STATEMENT:  SELECT "StockReservation"."id", "StockReservation"."order_id" AS "orderId", "StockReservation"."product_id" AS "productId", "StockReservation"."quantity", "StockReservation"."status", "StockReservation"."expires_at" AS "expiresAt", "StockReservation"."created_at" AS "createdAt", "StockReservation"."updated_at" AS "updatedAt", "StockReservation"."product_id" AS "ProductId", "Product"."id" AS "Product.id", "Product"."name" AS "Product.name", "Product"."price" AS "Product.price", "Product"."stock" AS "Product.stock", "Product"."reserved_stock" AS "Product.reservedStock", "Product"."created_at" AS "Product.createdAt", "Product"."updated_at" AS "Product.updatedAt" FROM "stock_reservations" AS "StockReservation" LEFT OUTER JOIN "products" AS "Product" ON "StockReservation"."product_id" = "Product"."id" WHERE "StockReservation"."status" = 'RESERVED' AND "StockReservation"."expires_at" < '2026-02-28 14:01:32.447 +00:00';
2026-02-28 14:06:32.472 UTC [628] ERROR:  relation "stock_reservations" does not exist at character 674
2026-02-28 14:06:32.472 UTC [628] STATEMENT:  SELECT "StockReservation"."id", "StockReservation"."order_id" AS "orderId", "StockReservation"."product_id" AS "productId", "StockReservation"."quantity", "StockReservation"."status", "StockReservation"."expires_at" AS "expiresAt", "StockReservation"."created_at" AS "createdAt", "StockReservation"."updated_at" AS "updatedAt", "StockReservation"."product_id" AS "ProductId", "Product"."id" AS "Product.id", "Product"."name" AS "Product.name", "Product"."price" AS "Product.price", "Product"."stock" AS "Product.stock", "Product"."reserved_stock" AS "Product.reservedStock", "Product"."created_at" AS "Product.createdAt", "Product"."updated_at" AS "Product.updatedAt" FROM "stock_reservations" AS "StockReservation" LEFT OUTER JOIN "products" AS "Product" ON "StockReservation"."product_id" = "Product"."id" WHERE "StockReservation"."status" = 'RESERVED' AND "StockReservation"."expires_at" < '2026-02-28 14:06:32.453 +00:00';
2026-02-28 14:11:32.495 UTC [719] ERROR:  relation "stock_reservations" does not exist at character 674
2026-02-28 14:11:32.495 UTC [719] STATEMENT:  SELECT "StockReservation"."id", "StockReservation"."order_id" AS "orderId", "StockReservation"."product_id" AS "productId", "StockReservation"."quantity", "StockReservation"."status", "StockReservation"."expires_at" AS "expiresAt", "StockReservation"."created_at" AS "createdAt", "StockReservation"."updated_at" AS "updatedAt", "StockReservation"."product_id" AS "ProductId", "Product"."id" AS "Product.id", "Product"."name" AS "Product.name", "Product"."price" AS "Product.price", "Product"."stock" AS "Product.stock", "Product"."reserved_stock" AS "Product.reservedStock", "Product"."created_at" AS "Product.createdAt", "Product"."updated_at" AS "Product.updatedAt" FROM "stock_reservations" AS "StockReservation" LEFT OUTER JOIN "products" AS "Product" ON "StockReservation"."product_id" = "Product"."id" WHERE "StockReservation"."status" = 'RESERVED' AND "StockReservation"."expires_at" < '2026-02-28 14:11:32.458 +00:00';
2026-02-28 14:12:03.499 UTC [729] ERROR:  relation "stock_reservations" does not exist at character 210
2026-02-28 14:12:03.499 UTC [729] STATEMENT:  SELECT "id", "order_id" AS "orderId", "product_id" AS "productId", "quantity", "status", "expires_at" AS "expiresAt", "created_at" AS "createdAt", "updated_at" AS "updatedAt", "product_id" AS "ProductId" FROM "stock_reservations" AS "StockReservation" WHERE "StockReservation"."order_id" = 1;
2026-02-28 14:12:03.619 UTC [729] ERROR:  relation "processed_events" does not exist at character 138
2026-02-28 14:12:03.619 UTC [729] STATEMENT:  SELECT "id", "event_type" AS "eventType", "processed_at" AS "processedAt", "created_at" AS "createdAt", "updated_at" AS "updatedAt" FROM "processed_events" AS "ProcessedEvent" WHERE "ProcessedEvent"."id" = '9bb5e8ac-ffe5-4719-bec9-cb0adcfb64cb';
2026-02-28 14:14:55.608 UTC [775] ERROR:  relation "stock_reservations" does not exist at character 210
2026-02-28 14:14:55.608 UTC [775] STATEMENT:  SELECT "id", "order_id" AS "orderId", "product_id" AS "productId", "quantity", "status", "expires_at" AS "expiresAt", "created_at" AS "createdAt", "updated_at" AS "updatedAt", "product_id" AS "ProductId" FROM "stock_reservations" AS "StockReservation" WHERE "StockReservation"."order_id" = 2;
2026-02-28 14:14:55.630 UTC [775] ERROR:  relation "processed_events" does not exist at character 138
2026-02-28 14:14:55.630 UTC [775] STATEMENT:  SELECT "id", "event_type" AS "eventType", "processed_at" AS "processedAt", "created_at" AS "createdAt", "updated_at" AS "updatedAt" FROM "processed_events" AS "ProcessedEvent" WHERE "ProcessedEvent"."id" = '89514761-522c-4500-be7a-321764cf91c4';
2026-02-28 14:16:32.510 UTC [811] ERROR:  relation "stock_reservations" does not exist at character 674
2026-02-28 14:16:32.510 UTC [811] STATEMENT:  SELECT "StockReservation"."id", "StockReservation"."order_id" AS "orderId", "StockReservation"."product_id" AS "productId", "StockReservation"."quantity", "StockReservation"."status", "StockReservation"."expires_at" AS "expiresAt", "StockReservation"."created_at" AS "createdAt", "StockReservation"."updated_at" AS "updatedAt", "StockReservation"."product_id" AS "ProductId", "Product"."id" AS "Product.id", "Product"."name" AS "Product.name", "Product"."price" AS "Product.price", "Product"."stock" AS "Product.stock", "Product"."reserved_stock" AS "Product.reservedStock", "Product"."created_at" AS "Product.createdAt", "Product"."updated_at" AS "Product.updatedAt" FROM "stock_reservations" AS "StockReservation" LEFT OUTER JOIN "products" AS "Product" ON "StockReservation"."product_id" = "Product"."id" WHERE "StockReservation"."status" = 'RESERVED' AND "StockReservation"."expires_at" < '2026-02-28 14:16:32.455 +00:00';
2026-02-28 14:17:37.632 UTC [830] ERROR:  relation "stock_reservations" does not exist at character 210
2026-02-28 14:17:37.632 UTC [830] STATEMENT:  SELECT "id", "order_id" AS "orderId", "product_id" AS "productId", "quantity", "status", "expires_at" AS "expiresAt", "created_at" AS "createdAt", "updated_at" AS "updatedAt", "product_id" AS "ProductId" FROM "stock_reservations" AS "StockReservation" WHERE "StockReservation"."order_id" = 3;
2026-02-28 14:17:37.660 UTC [830] ERROR:  relation "processed_events" does not exist at character 138
2026-02-28 14:17:37.660 UTC [830] STATEMENT:  SELECT "id", "event_type" AS "eventType", "processed_at" AS "processedAt", "created_at" AS "createdAt", "updated_at" AS "updatedAt" FROM "processed_events" AS "ProcessedEvent" WHERE "ProcessedEvent"."id" = 'ac3417c7-cc45-4586-be1b-0eb881892cb2';
2026-02-28 14:21:22.033 UTC [894] ERROR:  relation "stock_reservations" does not exist at character 210
2026-02-28 14:21:22.033 UTC [894] STATEMENT:  SELECT "id", "order_id" AS "orderId", "product_id" AS "productId", "quantity", "status", "expires_at" AS "expiresAt", "created_at" AS "createdAt", "updated_at" AS "updatedAt", "product_id" AS "ProductId" FROM "stock_reservations" AS "StockReservation" WHERE "StockReservation"."order_id" = 4;
2026-02-28 14:21:22.059 UTC [894] ERROR:  relation "processed_events" does not exist at character 138
2026-02-28 14:21:22.059 UTC [894] STATEMENT:  SELECT "id", "event_type" AS "eventType", "processed_at" AS "processedAt", "created_at" AS "createdAt", "updated_at" AS "updatedAt" FROM "processed_events" AS "ProcessedEvent" WHERE "ProcessedEvent"."id" = '6646b36f-b2db-4463-852e-694e4841c835';
2026-02-28 14:21:32.460 UTC [894] ERROR:  relation "stock_reservations" does not exist at character 674
2026-02-28 14:21:32.460 UTC [894] STATEMENT:  SELECT "StockReservation"."id", "StockReservation"."order_id" AS "orderId", "StockReservation"."product_id" AS "productId", "StockReservation"."quantity", "StockReservation"."status", "StockReservation"."expires_at" AS "expiresAt", "StockReservation"."created_at" AS "createdAt", "StockReservation"."updated_at" AS "updatedAt", "StockReservation"."product_id" AS "ProductId", "Product"."id" AS "Product.id", "Product"."name" AS "Product.name", "Product"."price" AS "Product.price", "Product"."stock" AS "Product.stock", "Product"."reserved_stock" AS "Product.reservedStock", "Product"."created_at" AS "Product.createdAt", "Product"."updated_at" AS "Product.updatedAt" FROM "stock_reservations" AS "StockReservation" LEFT OUTER JOIN "products" AS "Product" ON "StockReservation"."product_id" = "Product"."id" WHERE "StockReservation"."status" = 'RESERVED' AND "StockReservation"."expires_at" < '2026-02-28 14:21:32.454 +00:00';
2026-02-28 14:26:32.479 UTC [994] ERROR:  relation "stock_reservations" does not exist at character 674
2026-02-28 14:26:32.479 UTC [994] STATEMENT:  SELECT "StockReservation"."id", "StockReservation"."order_id" AS "orderId", "StockReservation"."product_id" AS "productId", "StockReservation"."quantity", "StockReservation"."status", "StockReservation"."expires_at" AS "expiresAt", "StockReservation"."created_at" AS "createdAt", "StockReservation"."updated_at" AS "updatedAt", "StockReservation"."product_id" AS "ProductId", "Product"."id" AS "Product.id", "Product"."name" AS "Product.name", "Product"."price" AS "Product.price", "Product"."stock" AS "Product.stock", "Product"."reserved_stock" AS "Product.reservedStock", "Product"."created_at" AS "Product.createdAt", "Product"."updated_at" AS "Product.updatedAt" FROM "stock_reservations" AS "StockReservation" LEFT OUTER JOIN "products" AS "Product" ON "StockReservation"."product_id" = "Product"."id" WHERE "StockReservation"."status" = 'RESERVED' AND "StockReservation"."expires_at" < '2026-02-28 14:26:32.459 +00:00';
2026-02-28 14:31:32.488 UTC [1084] ERROR:  relation "stock_reservations" does not exist at character 674
2026-02-28 14:31:32.488 UTC [1084] STATEMENT:  SELECT "StockReservation"."id", "StockReservation"."order_id" AS "orderId", "StockReservation"."product_id" AS "productId", "StockReservation"."quantity", "StockReservation"."status", "StockReservation"."expires_at" AS "expiresAt", "StockReservation"."created_at" AS "createdAt", "StockReservation"."updated_at" AS "updatedAt", "StockReservation"."product_id" AS "ProductId", "Product"."id" AS "Product.id", "Product"."name" AS "Product.name", "Product"."price" AS "Product.price", "Product"."stock" AS "Product.stock", "Product"."reserved_stock" AS "Product.reservedStock", "Product"."created_at" AS "Product.createdAt", "Product"."updated_at" AS "Product.updatedAt" FROM "stock_reservations" AS "StockReservation" LEFT OUTER JOIN "products" AS "Product" ON "StockReservation"."product_id" = "Product"."id" WHERE "StockReservation"."status" = 'RESERVED' AND "StockReservation"."expires_at" < '2026-02-28 14:31:32.460 +00:00';
2026-02-28 14:36:32.483 UTC [1175] ERROR:  relation "stock_reservations" does not exist at character 674
2026-02-28 14:36:32.483 UTC [1175] STATEMENT:  SELECT "StockReservation"."id", "StockReservation"."order_id" AS "orderId", "StockReservation"."product_id" AS "productId", "StockReservation"."quantity", "StockReservation"."status", "StockReservation"."expires_at" AS "expiresAt", "StockReservation"."created_at" AS "createdAt", "StockReservation"."updated_at" AS "updatedAt", "StockReservation"."product_id" AS "ProductId", "Product"."id" AS "Product.id", "Product"."name" AS "Product.name", "Product"."price" AS "Product.price", "Product"."stock" AS "Product.stock", "Product"."reserved_stock" AS "Product.reservedStock", "Product"."created_at" AS "Product.createdAt", "Product"."updated_at" AS "Product.updatedAt" FROM "stock_reservations" AS "StockReservation" LEFT OUTER JOIN "products" AS "Product" ON "StockReservation"."product_id" = "Product"."id" WHERE "StockReservation"."status" = 'RESERVED' AND "StockReservation"."expires_at" < '2026-02-28 14:36:32.461 +00:00';
2026-02-28 14:41:32.479 UTC [1265] ERROR:  relation "stock_reservations" does not exist at character 674
2026-02-28 14:41:32.479 UTC [1265] STATEMENT:  SELECT "StockReservation"."id", "StockReservation"."order_id" AS "orderId", "StockReservation"."product_id" AS "productId", "StockReservation"."quantity", "StockReservation"."status", "StockReservation"."expires_at" AS "expiresAt", "StockReservation"."created_at" AS "createdAt", "StockReservation"."updated_at" AS "updatedAt", "StockReservation"."product_id" AS "ProductId", "Product"."id" AS "Product.id", "Product"."name" AS "Product.name", "Product"."price" AS "Product.price", "Product"."stock" AS "Product.stock", "Product"."reserved_stock" AS "Product.reservedStock", "Product"."created_at" AS "Product.createdAt", "Product"."updated_at" AS "Product.updatedAt" FROM "stock_reservations" AS "StockReservation" LEFT OUTER JOIN "products" AS "Product" ON "StockReservation"."product_id" = "Product"."id" WHERE "StockReservation"."status" = 'RESERVED' AND "StockReservation"."expires_at" < '2026-02-28 14:41:32.463 +00:00';
2026-02-28 14:46:32.487 UTC [1348] ERROR:  relation "stock_reservations" does not exist at character 674
2026-02-28 14:46:32.487 UTC [1348] STATEMENT:  SELECT "StockReservation"."id", "StockReservation"."order_id" AS "orderId", "StockReservation"."product_id" AS "productId", "StockReservation"."quantity", "StockReservation"."status", "StockReservation"."expires_at" AS "expiresAt", "StockReservation"."created_at" AS "createdAt", "StockReservation"."updated_at" AS "updatedAt", "StockReservation"."product_id" AS "ProductId", "Product"."id" AS "Product.id", "Product"."name" AS "Product.name", "Product"."price" AS "Product.price", "Product"."stock" AS "Product.stock", "Product"."reserved_stock" AS "Product.reservedStock", "Product"."created_at" AS "Product.createdAt", "Product"."updated_at" AS "Product.updatedAt" FROM "stock_reservations" AS "StockReservation" LEFT OUTER JOIN "products" AS "Product" ON "StockReservation"."product_id" = "Product"."id" WHERE "StockReservation"."status" = 'RESERVED' AND "StockReservation"."expires_at" < '2026-02-28 14:46:32.466 +00:00';
2026-02-28 14:51:32.495 UTC [1439] ERROR:  relation "stock_reservations" does not exist at character 674
2026-02-28 14:51:32.495 UTC [1439] STATEMENT:  SELECT "StockReservation"."id", "StockReservation"."order_id" AS "orderId", "StockReservation"."product_id" AS "productId", "StockReservation"."quantity", "StockReservation"."status", "StockReservation"."expires_at" AS "expiresAt", "StockReservation"."created_at" AS "createdAt", "StockReservation"."updated_at" AS "updatedAt", "StockReservation"."product_id" AS "ProductId", "Product"."id" AS "Product.id", "Product"."name" AS "Product.name", "Product"."price" AS "Product.price", "Product"."stock" AS "Product.stock", "Product"."reserved_stock" AS "Product.reservedStock", "Product"."created_at" AS "Product.createdAt", "Product"."updated_at" AS "Product.updatedAt" FROM "stock_reservations" AS "StockReservation" LEFT OUTER JOIN "products" AS "Product" ON "StockReservation"."product_id" = "Product"."id" WHERE "StockReservation"."status" = 'RESERVED' AND "StockReservation"."expires_at" < '2026-02-28 14:51:32.468 +00:00';
2026-02-28 14:56:43.386 UTC [1530] ERROR:  relation "stock_reservations" does not exist at character 674
2026-02-28 14:56:43.386 UTC [1530] STATEMENT:  SELECT "StockReservation"."id", "StockReservation"."order_id" AS "orderId", "StockReservation"."product_id" AS "productId", "StockReservation"."quantity", "StockReservation"."status", "StockReservation"."expires_at" AS "expiresAt", "StockReservation"."created_at" AS "createdAt", "StockReservation"."updated_at" AS "updatedAt", "StockReservation"."product_id" AS "ProductId", "Product"."id" AS "Product.id", "Product"."name" AS "Product.name", "Product"."price" AS "Product.price", "Product"."stock" AS "Product.stock", "Product"."reserved_stock" AS "Product.reservedStock", "Product"."created_at" AS "Product.createdAt", "Product"."updated_at" AS "Product.updatedAt" FROM "stock_reservations" AS "StockReservation" LEFT OUTER JOIN "products" AS "Product" ON "StockReservation"."product_id" = "Product"."id" WHERE "StockReservation"."status" = 'RESERVED' AND "StockReservation"."expires_at" < '2026-02-28 14:56:43.360 +00:00';
2026-02-28 14:57:48.019 UTC [1549] ERROR:  relation "stock_reservations" does not exist at character 210
2026-02-28 14:57:48.019 UTC [1549] STATEMENT:  SELECT "id", "order_id" AS "orderId", "product_id" AS "productId", "quantity", "status", "expires_at" AS "expiresAt", "created_at" AS "createdAt", "updated_at" AS "updatedAt", "product_id" AS "ProductId" FROM "stock_reservations" AS "StockReservation" WHERE "StockReservation"."order_id" = 5;
2026-02-28 14:57:48.067 UTC [1549] ERROR:  relation "processed_events" does not exist at character 138
2026-02-28 14:57:48.067 UTC [1549] STATEMENT:  SELECT "id", "event_type" AS "eventType", "processed_at" AS "processedAt", "created_at" AS "createdAt", "updated_at" AS "updatedAt" FROM "processed_events" AS "ProcessedEvent" WHERE "ProcessedEvent"."id" = '95e569fc-c75d-43b8-a9c6-396a8cd9e091';
2026-02-28 14:57:58.974 UTC [1549] ERROR:  relation "stock_reservations" does not exist at character 210
2026-02-28 14:57:58.974 UTC [1549] STATEMENT:  SELECT "id", "order_id" AS "orderId", "product_id" AS "productId", "quantity", "status", "expires_at" AS "expiresAt", "created_at" AS "createdAt", "updated_at" AS "updatedAt", "product_id" AS "ProductId" FROM "stock_reservations" AS "StockReservation" WHERE "StockReservation"."order_id" = 6;
2026-02-28 14:57:58.988 UTC [1549] ERROR:  relation "processed_events" does not exist at character 138
2026-02-28 14:57:58.988 UTC [1549] STATEMENT:  SELECT "id", "event_type" AS "eventType", "processed_at" AS "processedAt", "created_at" AS "createdAt", "updated_at" AS "updatedAt" FROM "processed_events" AS "ProcessedEvent" WHERE "ProcessedEvent"."id" = '163ed954-bd23-4622-a3b1-dc4badb5745d';
2026-02-28 14:59:28.951 UTC [1585] ERROR:  relation "stock_reservations" does not exist at character 210
2026-02-28 14:59:28.951 UTC [1585] STATEMENT:  SELECT "id", "order_id" AS "orderId", "product_id" AS "productId", "quantity", "status", "expires_at" AS "expiresAt", "created_at" AS "createdAt", "updated_at" AS "updatedAt", "product_id" AS "ProductId" FROM "stock_reservations" AS "StockReservation" WHERE "StockReservation"."order_id" = 7;
2026-02-28 14:59:28.962 UTC [1585] ERROR:  relation "processed_events" does not exist at character 138
2026-02-28 14:59:28.962 UTC [1585] STATEMENT:  SELECT "id", "event_type" AS "eventType", "processed_at" AS "processedAt", "created_at" AS "createdAt", "updated_at" AS "updatedAt" FROM "processed_events" AS "ProcessedEvent" WHERE "ProcessedEvent"."id" = '46eac608-0b6c-41c1-a197-bfe443ed57ac';
2026-02-28 15:01:43.386 UTC [1623] ERROR:  relation "stock_reservations" does not exist at character 674
2026-02-28 15:01:43.386 UTC [1623] STATEMENT:  SELECT "StockReservation"."id", "StockReservation"."order_id" AS "orderId", "StockReservation"."product_id" AS "productId", "StockReservation"."quantity", "StockReservation"."status", "StockReservation"."expires_at" AS "expiresAt", "StockReservation"."created_at" AS "createdAt", "StockReservation"."updated_at" AS "updatedAt", "StockReservation"."product_id" AS "ProductId", "Product"."id" AS "Product.id", "Product"."name" AS "Product.name", "Product"."price" AS "Product.price", "Product"."stock" AS "Product.stock", "Product"."reserved_stock" AS "Product.reservedStock", "Product"."created_at" AS "Product.createdAt", "Product"."updated_at" AS "Product.updatedAt" FROM "stock_reservations" AS "StockReservation" LEFT OUTER JOIN "products" AS "Product" ON "StockReservation"."product_id" = "Product"."id" WHERE "StockReservation"."status" = 'RESERVED' AND "StockReservation"."expires_at" < '2026-02-28 15:01:43.364 +00:00';
2026-02-28 15:06:24.605 UTC [1713] ERROR:  column "reserved_stock" does not exist at character 40
2026-02-28 15:06:24.605 UTC [1713] STATEMENT:  SELECT "id", "name", "price", "stock", "reserved_stock" AS "reservedStock", "created_at" AS "createdAt", "updated_at" AS "updatedAt" FROM "products" AS "Product";
2026-02-28 15:06:24.611 UTC [1713] ERROR:  column "reserved_stock" does not exist at character 40
2026-02-28 15:06:24.611 UTC [1713] STATEMENT:  SELECT "id", "name", "price", "stock", "reserved_stock" AS "reservedStock", "created_at" AS "createdAt", "updated_at" AS "updatedAt" FROM "products" AS "Product";
2026-02-28 15:06:43.382 UTC [1715] ERROR:  relation "stock_reservations" does not exist at character 674
2026-02-28 15:06:43.382 UTC [1715] STATEMENT:  SELECT "StockReservation"."id", "StockReservation"."order_id" AS "orderId", "StockReservation"."product_id" AS "productId", "StockReservation"."quantity", "StockReservation"."status", "StockReservation"."expires_at" AS "expiresAt", "StockReservation"."created_at" AS "createdAt", "StockReservation"."updated_at" AS "updatedAt", "StockReservation"."product_id" AS "ProductId", "Product"."id" AS "Product.id", "Product"."name" AS "Product.name", "Product"."price" AS "Product.price", "Product"."stock" AS "Product.stock", "Product"."reserved_stock" AS "Product.reservedStock", "Product"."created_at" AS "Product.createdAt", "Product"."updated_at" AS "Product.updatedAt" FROM "stock_reservations" AS "StockReservation" LEFT OUTER JOIN "products" AS "Product" ON "StockReservation"."product_id" = "Product"."id" WHERE "StockReservation"."status" = 'RESERVED' AND "StockReservation"."expires_at" < '2026-02-28 15:06:43.366 +00:00';
2026-02-28 15:08:57.651 UTC [1] LOG:  received fast shutdown request
2026-02-28 15:08:57.656 UTC [1] LOG:  aborting any active transactions
2026-02-28 15:08:57.700 UTC [1] LOG:  background worker "logical replication launcher" (PID 75) exited with exit code 1
2026-02-28 15:08:57.702 UTC [70] LOG:  shutting down
2026-02-28 15:08:57.942 UTC [1] LOG:  database system is shut down

PostgreSQL Database directory appears to contain a database; Skipping initialization

2026-02-28 15:22:55.715 UTC [1] LOG:  starting PostgreSQL 14.21 (Debian 14.21-1.pgdg13+1) on aarch64-unknown-linux-gnu, compiled by gcc (Debian 14.2.0-19) 14.2.0, 64-bit
2026-02-28 15:22:55.716 UTC [1] LOG:  listening on IPv4 address "0.0.0.0", port 5432
2026-02-28 15:22:55.716 UTC [1] LOG:  listening on IPv6 address "::", port 5432
2026-02-28 15:22:55.719 UTC [1] LOG:  listening on Unix socket "/var/run/postgresql/.s.PGSQL.5432"
2026-02-28 15:22:55.725 UTC [27] LOG:  database system was shut down at 2026-02-28 15:08:57 UTC
2026-02-28 15:22:55.745 UTC [1] LOG:  database system is ready to accept connections
2026-02-28 16:38:51.827 UTC [1] LOG:  received fast shutdown request
2026-02-28 16:38:51.828 UTC [1] LOG:  aborting any active transactions
2026-02-28 16:38:51.832 UTC [1] LOG:  background worker "logical replication launcher" (PID 33) exited with exit code 1
2026-02-28 16:38:51.834 UTC [28] LOG:  shutting down
2026-02-28 16:38:51.848 UTC [1] LOG:  database system is shut down

PostgreSQL Database directory appears to contain a database; Skipping initialization

2026-03-01 07:29:46.463 UTC [1] LOG:  starting PostgreSQL 14.21 (Debian 14.21-1.pgdg13+1) on aarch64-unknown-linux-gnu, compiled by gcc (Debian 14.2.0-19) 14.2.0, 64-bit
2026-03-01 07:29:46.464 UTC [1] LOG:  listening on IPv4 address "0.0.0.0", port 5432
2026-03-01 07:29:46.464 UTC [1] LOG:  listening on IPv6 address "::", port 5432
2026-03-01 07:29:46.471 UTC [1] LOG:  listening on Unix socket "/var/run/postgresql/.s.PGSQL.5432"
2026-03-01 07:29:46.477 UTC [26] LOG:  database system was shut down at 2026-02-28 16:38:51 UTC
2026-03-01 07:29:46.494 UTC [1] LOG:  database system is ready to accept connections
