===> User
uid=1000(appuser) gid=1000(appuser) groups=1000(appuser)
===> Configuring ...
===> Running preflight checks ... 
===> Check if /var/lib/zookeeper/data is writable ...
===> Check if /var/lib/zookeeper/log is writable ...
===> Launching ... 
===> Launching zookeeper ... 
[2026-02-28 13:36:23,600] INFO Reading configuration from: /etc/kafka/zookeeper.properties (org.apache.zookeeper.server.quorum.QuorumPeerConfig)
[2026-02-28 13:36:23,621] INFO clientPortAddress is 0.0.0.0:2181 (org.apache.zookeeper.server.quorum.QuorumPeerConfig)
[2026-02-28 13:36:23,621] INFO secureClientPort is not set (org.apache.zookeeper.server.quorum.QuorumPeerConfig)
[2026-02-28 13:36:23,621] INFO observerMasterPort is not set (org.apache.zookeeper.server.quorum.QuorumPeerConfig)
[2026-02-28 13:36:23,622] INFO metricsProvider.className is org.apache.zookeeper.metrics.impl.DefaultMetricsProvider (org.apache.zookeeper.server.quorum.QuorumPeerConfig)
[2026-02-28 13:36:23,626] INFO autopurge.snapRetainCount set to 3 (org.apache.zookeeper.server.DatadirCleanupManager)
[2026-02-28 13:36:23,626] INFO autopurge.purgeInterval set to 0 (org.apache.zookeeper.server.DatadirCleanupManager)
[2026-02-28 13:36:23,626] INFO Purge task is not scheduled. (org.apache.zookeeper.server.DatadirCleanupManager)
[2026-02-28 13:36:23,626] WARN Either no config or no quorum defined in config, running in standalone mode (org.apache.zookeeper.server.quorum.QuorumPeerMain)
[2026-02-28 13:36:23,630] INFO Log4j 1.2 jmx support found and enabled. (org.apache.zookeeper.jmx.ManagedUtil)
[2026-02-28 13:36:23,644] INFO Reading configuration from: /etc/kafka/zookeeper.properties (org.apache.zookeeper.server.quorum.QuorumPeerConfig)
[2026-02-28 13:36:23,645] INFO clientPortAddress is 0.0.0.0:2181 (org.apache.zookeeper.server.quorum.QuorumPeerConfig)
[2026-02-28 13:36:23,645] INFO secureClientPort is not set (org.apache.zookeeper.server.quorum.QuorumPeerConfig)
[2026-02-28 13:36:23,645] INFO observerMasterPort is not set (org.apache.zookeeper.server.quorum.QuorumPeerConfig)
[2026-02-28 13:36:23,645] INFO metricsProvider.className is org.apache.zookeeper.metrics.impl.DefaultMetricsProvider (org.apache.zookeeper.server.quorum.QuorumPeerConfig)
[2026-02-28 13:36:23,645] INFO Starting server (org.apache.zookeeper.server.ZooKeeperServerMain)
[2026-02-28 13:36:23,672] INFO ServerMetrics initialized with provider org.apache.zookeeper.metrics.impl.DefaultMetricsProvider@52102734 (org.apache.zookeeper.server.ServerMetrics)
[2026-02-28 13:36:23,677] INFO zookeeper.snapshot.trust.empty : false (org.apache.zookeeper.server.persistence.FileTxnSnapLog)
[2026-02-28 13:36:23,695] INFO  (org.apache.zookeeper.server.ZooKeeperServer)
[2026-02-28 13:36:23,695] INFO   ______                  _                                           (org.apache.zookeeper.server.ZooKeeperServer)
[2026-02-28 13:36:23,695] INFO  |___  /                 | |                                          (org.apache.zookeeper.server.ZooKeeperServer)
[2026-02-28 13:36:23,695] INFO     / /    ___     ___   | | __   ___    ___   _ __     ___   _ __    (org.apache.zookeeper.server.ZooKeeperServer)
[2026-02-28 13:36:23,695] INFO    / /    / _ \   / _ \  | |/ /  / _ \  / _ \ | '_ \   / _ \ | '__| (org.apache.zookeeper.server.ZooKeeperServer)
[2026-02-28 13:36:23,695] INFO   / /__  | (_) | | (_) | |   <  |  __/ |  __/ | |_) | |  __/ | |     (org.apache.zookeeper.server.ZooKeeperServer)
[2026-02-28 13:36:23,695] INFO  /_____|  \___/   \___/  |_|\_\  \___|  \___| | .__/   \___| |_| (org.apache.zookeeper.server.ZooKeeperServer)
[2026-02-28 13:36:23,695] INFO                                               | |                      (org.apache.zookeeper.server.ZooKeeperServer)
[2026-02-28 13:36:23,695] INFO                                               |_|                      (org.apache.zookeeper.server.ZooKeeperServer)
[2026-02-28 13:36:23,695] INFO  (org.apache.zookeeper.server.ZooKeeperServer)
[2026-02-28 13:36:23,697] INFO Server environment:zookeeper.version=3.6.3--6401e4ad2087061bc6b9f80dec2d69f2e3c8660a, built on 04/08/2021 16:35 GMT (org.apache.zookeeper.server.ZooKeeperServer)
[2026-02-28 13:36:23,697] INFO Server environment:host.name=912d46b64b24 (org.apache.zookeeper.server.ZooKeeperServer)
[2026-02-28 13:36:23,697] INFO Server environment:java.version=11.0.13 (org.apache.zookeeper.server.ZooKeeperServer)
[2026-02-28 13:36:23,697] INFO Server environment:java.vendor=Azul Systems, Inc. (org.apache.zookeeper.server.ZooKeeperServer)
[2026-02-28 13:36:23,697] INFO Server environment:java.home=/usr/lib/jvm/zulu11-ca (org.apache.zookeeper.server.ZooKeeperServer)
[2026-02-28 13:36:23,697] INFO Server environment:java.class.path=/usr/bin/../share/java/kafka/lz4-java-1.7.1.jar:/usr/bin/../share/java/kafka/jakarta.activation-api-1.2.1.jar:/usr/bin/../share/java/kafka/jackson-datatype-jdk8-2.12.3.jar:/usr/bin/../share/java/kafka/kafka-log4j-appender-7.0.1-ccs.jar:/usr/bin/../share/java/kafka/connect-json-7.0.1-ccs.jar:/usr/bin/../share/java/kafka/hk2-api-2.6.1.jar:/usr/bin/../share/java/kafka/scala-java8-compat_2.13-1.0.0.jar:/usr/bin/../share/java/kafka/zstd-jni-1.5.0-2.jar:/usr/bin/../share/java/kafka/kafka.jar:/usr/bin/../share/java/kafka/metrics-core-2.2.0.jar:/usr/bin/../share/java/kafka/kafka-streams-examples-7.0.1-ccs.jar:/usr/bin/../share/java/kafka/maven-artifact-3.8.1.jar:/usr/bin/../share/java/kafka/javassist-3.27.0-GA.jar:/usr/bin/../share/java/kafka/netty-buffer-4.1.68.Final.jar:/usr/bin/../share/java/kafka/jetty-server-9.4.43.v20210629.jar:/usr/bin/../share/java/kafka/activation-1.1.1.jar:/usr/bin/../share/java/kafka/kafka-metadata-7.0.1-ccs.jar:/usr/bin/../share/java/kafka/jaxb-api-2.3.0.jar:/usr/bin/../share/java/kafka/reflections-0.9.12.jar:/usr/bin/../share/java/kafka/jackson-jaxrs-json-provider-2.12.3.jar:/usr/bin/../share/java/kafka/hk2-utils-2.6.1.jar:/usr/bin/../share/java/kafka/osgi-resource-locator-1.0.3.jar:/usr/bin/../share/java/kafka/kafka-raft-7.0.1-ccs.jar:/usr/bin/../share/java/kafka/jersey-hk2-2.34.jar:/usr/bin/../share/java/kafka/scala-reflect-2.13.6.jar:/usr/bin/../share/java/kafka/jakarta.annotation-api-1.3.5.jar:/usr/bin/../share/java/kafka/jersey-server-2.34.jar:/usr/bin/../share/java/kafka/netty-handler-4.1.68.Final.jar:/usr/bin/../share/java/kafka/jakarta.validation-api-2.0.2.jar:/usr/bin/../share/java/kafka/jackson-databind-2.12.3.jar:/usr/bin/../share/java/kafka/jetty-continuation-9.4.43.v20210629.jar:/usr/bin/../share/java/kafka/kafka_2.13-7.0.1-ccs.jar:/usr/bin/../share/java/kafka/javax.ws.rs-api-2.1.1.jar:/usr/bin/../share/java/kafka/jakarta.xml.bind-api-2.3.2.jar:/usr/bin/../share/java/kafka/jetty-util-9.4.43.v20210629.jar:/usr/bin/../share/java/kafka/netty-common-4.1.68.Final.jar:/usr/bin/../share/java/kafka/jersey-container-servlet-core-2.34.jar:/usr/bin/../share/java/kafka/kafka-server-common-7.0.1-ccs.jar:/usr/bin/../share/java/kafka/metrics-core-4.1.12.1.jar:/usr/bin/../share/java/kafka/scala-library-2.13.6.jar:/usr/bin/../share/java/kafka/connect-transforms-7.0.1-ccs.jar:/usr/bin/../share/java/kafka/jersey-client-2.34.jar:/usr/bin/../share/java/kafka/kafka-shell-7.0.1-ccs.jar:/usr/bin/../share/java/kafka/jetty-util-ajax-9.4.43.v20210629.jar:/usr/bin/../share/java/kafka/connect-api-7.0.1-ccs.jar:/usr/bin/../share/java/kafka/jackson-dataformat-csv-2.12.3.jar:/usr/bin/../share/java/kafka/jetty-io-9.4.43.v20210629.jar:/usr/bin/../share/java/kafka/commons-cli-1.4.jar:/usr/bin/../share/java/kafka/jetty-security-9.4.43.v20210629.jar:/usr/bin/../share/java/kafka/kafka-clients-7.0.1-ccs.jar:/usr/bin/../share/java/kafka/confluent-log4j-1.2.17-cp2.jar:/usr/bin/../share/java/kafka/jline-3.12.1.jar:/usr/bin/../share/java/kafka/scala-logging_2.13-3.9.3.jar:/usr/bin/../share/java/kafka/trogdor-7.0.1-ccs.jar:/usr/bin/../share/java/kafka/javax.servlet-api-3.1.0.jar:/usr/bin/../share/java/kafka/jackson-module-jaxb-annotations-2.12.3.jar:/usr/bin/../share/java/kafka/jackson-jaxrs-base-2.12.3.jar:/usr/bin/../share/java/kafka/connect-basic-auth-extension-7.0.1-ccs.jar:/usr/bin/../share/java/kafka/netty-resolver-4.1.68.Final.jar:/usr/bin/../share/java/kafka/jersey-container-servlet-2.34.jar:/usr/bin/../share/java/kafka/netty-codec-4.1.68.Final.jar:/usr/bin/../share/java/kafka/aopalliance-repackaged-2.6.1.jar:/usr/bin/../share/java/kafka/kafka-streams-test-utils-7.0.1-ccs.jar:/usr/bin/../share/java/kafka/paranamer-2.8.jar:/usr/bin/../share/java/kafka/jersey-common-2.34.jar:/usr/bin/../share/java/kafka/jetty-client-9.4.43.v20210629.jar:/usr/bin/../share/java/kafka/kafka-storage-api-7.0.1-ccs.jar:/usr/bin/../share/java/kafka/jackson-module-scala_2.13-2.12.3.jar:/usr/bin/../share/java/kafka/scala-collection-compat_2.13-2.4.4.jar:/usr/bin/../share/java/kafka/snappy-java-1.1.8.1.jar:/usr/bin/../share/java/kafka/netty-transport-native-epoll-4.1.68.Final.jar:/usr/bin/../share/java/kafka/rocksdbjni-6.19.3.jar:/usr/bin/../share/java/kafka/kafka-streams-7.0.1-ccs.jar:/usr/bin/../share/java/kafka/plexus-utils-3.2.1.jar:/usr/bin/../share/java/kafka/netty-transport-native-unix-common-4.1.68.Final.jar:/usr/bin/../share/java/kafka/jackson-annotations-2.12.3.jar:/usr/bin/../share/java/kafka/hk2-locator-2.6.1.jar:/usr/bin/../share/java/kafka/kafka-tools-7.0.1-ccs.jar:/usr/bin/../share/java/kafka/jetty-servlets-9.4.43.v20210629.jar:/usr/bin/../share/java/kafka/kafka-streams-scala_2.13-7.0.1-ccs.jar:/usr/bin/../share/java/kafka/slf4j-log4j12-1.7.30.jar:/usr/bin/../share/java/kafka/commons-lang3-3.8.1.jar:/usr/bin/../share/java/kafka/jopt-simple-5.0.4.jar:/usr/bin/../share/java/kafka/jakarta.inject-2.6.1.jar:/usr/bin/../share/java/kafka/jetty-http-9.4.43.v20210629.jar:/usr/bin/../share/java/kafka/slf4j-api-1.7.30.jar:/usr/bin/../share/java/kafka/zookeeper-jute-3.6.3.jar:/usr/bin/../share/java/kafka/jackson-core-2.12.3.jar:/usr/bin/../share/java/kafka/audience-annotations-0.5.0.jar:/usr/bin/../share/java/kafka/netty-transport-4.1.68.Final.jar:/usr/bin/../share/java/kafka/kafka-storage-7.0.1-ccs.jar:/usr/bin/../share/java/kafka/jakarta.ws.rs-api-2.1.6.jar:/usr/bin/../share/java/kafka/connect-runtime-7.0.1-ccs.jar:/usr/bin/../share/java/kafka/jetty-servlet-9.4.43.v20210629.jar:/usr/bin/../share/java/kafka/connect-mirror-client-7.0.1-ccs.jar:/usr/bin/../share/java/kafka/argparse4j-0.7.0.jar:/usr/bin/../share/java/kafka/zookeeper-3.6.3.jar:/usr/bin/../share/java/kafka/connect-mirror-7.0.1-ccs.jar:/usr/bin/../share/java/confluent-telemetry/* (org.apache.zookeeper.server.ZooKeeperServer)
[2026-02-28 13:36:23,697] INFO Server environment:java.library.path=/usr/java/packages/lib:/usr/lib64:/lib64:/lib:/usr/lib (org.apache.zookeeper.server.ZooKeeperServer)
[2026-02-28 13:36:23,697] INFO Server environment:java.io.tmpdir=/tmp (org.apache.zookeeper.server.ZooKeeperServer)
[2026-02-28 13:36:23,697] INFO Server environment:java.compiler=<NA> (org.apache.zookeeper.server.ZooKeeperServer)
[2026-02-28 13:36:23,697] INFO Server environment:os.name=Linux (org.apache.zookeeper.server.ZooKeeperServer)
[2026-02-28 13:36:23,697] INFO Server environment:os.arch=amd64 (org.apache.zookeeper.server.ZooKeeperServer)
[2026-02-28 13:36:23,697] INFO Server environment:os.version=6.10.14-linuxkit (org.apache.zookeeper.server.ZooKeeperServer)
[2026-02-28 13:36:23,697] INFO Server environment:user.name=appuser (org.apache.zookeeper.server.ZooKeeperServer)
[2026-02-28 13:36:23,697] INFO Server environment:user.home=/home/appuser (org.apache.zookeeper.server.ZooKeeperServer)
[2026-02-28 13:36:23,697] INFO Server environment:user.dir=/home/appuser (org.apache.zookeeper.server.ZooKeeperServer)
[2026-02-28 13:36:23,697] INFO Server environment:os.memory.free=492MB (org.apache.zookeeper.server.ZooKeeperServer)
[2026-02-28 13:36:23,697] INFO Server environment:os.memory.max=512MB (org.apache.zookeeper.server.ZooKeeperServer)
[2026-02-28 13:36:23,697] INFO Server environment:os.memory.total=512MB (org.apache.zookeeper.server.ZooKeeperServer)
[2026-02-28 13:36:23,698] INFO zookeeper.enableEagerACLCheck = false (org.apache.zookeeper.server.ZooKeeperServer)
[2026-02-28 13:36:23,698] INFO zookeeper.digest.enabled = true (org.apache.zookeeper.server.ZooKeeperServer)
[2026-02-28 13:36:23,698] INFO zookeeper.closeSessionTxn.enabled = true (org.apache.zookeeper.server.ZooKeeperServer)
[2026-02-28 13:36:23,698] INFO zookeeper.flushDelay=0 (org.apache.zookeeper.server.ZooKeeperServer)
[2026-02-28 13:36:23,698] INFO zookeeper.maxWriteQueuePollTime=0 (org.apache.zookeeper.server.ZooKeeperServer)
[2026-02-28 13:36:23,698] INFO zookeeper.maxBatchSize=1000 (org.apache.zookeeper.server.ZooKeeperServer)
[2026-02-28 13:36:23,698] INFO zookeeper.intBufferStartingSizeBytes = 1024 (org.apache.zookeeper.server.ZooKeeperServer)
[2026-02-28 13:36:23,699] INFO Weighed connection throttling is disabled (org.apache.zookeeper.server.BlueThrottle)
[2026-02-28 13:36:23,702] INFO minSessionTimeout set to 4000 (org.apache.zookeeper.server.ZooKeeperServer)
[2026-02-28 13:36:23,702] INFO maxSessionTimeout set to 40000 (org.apache.zookeeper.server.ZooKeeperServer)
[2026-02-28 13:36:23,703] INFO Response cache size is initialized with value 400. (org.apache.zookeeper.server.ResponseCache)
[2026-02-28 13:36:23,703] INFO Response cache size is initialized with value 400. (org.apache.zookeeper.server.ResponseCache)
[2026-02-28 13:36:23,704] INFO zookeeper.pathStats.slotCapacity = 60 (org.apache.zookeeper.server.util.RequestPathMetricsCollector)
[2026-02-28 13:36:23,704] INFO zookeeper.pathStats.slotDuration = 15 (org.apache.zookeeper.server.util.RequestPathMetricsCollector)
[2026-02-28 13:36:23,705] INFO zookeeper.pathStats.maxDepth = 6 (org.apache.zookeeper.server.util.RequestPathMetricsCollector)
[2026-02-28 13:36:23,705] INFO zookeeper.pathStats.initialDelay = 5 (org.apache.zookeeper.server.util.RequestPathMetricsCollector)
[2026-02-28 13:36:23,705] INFO zookeeper.pathStats.delay = 5 (org.apache.zookeeper.server.util.RequestPathMetricsCollector)
[2026-02-28 13:36:23,705] INFO zookeeper.pathStats.enabled = false (org.apache.zookeeper.server.util.RequestPathMetricsCollector)
[2026-02-28 13:36:23,709] INFO The max bytes for all large requests are set to 104857600 (org.apache.zookeeper.server.ZooKeeperServer)
[2026-02-28 13:36:23,710] INFO The large request threshold is set to -1 (org.apache.zookeeper.server.ZooKeeperServer)
[2026-02-28 13:36:23,710] INFO Created server with tickTime 2000 minSessionTimeout 4000 maxSessionTimeout 40000 clientPortListenBacklog -1 datadir /var/lib/zookeeper/log/version-2 snapdir /var/lib/zookeeper/data/version-2 (org.apache.zookeeper.server.ZooKeeperServer)
[2026-02-28 13:36:23,747] INFO Logging initialized @1511ms to org.eclipse.jetty.util.log.Slf4jLog (org.eclipse.jetty.util.log)
[2026-02-28 13:36:23,953] WARN o.e.j.s.ServletContextHandler@2584b82d{/,null,STOPPED} contextPath ends with /* (org.eclipse.jetty.server.handler.ContextHandler)
[2026-02-28 13:36:23,954] WARN Empty contextPath (org.eclipse.jetty.server.handler.ContextHandler)
[2026-02-28 13:36:23,998] INFO jetty-9.4.43.v20210629; built: 2021-06-30T11:07:22.254Z; git: 526006ecfa3af7f1a27ef3a288e2bef7ea9dd7e8; jvm 11.0.13+8-LTS (org.eclipse.jetty.server.Server)
[2026-02-28 13:36:24,048] INFO DefaultSessionIdManager workerName=node0 (org.eclipse.jetty.server.session)
[2026-02-28 13:36:24,048] INFO No SessionScavenger set, using defaults (org.eclipse.jetty.server.session)
[2026-02-28 13:36:24,049] INFO node0 Scavenging every 660000ms (org.eclipse.jetty.server.session)
[2026-02-28 13:36:24,054] WARN ServletContext@o.e.j.s.ServletContextHandler@2584b82d{/,null,STARTING} has uncovered http methods for path: /* (org.eclipse.jetty.security.SecurityHandler)
[2026-02-28 13:36:24,066] INFO Started o.e.j.s.ServletContextHandler@2584b82d{/,null,AVAILABLE} (org.eclipse.jetty.server.handler.ContextHandler)
[2026-02-28 13:36:24,108] INFO Started ServerConnector@247310d0{HTTP/1.1, (http/1.1)}{0.0.0.0:8080} (org.eclipse.jetty.server.AbstractConnector)
[2026-02-28 13:36:24,109] INFO Started @1873ms (org.eclipse.jetty.server.Server)
[2026-02-28 13:36:24,109] INFO Started AdminServer on address 0.0.0.0, port 8080 and command URL /commands (org.apache.zookeeper.server.admin.JettyAdminServer)
[2026-02-28 13:36:24,115] INFO Using org.apache.zookeeper.server.NIOServerCnxnFactory as server connection factory (org.apache.zookeeper.server.ServerCnxnFactory)
[2026-02-28 13:36:24,116] WARN maxCnxns is not configured, using default value 0. (org.apache.zookeeper.server.ServerCnxnFactory)
[2026-02-28 13:36:24,117] INFO Configuring NIO connection handler with 10s sessionless connection timeout, 2 selector thread(s), 24 worker threads, and 64 kB direct buffers. (org.apache.zookeeper.server.NIOServerCnxnFactory)
[2026-02-28 13:36:24,119] INFO binding to port 0.0.0.0/0.0.0.0:2181 (org.apache.zookeeper.server.NIOServerCnxnFactory)
[2026-02-28 13:36:24,137] INFO Using org.apache.zookeeper.server.watch.WatchManager as watch manager (org.apache.zookeeper.server.watch.WatchManagerFactory)
[2026-02-28 13:36:24,137] INFO Using org.apache.zookeeper.server.watch.WatchManager as watch manager (org.apache.zookeeper.server.watch.WatchManagerFactory)
[2026-02-28 13:36:24,138] INFO zookeeper.snapshotSizeFactor = 0.33 (org.apache.zookeeper.server.ZKDatabase)
[2026-02-28 13:36:24,138] INFO zookeeper.commitLogCount=500 (org.apache.zookeeper.server.ZKDatabase)
[2026-02-28 13:36:24,151] INFO zookeeper.snapshot.compression.method = CHECKED (org.apache.zookeeper.server.persistence.SnapStream)
[2026-02-28 13:36:24,151] INFO Snapshotting: 0x0 to /var/lib/zookeeper/data/version-2/snapshot.0 (org.apache.zookeeper.server.persistence.FileTxnSnapLog)
[2026-02-28 13:36:24,155] INFO Snapshot loaded in 16 ms, highest zxid is 0x0, digest is 1371985504 (org.apache.zookeeper.server.ZKDatabase)
[2026-02-28 13:36:24,155] INFO Snapshotting: 0x0 to /var/lib/zookeeper/data/version-2/snapshot.0 (org.apache.zookeeper.server.persistence.FileTxnSnapLog)
[2026-02-28 13:36:24,155] INFO Snapshot taken in 1 ms (org.apache.zookeeper.server.ZooKeeperServer)
[2026-02-28 13:36:24,164] INFO PrepRequestProcessor (sid:0) started, reconfigEnabled=false (org.apache.zookeeper.server.PrepRequestProcessor)
[2026-02-28 13:36:24,166] INFO zookeeper.request_throttler.shutdownTimeout = 10000 (org.apache.zookeeper.server.RequestThrottler)
[2026-02-28 13:36:24,201] INFO Using checkIntervalMs=60000 maxPerMinute=10000 maxNeverUsedIntervalMs=0 (org.apache.zookeeper.server.ContainerManager)
[2026-02-28 13:36:24,202] INFO ZooKeeper audit is disabled. (org.apache.zookeeper.audit.ZKAuditProvider)
[2026-02-28 13:36:24,943] INFO Creating new log file: log.1 (org.apache.zookeeper.server.persistence.FileTxnLog)
===> User
uid=1000(appuser) gid=1000(appuser) groups=1000(appuser)
===> Configuring ...
===> Running preflight checks ... 
===> Check if /var/lib/zookeeper/data is writable ...
===> Check if /var/lib/zookeeper/log is writable ...
===> Launching ... 
===> Launching zookeeper ... 
[2026-02-28 15:23:00,540] INFO Reading configuration from: /etc/kafka/zookeeper.properties (org.apache.zookeeper.server.quorum.QuorumPeerConfig)
[2026-02-28 15:23:00,556] INFO clientPortAddress is 0.0.0.0:2181 (org.apache.zookeeper.server.quorum.QuorumPeerConfig)
[2026-02-28 15:23:00,556] INFO secureClientPort is not set (org.apache.zookeeper.server.quorum.QuorumPeerConfig)
[2026-02-28 15:23:00,556] INFO observerMasterPort is not set (org.apache.zookeeper.server.quorum.QuorumPeerConfig)
[2026-02-28 15:23:00,556] INFO metricsProvider.className is org.apache.zookeeper.metrics.impl.DefaultMetricsProvider (org.apache.zookeeper.server.quorum.QuorumPeerConfig)
[2026-02-28 15:23:00,560] INFO autopurge.snapRetainCount set to 3 (org.apache.zookeeper.server.DatadirCleanupManager)
[2026-02-28 15:23:00,560] INFO autopurge.purgeInterval set to 0 (org.apache.zookeeper.server.DatadirCleanupManager)
[2026-02-28 15:23:00,560] INFO Purge task is not scheduled. (org.apache.zookeeper.server.DatadirCleanupManager)
[2026-02-28 15:23:00,560] WARN Either no config or no quorum defined in config, running in standalone mode (org.apache.zookeeper.server.quorum.QuorumPeerMain)
[2026-02-28 15:23:00,564] INFO Log4j 1.2 jmx support found and enabled. (org.apache.zookeeper.jmx.ManagedUtil)
[2026-02-28 15:23:00,575] INFO Reading configuration from: /etc/kafka/zookeeper.properties (org.apache.zookeeper.server.quorum.QuorumPeerConfig)
[2026-02-28 15:23:00,576] INFO clientPortAddress is 0.0.0.0:2181 (org.apache.zookeeper.server.quorum.QuorumPeerConfig)
[2026-02-28 15:23:00,576] INFO secureClientPort is not set (org.apache.zookeeper.server.quorum.QuorumPeerConfig)
[2026-02-28 15:23:00,576] INFO observerMasterPort is not set (org.apache.zookeeper.server.quorum.QuorumPeerConfig)
[2026-02-28 15:23:00,576] INFO metricsProvider.className is org.apache.zookeeper.metrics.impl.DefaultMetricsProvider (org.apache.zookeeper.server.quorum.QuorumPeerConfig)
[2026-02-28 15:23:00,576] INFO Starting server (org.apache.zookeeper.server.ZooKeeperServerMain)
[2026-02-28 15:23:00,595] INFO ServerMetrics initialized with provider org.apache.zookeeper.metrics.impl.DefaultMetricsProvider@52102734 (org.apache.zookeeper.server.ServerMetrics)
[2026-02-28 15:23:00,597] INFO zookeeper.snapshot.trust.empty : false (org.apache.zookeeper.server.persistence.FileTxnSnapLog)
[2026-02-28 15:23:00,610] INFO  (org.apache.zookeeper.server.ZooKeeperServer)
[2026-02-28 15:23:00,610] INFO   ______                  _                                           (org.apache.zookeeper.server.ZooKeeperServer)
[2026-02-28 15:23:00,610] INFO  |___  /                 | |                                          (org.apache.zookeeper.server.ZooKeeperServer)
[2026-02-28 15:23:00,610] INFO     / /    ___     ___   | | __   ___    ___   _ __     ___   _ __    (org.apache.zookeeper.server.ZooKeeperServer)
[2026-02-28 15:23:00,610] INFO    / /    / _ \   / _ \  | |/ /  / _ \  / _ \ | '_ \   / _ \ | '__| (org.apache.zookeeper.server.ZooKeeperServer)
[2026-02-28 15:23:00,610] INFO   / /__  | (_) | | (_) | |   <  |  __/ |  __/ | |_) | |  __/ | |     (org.apache.zookeeper.server.ZooKeeperServer)
[2026-02-28 15:23:00,610] INFO  /_____|  \___/   \___/  |_|\_\  \___|  \___| | .__/   \___| |_| (org.apache.zookeeper.server.ZooKeeperServer)
[2026-02-28 15:23:00,610] INFO                                               | |                      (org.apache.zookeeper.server.ZooKeeperServer)
[2026-02-28 15:23:00,610] INFO                                               |_|                      (org.apache.zookeeper.server.ZooKeeperServer)
[2026-02-28 15:23:00,610] INFO  (org.apache.zookeeper.server.ZooKeeperServer)
[2026-02-28 15:23:00,612] INFO Server environment:zookeeper.version=3.6.3--6401e4ad2087061bc6b9f80dec2d69f2e3c8660a, built on 04/08/2021 16:35 GMT (org.apache.zookeeper.server.ZooKeeperServer)
[2026-02-28 15:23:00,612] INFO Server environment:host.name=912d46b64b24 (org.apache.zookeeper.server.ZooKeeperServer)
[2026-02-28 15:23:00,612] INFO Server environment:java.version=11.0.13 (org.apache.zookeeper.server.ZooKeeperServer)
[2026-02-28 15:23:00,612] INFO Server environment:java.vendor=Azul Systems, Inc. (org.apache.zookeeper.server.ZooKeeperServer)
[2026-02-28 15:23:00,612] INFO Server environment:java.home=/usr/lib/jvm/zulu11-ca (org.apache.zookeeper.server.ZooKeeperServer)
[2026-02-28 15:23:00,612] INFO Server environment:java.class.path=/usr/bin/../share/java/kafka/lz4-java-1.7.1.jar:/usr/bin/../share/java/kafka/jakarta.activation-api-1.2.1.jar:/usr/bin/../share/java/kafka/jackson-datatype-jdk8-2.12.3.jar:/usr/bin/../share/java/kafka/kafka-log4j-appender-7.0.1-ccs.jar:/usr/bin/../share/java/kafka/connect-json-7.0.1-ccs.jar:/usr/bin/../share/java/kafka/hk2-api-2.6.1.jar:/usr/bin/../share/java/kafka/scala-java8-compat_2.13-1.0.0.jar:/usr/bin/../share/java/kafka/zstd-jni-1.5.0-2.jar:/usr/bin/../share/java/kafka/kafka.jar:/usr/bin/../share/java/kafka/metrics-core-2.2.0.jar:/usr/bin/../share/java/kafka/kafka-streams-examples-7.0.1-ccs.jar:/usr/bin/../share/java/kafka/maven-artifact-3.8.1.jar:/usr/bin/../share/java/kafka/javassist-3.27.0-GA.jar:/usr/bin/../share/java/kafka/netty-buffer-4.1.68.Final.jar:/usr/bin/../share/java/kafka/jetty-server-9.4.43.v20210629.jar:/usr/bin/../share/java/kafka/activation-1.1.1.jar:/usr/bin/../share/java/kafka/kafka-metadata-7.0.1-ccs.jar:/usr/bin/../share/java/kafka/jaxb-api-2.3.0.jar:/usr/bin/../share/java/kafka/reflections-0.9.12.jar:/usr/bin/../share/java/kafka/jackson-jaxrs-json-provider-2.12.3.jar:/usr/bin/../share/java/kafka/hk2-utils-2.6.1.jar:/usr/bin/../share/java/kafka/osgi-resource-locator-1.0.3.jar:/usr/bin/../share/java/kafka/kafka-raft-7.0.1-ccs.jar:/usr/bin/../share/java/kafka/jersey-hk2-2.34.jar:/usr/bin/../share/java/kafka/scala-reflect-2.13.6.jar:/usr/bin/../share/java/kafka/jakarta.annotation-api-1.3.5.jar:/usr/bin/../share/java/kafka/jersey-server-2.34.jar:/usr/bin/../share/java/kafka/netty-handler-4.1.68.Final.jar:/usr/bin/../share/java/kafka/jakarta.validation-api-2.0.2.jar:/usr/bin/../share/java/kafka/jackson-databind-2.12.3.jar:/usr/bin/../share/java/kafka/jetty-continuation-9.4.43.v20210629.jar:/usr/bin/../share/java/kafka/kafka_2.13-7.0.1-ccs.jar:/usr/bin/../share/java/kafka/javax.ws.rs-api-2.1.1.jar:/usr/bin/../share/java/kafka/jakarta.xml.bind-api-2.3.2.jar:/usr/bin/../share/java/kafka/jetty-util-9.4.43.v20210629.jar:/usr/bin/../share/java/kafka/netty-common-4.1.68.Final.jar:/usr/bin/../share/java/kafka/jersey-container-servlet-core-2.34.jar:/usr/bin/../share/java/kafka/kafka-server-common-7.0.1-ccs.jar:/usr/bin/../share/java/kafka/metrics-core-4.1.12.1.jar:/usr/bin/../share/java/kafka/scala-library-2.13.6.jar:/usr/bin/../share/java/kafka/connect-transforms-7.0.1-ccs.jar:/usr/bin/../share/java/kafka/jersey-client-2.34.jar:/usr/bin/../share/java/kafka/kafka-shell-7.0.1-ccs.jar:/usr/bin/../share/java/kafka/jetty-util-ajax-9.4.43.v20210629.jar:/usr/bin/../share/java/kafka/connect-api-7.0.1-ccs.jar:/usr/bin/../share/java/kafka/jackson-dataformat-csv-2.12.3.jar:/usr/bin/../share/java/kafka/jetty-io-9.4.43.v20210629.jar:/usr/bin/../share/java/kafka/commons-cli-1.4.jar:/usr/bin/../share/java/kafka/jetty-security-9.4.43.v20210629.jar:/usr/bin/../share/java/kafka/kafka-clients-7.0.1-ccs.jar:/usr/bin/../share/java/kafka/confluent-log4j-1.2.17-cp2.jar:/usr/bin/../share/java/kafka/jline-3.12.1.jar:/usr/bin/../share/java/kafka/scala-logging_2.13-3.9.3.jar:/usr/bin/../share/java/kafka/trogdor-7.0.1-ccs.jar:/usr/bin/../share/java/kafka/javax.servlet-api-3.1.0.jar:/usr/bin/../share/java/kafka/jackson-module-jaxb-annotations-2.12.3.jar:/usr/bin/../share/java/kafka/jackson-jaxrs-base-2.12.3.jar:/usr/bin/../share/java/kafka/connect-basic-auth-extension-7.0.1-ccs.jar:/usr/bin/../share/java/kafka/netty-resolver-4.1.68.Final.jar:/usr/bin/../share/java/kafka/jersey-container-servlet-2.34.jar:/usr/bin/../share/java/kafka/netty-codec-4.1.68.Final.jar:/usr/bin/../share/java/kafka/aopalliance-repackaged-2.6.1.jar:/usr/bin/../share/java/kafka/kafka-streams-test-utils-7.0.1-ccs.jar:/usr/bin/../share/java/kafka/paranamer-2.8.jar:/usr/bin/../share/java/kafka/jersey-common-2.34.jar:/usr/bin/../share/java/kafka/jetty-client-9.4.43.v20210629.jar:/usr/bin/../share/java/kafka/kafka-storage-api-7.0.1-ccs.jar:/usr/bin/../share/java/kafka/jackson-module-scala_2.13-2.12.3.jar:/usr/bin/../share/java/kafka/scala-collection-compat_2.13-2.4.4.jar:/usr/bin/../share/java/kafka/snappy-java-1.1.8.1.jar:/usr/bin/../share/java/kafka/netty-transport-native-epoll-4.1.68.Final.jar:/usr/bin/../share/java/kafka/rocksdbjni-6.19.3.jar:/usr/bin/../share/java/kafka/kafka-streams-7.0.1-ccs.jar:/usr/bin/../share/java/kafka/plexus-utils-3.2.1.jar:/usr/bin/../share/java/kafka/netty-transport-native-unix-common-4.1.68.Final.jar:/usr/bin/../share/java/kafka/jackson-annotations-2.12.3.jar:/usr/bin/../share/java/kafka/hk2-locator-2.6.1.jar:/usr/bin/../share/java/kafka/kafka-tools-7.0.1-ccs.jar:/usr/bin/../share/java/kafka/jetty-servlets-9.4.43.v20210629.jar:/usr/bin/../share/java/kafka/kafka-streams-scala_2.13-7.0.1-ccs.jar:/usr/bin/../share/java/kafka/slf4j-log4j12-1.7.30.jar:/usr/bin/../share/java/kafka/commons-lang3-3.8.1.jar:/usr/bin/../share/java/kafka/jopt-simple-5.0.4.jar:/usr/bin/../share/java/kafka/jakarta.inject-2.6.1.jar:/usr/bin/../share/java/kafka/jetty-http-9.4.43.v20210629.jar:/usr/bin/../share/java/kafka/slf4j-api-1.7.30.jar:/usr/bin/../share/java/kafka/zookeeper-jute-3.6.3.jar:/usr/bin/../share/java/kafka/jackson-core-2.12.3.jar:/usr/bin/../share/java/kafka/audience-annotations-0.5.0.jar:/usr/bin/../share/java/kafka/netty-transport-4.1.68.Final.jar:/usr/bin/../share/java/kafka/kafka-storage-7.0.1-ccs.jar:/usr/bin/../share/java/kafka/jakarta.ws.rs-api-2.1.6.jar:/usr/bin/../share/java/kafka/connect-runtime-7.0.1-ccs.jar:/usr/bin/../share/java/kafka/jetty-servlet-9.4.43.v20210629.jar:/usr/bin/../share/java/kafka/connect-mirror-client-7.0.1-ccs.jar:/usr/bin/../share/java/kafka/argparse4j-0.7.0.jar:/usr/bin/../share/java/kafka/zookeeper-3.6.3.jar:/usr/bin/../share/java/kafka/connect-mirror-7.0.1-ccs.jar:/usr/bin/../share/java/confluent-telemetry/* (org.apache.zookeeper.server.ZooKeeperServer)
[2026-02-28 15:23:00,612] INFO Server environment:java.library.path=/usr/java/packages/lib:/usr/lib64:/lib64:/lib:/usr/lib (org.apache.zookeeper.server.ZooKeeperServer)
[2026-02-28 15:23:00,612] INFO Server environment:java.io.tmpdir=/tmp (org.apache.zookeeper.server.ZooKeeperServer)
[2026-02-28 15:23:00,612] INFO Server environment:java.compiler=<NA> (org.apache.zookeeper.server.ZooKeeperServer)
[2026-02-28 15:23:00,612] INFO Server environment:os.name=Linux (org.apache.zookeeper.server.ZooKeeperServer)
[2026-02-28 15:23:00,612] INFO Server environment:os.arch=amd64 (org.apache.zookeeper.server.ZooKeeperServer)
[2026-02-28 15:23:00,612] INFO Server environment:os.version=6.10.14-linuxkit (org.apache.zookeeper.server.ZooKeeperServer)
[2026-02-28 15:23:00,612] INFO Server environment:user.name=appuser (org.apache.zookeeper.server.ZooKeeperServer)
[2026-02-28 15:23:00,612] INFO Server environment:user.home=/home/appuser (org.apache.zookeeper.server.ZooKeeperServer)
[2026-02-28 15:23:00,612] INFO Server environment:user.dir=/home/appuser (org.apache.zookeeper.server.ZooKeeperServer)
[2026-02-28 15:23:00,612] INFO Server environment:os.memory.free=492MB (org.apache.zookeeper.server.ZooKeeperServer)
[2026-02-28 15:23:00,612] INFO Server environment:os.memory.max=512MB (org.apache.zookeeper.server.ZooKeeperServer)
[2026-02-28 15:23:00,612] INFO Server environment:os.memory.total=512MB (org.apache.zookeeper.server.ZooKeeperServer)
[2026-02-28 15:23:00,612] INFO zookeeper.enableEagerACLCheck = false (org.apache.zookeeper.server.ZooKeeperServer)
[2026-02-28 15:23:00,612] INFO zookeeper.digest.enabled = true (org.apache.zookeeper.server.ZooKeeperServer)
[2026-02-28 15:23:00,612] INFO zookeeper.closeSessionTxn.enabled = true (org.apache.zookeeper.server.ZooKeeperServer)
[2026-02-28 15:23:00,612] INFO zookeeper.flushDelay=0 (org.apache.zookeeper.server.ZooKeeperServer)
[2026-02-28 15:23:00,612] INFO zookeeper.maxWriteQueuePollTime=0 (org.apache.zookeeper.server.ZooKeeperServer)
[2026-02-28 15:23:00,612] INFO zookeeper.maxBatchSize=1000 (org.apache.zookeeper.server.ZooKeeperServer)
[2026-02-28 15:23:00,613] INFO zookeeper.intBufferStartingSizeBytes = 1024 (org.apache.zookeeper.server.ZooKeeperServer)
[2026-02-28 15:23:00,614] INFO Weighed connection throttling is disabled (org.apache.zookeeper.server.BlueThrottle)
[2026-02-28 15:23:00,615] INFO minSessionTimeout set to 4000 (org.apache.zookeeper.server.ZooKeeperServer)
[2026-02-28 15:23:00,615] INFO maxSessionTimeout set to 40000 (org.apache.zookeeper.server.ZooKeeperServer)
[2026-02-28 15:23:00,617] INFO Response cache size is initialized with value 400. (org.apache.zookeeper.server.ResponseCache)
[2026-02-28 15:23:00,617] INFO Response cache size is initialized with value 400. (org.apache.zookeeper.server.ResponseCache)
[2026-02-28 15:23:00,618] INFO zookeeper.pathStats.slotCapacity = 60 (org.apache.zookeeper.server.util.RequestPathMetricsCollector)
[2026-02-28 15:23:00,618] INFO zookeeper.pathStats.slotDuration = 15 (org.apache.zookeeper.server.util.RequestPathMetricsCollector)
[2026-02-28 15:23:00,618] INFO zookeeper.pathStats.maxDepth = 6 (org.apache.zookeeper.server.util.RequestPathMetricsCollector)
[2026-02-28 15:23:00,618] INFO zookeeper.pathStats.initialDelay = 5 (org.apache.zookeeper.server.util.RequestPathMetricsCollector)
[2026-02-28 15:23:00,619] INFO zookeeper.pathStats.delay = 5 (org.apache.zookeeper.server.util.RequestPathMetricsCollector)
[2026-02-28 15:23:00,619] INFO zookeeper.pathStats.enabled = false (org.apache.zookeeper.server.util.RequestPathMetricsCollector)
[2026-02-28 15:23:00,622] INFO The max bytes for all large requests are set to 104857600 (org.apache.zookeeper.server.ZooKeeperServer)
[2026-02-28 15:23:00,623] INFO The large request threshold is set to -1 (org.apache.zookeeper.server.ZooKeeperServer)
[2026-02-28 15:23:00,623] INFO Created server with tickTime 2000 minSessionTimeout 4000 maxSessionTimeout 40000 clientPortListenBacklog -1 datadir /var/lib/zookeeper/log/version-2 snapdir /var/lib/zookeeper/data/version-2 (org.apache.zookeeper.server.ZooKeeperServer)
[2026-02-28 15:23:00,651] INFO Logging initialized @1095ms to org.eclipse.jetty.util.log.Slf4jLog (org.eclipse.jetty.util.log)
[2026-02-28 15:23:00,802] WARN o.e.j.s.ServletContextHandler@7d3e8655{/,null,STOPPED} contextPath ends with /* (org.eclipse.jetty.server.handler.ContextHandler)
[2026-02-28 15:23:00,803] WARN Empty contextPath (org.eclipse.jetty.server.handler.ContextHandler)
[2026-02-28 15:23:00,840] INFO jetty-9.4.43.v20210629; built: 2021-06-30T11:07:22.254Z; git: 526006ecfa3af7f1a27ef3a288e2bef7ea9dd7e8; jvm 11.0.13+8-LTS (org.eclipse.jetty.server.Server)
[2026-02-28 15:23:00,883] INFO DefaultSessionIdManager workerName=node0 (org.eclipse.jetty.server.session)
[2026-02-28 15:23:00,883] INFO No SessionScavenger set, using defaults (org.eclipse.jetty.server.session)
[2026-02-28 15:23:00,885] INFO node0 Scavenging every 660000ms (org.eclipse.jetty.server.session)
[2026-02-28 15:23:00,888] WARN ServletContext@o.e.j.s.ServletContextHandler@7d3e8655{/,null,STARTING} has uncovered http methods for path: /* (org.eclipse.jetty.security.SecurityHandler)
[2026-02-28 15:23:00,896] INFO Started o.e.j.s.ServletContextHandler@7d3e8655{/,null,AVAILABLE} (org.eclipse.jetty.server.handler.ContextHandler)
[2026-02-28 15:23:00,922] INFO Started ServerConnector@76494737{HTTP/1.1, (http/1.1)}{0.0.0.0:8080} (org.eclipse.jetty.server.AbstractConnector)
[2026-02-28 15:23:00,922] INFO Started @1366ms (org.eclipse.jetty.server.Server)
[2026-02-28 15:23:00,922] INFO Started AdminServer on address 0.0.0.0, port 8080 and command URL /commands (org.apache.zookeeper.server.admin.JettyAdminServer)
[2026-02-28 15:23:00,927] INFO Using org.apache.zookeeper.server.NIOServerCnxnFactory as server connection factory (org.apache.zookeeper.server.ServerCnxnFactory)
[2026-02-28 15:23:00,928] WARN maxCnxns is not configured, using default value 0. (org.apache.zookeeper.server.ServerCnxnFactory)
[2026-02-28 15:23:00,929] INFO Configuring NIO connection handler with 10s sessionless connection timeout, 2 selector thread(s), 24 worker threads, and 64 kB direct buffers. (org.apache.zookeeper.server.NIOServerCnxnFactory)
[2026-02-28 15:23:00,930] INFO binding to port 0.0.0.0/0.0.0.0:2181 (org.apache.zookeeper.server.NIOServerCnxnFactory)
[2026-02-28 15:23:00,942] INFO Using org.apache.zookeeper.server.watch.WatchManager as watch manager (org.apache.zookeeper.server.watch.WatchManagerFactory)
[2026-02-28 15:23:00,942] INFO Using org.apache.zookeeper.server.watch.WatchManager as watch manager (org.apache.zookeeper.server.watch.WatchManagerFactory)
[2026-02-28 15:23:00,943] INFO zookeeper.snapshotSizeFactor = 0.33 (org.apache.zookeeper.server.ZKDatabase)
[2026-02-28 15:23:00,944] INFO zookeeper.commitLogCount=500 (org.apache.zookeeper.server.ZKDatabase)
[2026-02-28 15:23:00,949] INFO zookeeper.snapshot.compression.method = CHECKED (org.apache.zookeeper.server.persistence.SnapStream)
[2026-02-28 15:23:00,950] INFO Reading snapshot /var/lib/zookeeper/data/version-2/snapshot.0 (org.apache.zookeeper.server.persistence.FileSnap)
[2026-02-28 15:23:00,953] INFO The digest value is empty in snapshot (org.apache.zookeeper.server.DataTree)
[2026-02-28 15:23:00,992] INFO ZooKeeper audit is disabled. (org.apache.zookeeper.audit.ZKAuditProvider)
[2026-02-28 15:23:00,994] INFO 162 txns loaded in 37 ms (org.apache.zookeeper.server.persistence.FileTxnSnapLog)
[2026-02-28 15:23:00,994] INFO Snapshot loaded in 51 ms, highest zxid is 0xa2, digest is 272052959773 (org.apache.zookeeper.server.ZKDatabase)
[2026-02-28 15:23:00,995] INFO Snapshotting: 0xa2 to /var/lib/zookeeper/data/version-2/snapshot.a2 (org.apache.zookeeper.server.persistence.FileTxnSnapLog)
[2026-02-28 15:23:01,000] INFO Snapshot taken in 5 ms (org.apache.zookeeper.server.ZooKeeperServer)
[2026-02-28 15:23:01,006] INFO zookeeper.request_throttler.shutdownTimeout = 10000 (org.apache.zookeeper.server.RequestThrottler)
[2026-02-28 15:23:01,006] INFO PrepRequestProcessor (sid:0) started, reconfigEnabled=false (org.apache.zookeeper.server.PrepRequestProcessor)
[2026-02-28 15:23:01,032] INFO Using checkIntervalMs=60000 maxPerMinute=10000 maxNeverUsedIntervalMs=0 (org.apache.zookeeper.server.ContainerManager)
[2026-02-28 15:23:01,109] INFO Creating new log file: log.a3 (org.apache.zookeeper.server.persistence.FileTxnLog)
[2026-02-28 15:23:19,932] INFO Expiring session 0x100000270c70003, timeout of 18000ms exceeded (org.apache.zookeeper.server.ZooKeeperServer)
===> User
uid=1000(appuser) gid=1000(appuser) groups=1000(appuser)
===> Configuring ...
===> Running preflight checks ... 
===> Check if /var/lib/zookeeper/data is writable ...
===> Check if /var/lib/zookeeper/log is writable ...
===> Launching ... 
===> Launching zookeeper ... 
[2026-03-01 07:29:53,696] INFO Reading configuration from: /etc/kafka/zookeeper.properties (org.apache.zookeeper.server.quorum.QuorumPeerConfig)
[2026-03-01 07:29:53,728] INFO clientPortAddress is 0.0.0.0:2181 (org.apache.zookeeper.server.quorum.QuorumPeerConfig)
[2026-03-01 07:29:53,728] INFO secureClientPort is not set (org.apache.zookeeper.server.quorum.QuorumPeerConfig)
[2026-03-01 07:29:53,728] INFO observerMasterPort is not set (org.apache.zookeeper.server.quorum.QuorumPeerConfig)
[2026-03-01 07:29:53,728] INFO metricsProvider.className is org.apache.zookeeper.metrics.impl.DefaultMetricsProvider (org.apache.zookeeper.server.quorum.QuorumPeerConfig)
[2026-03-01 07:29:53,738] INFO autopurge.snapRetainCount set to 3 (org.apache.zookeeper.server.DatadirCleanupManager)
[2026-03-01 07:29:53,738] INFO autopurge.purgeInterval set to 0 (org.apache.zookeeper.server.DatadirCleanupManager)
[2026-03-01 07:29:53,739] INFO Purge task is not scheduled. (org.apache.zookeeper.server.DatadirCleanupManager)
[2026-03-01 07:29:53,739] WARN Either no config or no quorum defined in config, running in standalone mode (org.apache.zookeeper.server.quorum.QuorumPeerMain)
[2026-03-01 07:29:53,750] INFO Log4j 1.2 jmx support found and enabled. (org.apache.zookeeper.jmx.ManagedUtil)
[2026-03-01 07:29:53,767] INFO Reading configuration from: /etc/kafka/zookeeper.properties (org.apache.zookeeper.server.quorum.QuorumPeerConfig)
[2026-03-01 07:29:53,768] INFO clientPortAddress is 0.0.0.0:2181 (org.apache.zookeeper.server.quorum.QuorumPeerConfig)
[2026-03-01 07:29:53,768] INFO secureClientPort is not set (org.apache.zookeeper.server.quorum.QuorumPeerConfig)
[2026-03-01 07:29:53,768] INFO observerMasterPort is not set (org.apache.zookeeper.server.quorum.QuorumPeerConfig)
[2026-03-01 07:29:53,768] INFO metricsProvider.className is org.apache.zookeeper.metrics.impl.DefaultMetricsProvider (org.apache.zookeeper.server.quorum.QuorumPeerConfig)
[2026-03-01 07:29:53,769] INFO Starting server (org.apache.zookeeper.server.ZooKeeperServerMain)
[2026-03-01 07:29:53,799] INFO ServerMetrics initialized with provider org.apache.zookeeper.metrics.impl.DefaultMetricsProvider@52102734 (org.apache.zookeeper.server.ServerMetrics)
[2026-03-01 07:29:53,805] INFO zookeeper.snapshot.trust.empty : false (org.apache.zookeeper.server.persistence.FileTxnSnapLog)
[2026-03-01 07:29:53,845] INFO  (org.apache.zookeeper.server.ZooKeeperServer)
[2026-03-01 07:29:53,845] INFO   ______                  _                                           (org.apache.zookeeper.server.ZooKeeperServer)
[2026-03-01 07:29:53,845] INFO  |___  /                 | |                                          (org.apache.zookeeper.server.ZooKeeperServer)
[2026-03-01 07:29:53,845] INFO     / /    ___     ___   | | __   ___    ___   _ __     ___   _ __    (org.apache.zookeeper.server.ZooKeeperServer)
[2026-03-01 07:29:53,845] INFO    / /    / _ \   / _ \  | |/ /  / _ \  / _ \ | '_ \   / _ \ | '__| (org.apache.zookeeper.server.ZooKeeperServer)
[2026-03-01 07:29:53,845] INFO   / /__  | (_) | | (_) | |   <  |  __/ |  __/ | |_) | |  __/ | |     (org.apache.zookeeper.server.ZooKeeperServer)
[2026-03-01 07:29:53,845] INFO  /_____|  \___/   \___/  |_|\_\  \___|  \___| | .__/   \___| |_| (org.apache.zookeeper.server.ZooKeeperServer)
[2026-03-01 07:29:53,845] INFO                                               | |                      (org.apache.zookeeper.server.ZooKeeperServer)
[2026-03-01 07:29:53,845] INFO                                               |_|                      (org.apache.zookeeper.server.ZooKeeperServer)
[2026-03-01 07:29:53,845] INFO  (org.apache.zookeeper.server.ZooKeeperServer)
[2026-03-01 07:29:53,848] INFO Server environment:zookeeper.version=3.6.3--6401e4ad2087061bc6b9f80dec2d69f2e3c8660a, built on 04/08/2021 16:35 GMT (org.apache.zookeeper.server.ZooKeeperServer)
[2026-03-01 07:29:53,848] INFO Server environment:host.name=912d46b64b24 (org.apache.zookeeper.server.ZooKeeperServer)
[2026-03-01 07:29:53,848] INFO Server environment:java.version=11.0.13 (org.apache.zookeeper.server.ZooKeeperServer)
[2026-03-01 07:29:53,848] INFO Server environment:java.vendor=Azul Systems, Inc. (org.apache.zookeeper.server.ZooKeeperServer)
[2026-03-01 07:29:53,848] INFO Server environment:java.home=/usr/lib/jvm/zulu11-ca (org.apache.zookeeper.server.ZooKeeperServer)
[2026-03-01 07:29:53,848] INFO Server environment:java.class.path=/usr/bin/../share/java/kafka/lz4-java-1.7.1.jar:/usr/bin/../share/java/kafka/jakarta.activation-api-1.2.1.jar:/usr/bin/../share/java/kafka/jackson-datatype-jdk8-2.12.3.jar:/usr/bin/../share/java/kafka/kafka-log4j-appender-7.0.1-ccs.jar:/usr/bin/../share/java/kafka/connect-json-7.0.1-ccs.jar:/usr/bin/../share/java/kafka/hk2-api-2.6.1.jar:/usr/bin/../share/java/kafka/scala-java8-compat_2.13-1.0.0.jar:/usr/bin/../share/java/kafka/zstd-jni-1.5.0-2.jar:/usr/bin/../share/java/kafka/kafka.jar:/usr/bin/../share/java/kafka/metrics-core-2.2.0.jar:/usr/bin/../share/java/kafka/kafka-streams-examples-7.0.1-ccs.jar:/usr/bin/../share/java/kafka/maven-artifact-3.8.1.jar:/usr/bin/../share/java/kafka/javassist-3.27.0-GA.jar:/usr/bin/../share/java/kafka/netty-buffer-4.1.68.Final.jar:/usr/bin/../share/java/kafka/jetty-server-9.4.43.v20210629.jar:/usr/bin/../share/java/kafka/activation-1.1.1.jar:/usr/bin/../share/java/kafka/kafka-metadata-7.0.1-ccs.jar:/usr/bin/../share/java/kafka/jaxb-api-2.3.0.jar:/usr/bin/../share/java/kafka/reflections-0.9.12.jar:/usr/bin/../share/java/kafka/jackson-jaxrs-json-provider-2.12.3.jar:/usr/bin/../share/java/kafka/hk2-utils-2.6.1.jar:/usr/bin/../share/java/kafka/osgi-resource-locator-1.0.3.jar:/usr/bin/../share/java/kafka/kafka-raft-7.0.1-ccs.jar:/usr/bin/../share/java/kafka/jersey-hk2-2.34.jar:/usr/bin/../share/java/kafka/scala-reflect-2.13.6.jar:/usr/bin/../share/java/kafka/jakarta.annotation-api-1.3.5.jar:/usr/bin/../share/java/kafka/jersey-server-2.34.jar:/usr/bin/../share/java/kafka/netty-handler-4.1.68.Final.jar:/usr/bin/../share/java/kafka/jakarta.validation-api-2.0.2.jar:/usr/bin/../share/java/kafka/jackson-databind-2.12.3.jar:/usr/bin/../share/java/kafka/jetty-continuation-9.4.43.v20210629.jar:/usr/bin/../share/java/kafka/kafka_2.13-7.0.1-ccs.jar:/usr/bin/../share/java/kafka/javax.ws.rs-api-2.1.1.jar:/usr/bin/../share/java/kafka/jakarta.xml.bind-api-2.3.2.jar:/usr/bin/../share/java/kafka/jetty-util-9.4.43.v20210629.jar:/usr/bin/../share/java/kafka/netty-common-4.1.68.Final.jar:/usr/bin/../share/java/kafka/jersey-container-servlet-core-2.34.jar:/usr/bin/../share/java/kafka/kafka-server-common-7.0.1-ccs.jar:/usr/bin/../share/java/kafka/metrics-core-4.1.12.1.jar:/usr/bin/../share/java/kafka/scala-library-2.13.6.jar:/usr/bin/../share/java/kafka/connect-transforms-7.0.1-ccs.jar:/usr/bin/../share/java/kafka/jersey-client-2.34.jar:/usr/bin/../share/java/kafka/kafka-shell-7.0.1-ccs.jar:/usr/bin/../share/java/kafka/jetty-util-ajax-9.4.43.v20210629.jar:/usr/bin/../share/java/kafka/connect-api-7.0.1-ccs.jar:/usr/bin/../share/java/kafka/jackson-dataformat-csv-2.12.3.jar:/usr/bin/../share/java/kafka/jetty-io-9.4.43.v20210629.jar:/usr/bin/../share/java/kafka/commons-cli-1.4.jar:/usr/bin/../share/java/kafka/jetty-security-9.4.43.v20210629.jar:/usr/bin/../share/java/kafka/kafka-clients-7.0.1-ccs.jar:/usr/bin/../share/java/kafka/confluent-log4j-1.2.17-cp2.jar:/usr/bin/../share/java/kafka/jline-3.12.1.jar:/usr/bin/../share/java/kafka/scala-logging_2.13-3.9.3.jar:/usr/bin/../share/java/kafka/trogdor-7.0.1-ccs.jar:/usr/bin/../share/java/kafka/javax.servlet-api-3.1.0.jar:/usr/bin/../share/java/kafka/jackson-module-jaxb-annotations-2.12.3.jar:/usr/bin/../share/java/kafka/jackson-jaxrs-base-2.12.3.jar:/usr/bin/../share/java/kafka/connect-basic-auth-extension-7.0.1-ccs.jar:/usr/bin/../share/java/kafka/netty-resolver-4.1.68.Final.jar:/usr/bin/../share/java/kafka/jersey-container-servlet-2.34.jar:/usr/bin/../share/java/kafka/netty-codec-4.1.68.Final.jar:/usr/bin/../share/java/kafka/aopalliance-repackaged-2.6.1.jar:/usr/bin/../share/java/kafka/kafka-streams-test-utils-7.0.1-ccs.jar:/usr/bin/../share/java/kafka/paranamer-2.8.jar:/usr/bin/../share/java/kafka/jersey-common-2.34.jar:/usr/bin/../share/java/kafka/jetty-client-9.4.43.v20210629.jar:/usr/bin/../share/java/kafka/kafka-storage-api-7.0.1-ccs.jar:/usr/bin/../share/java/kafka/jackson-module-scala_2.13-2.12.3.jar:/usr/bin/../share/java/kafka/scala-collection-compat_2.13-2.4.4.jar:/usr/bin/../share/java/kafka/snappy-java-1.1.8.1.jar:/usr/bin/../share/java/kafka/netty-transport-native-epoll-4.1.68.Final.jar:/usr/bin/../share/java/kafka/rocksdbjni-6.19.3.jar:/usr/bin/../share/java/kafka/kafka-streams-7.0.1-ccs.jar:/usr/bin/../share/java/kafka/plexus-utils-3.2.1.jar:/usr/bin/../share/java/kafka/netty-transport-native-unix-common-4.1.68.Final.jar:/usr/bin/../share/java/kafka/jackson-annotations-2.12.3.jar:/usr/bin/../share/java/kafka/hk2-locator-2.6.1.jar:/usr/bin/../share/java/kafka/kafka-tools-7.0.1-ccs.jar:/usr/bin/../share/java/kafka/jetty-servlets-9.4.43.v20210629.jar:/usr/bin/../share/java/kafka/kafka-streams-scala_2.13-7.0.1-ccs.jar:/usr/bin/../share/java/kafka/slf4j-log4j12-1.7.30.jar:/usr/bin/../share/java/kafka/commons-lang3-3.8.1.jar:/usr/bin/../share/java/kafka/jopt-simple-5.0.4.jar:/usr/bin/../share/java/kafka/jakarta.inject-2.6.1.jar:/usr/bin/../share/java/kafka/jetty-http-9.4.43.v20210629.jar:/usr/bin/../share/java/kafka/slf4j-api-1.7.30.jar:/usr/bin/../share/java/kafka/zookeeper-jute-3.6.3.jar:/usr/bin/../share/java/kafka/jackson-core-2.12.3.jar:/usr/bin/../share/java/kafka/audience-annotations-0.5.0.jar:/usr/bin/../share/java/kafka/netty-transport-4.1.68.Final.jar:/usr/bin/../share/java/kafka/kafka-storage-7.0.1-ccs.jar:/usr/bin/../share/java/kafka/jakarta.ws.rs-api-2.1.6.jar:/usr/bin/../share/java/kafka/connect-runtime-7.0.1-ccs.jar:/usr/bin/../share/java/kafka/jetty-servlet-9.4.43.v20210629.jar:/usr/bin/../share/java/kafka/connect-mirror-client-7.0.1-ccs.jar:/usr/bin/../share/java/kafka/argparse4j-0.7.0.jar:/usr/bin/../share/java/kafka/zookeeper-3.6.3.jar:/usr/bin/../share/java/kafka/connect-mirror-7.0.1-ccs.jar:/usr/bin/../share/java/confluent-telemetry/* (org.apache.zookeeper.server.ZooKeeperServer)
[2026-03-01 07:29:53,848] INFO Server environment:java.library.path=/usr/java/packages/lib:/usr/lib64:/lib64:/lib:/usr/lib (org.apache.zookeeper.server.ZooKeeperServer)
[2026-03-01 07:29:53,848] INFO Server environment:java.io.tmpdir=/tmp (org.apache.zookeeper.server.ZooKeeperServer)
[2026-03-01 07:29:53,848] INFO Server environment:java.compiler=<NA> (org.apache.zookeeper.server.ZooKeeperServer)
[2026-03-01 07:29:53,848] INFO Server environment:os.name=Linux (org.apache.zookeeper.server.ZooKeeperServer)
[2026-03-01 07:29:53,848] INFO Server environment:os.arch=amd64 (org.apache.zookeeper.server.ZooKeeperServer)
[2026-03-01 07:29:53,848] INFO Server environment:os.version=6.10.14-linuxkit (org.apache.zookeeper.server.ZooKeeperServer)
[2026-03-01 07:29:53,848] INFO Server environment:user.name=appuser (org.apache.zookeeper.server.ZooKeeperServer)
[2026-03-01 07:29:53,848] INFO Server environment:user.home=/home/appuser (org.apache.zookeeper.server.ZooKeeperServer)
[2026-03-01 07:29:53,848] INFO Server environment:user.dir=/home/appuser (org.apache.zookeeper.server.ZooKeeperServer)
[2026-03-01 07:29:53,848] INFO Server environment:os.memory.free=492MB (org.apache.zookeeper.server.ZooKeeperServer)
[2026-03-01 07:29:53,848] INFO Server environment:os.memory.max=512MB (org.apache.zookeeper.server.ZooKeeperServer)
[2026-03-01 07:29:53,848] INFO Server environment:os.memory.total=512MB (org.apache.zookeeper.server.ZooKeeperServer)
[2026-03-01 07:29:53,848] INFO zookeeper.enableEagerACLCheck = false (org.apache.zookeeper.server.ZooKeeperServer)
[2026-03-01 07:29:53,848] INFO zookeeper.digest.enabled = true (org.apache.zookeeper.server.ZooKeeperServer)
[2026-03-01 07:29:53,848] INFO zookeeper.closeSessionTxn.enabled = true (org.apache.zookeeper.server.ZooKeeperServer)
[2026-03-01 07:29:53,848] INFO zookeeper.flushDelay=0 (org.apache.zookeeper.server.ZooKeeperServer)
[2026-03-01 07:29:53,848] INFO zookeeper.maxWriteQueuePollTime=0 (org.apache.zookeeper.server.ZooKeeperServer)
[2026-03-01 07:29:53,848] INFO zookeeper.maxBatchSize=1000 (org.apache.zookeeper.server.ZooKeeperServer)
[2026-03-01 07:29:53,849] INFO zookeeper.intBufferStartingSizeBytes = 1024 (org.apache.zookeeper.server.ZooKeeperServer)
[2026-03-01 07:29:53,850] INFO Weighed connection throttling is disabled (org.apache.zookeeper.server.BlueThrottle)
[2026-03-01 07:29:53,853] INFO minSessionTimeout set to 4000 (org.apache.zookeeper.server.ZooKeeperServer)
[2026-03-01 07:29:53,853] INFO maxSessionTimeout set to 40000 (org.apache.zookeeper.server.ZooKeeperServer)
[2026-03-01 07:29:53,855] INFO Response cache size is initialized with value 400. (org.apache.zookeeper.server.ResponseCache)
[2026-03-01 07:29:53,855] INFO Response cache size is initialized with value 400. (org.apache.zookeeper.server.ResponseCache)
[2026-03-01 07:29:53,857] INFO zookeeper.pathStats.slotCapacity = 60 (org.apache.zookeeper.server.util.RequestPathMetricsCollector)
[2026-03-01 07:29:53,857] INFO zookeeper.pathStats.slotDuration = 15 (org.apache.zookeeper.server.util.RequestPathMetricsCollector)
[2026-03-01 07:29:53,857] INFO zookeeper.pathStats.maxDepth = 6 (org.apache.zookeeper.server.util.RequestPathMetricsCollector)
[2026-03-01 07:29:53,857] INFO zookeeper.pathStats.initialDelay = 5 (org.apache.zookeeper.server.util.RequestPathMetricsCollector)
[2026-03-01 07:29:53,857] INFO zookeeper.pathStats.delay = 5 (org.apache.zookeeper.server.util.RequestPathMetricsCollector)
[2026-03-01 07:29:53,857] INFO zookeeper.pathStats.enabled = false (org.apache.zookeeper.server.util.RequestPathMetricsCollector)
[2026-03-01 07:29:53,861] INFO The max bytes for all large requests are set to 104857600 (org.apache.zookeeper.server.ZooKeeperServer)
[2026-03-01 07:29:53,863] INFO The large request threshold is set to -1 (org.apache.zookeeper.server.ZooKeeperServer)
[2026-03-01 07:29:53,863] INFO Created server with tickTime 2000 minSessionTimeout 4000 maxSessionTimeout 40000 clientPortListenBacklog -1 datadir /var/lib/zookeeper/log/version-2 snapdir /var/lib/zookeeper/data/version-2 (org.apache.zookeeper.server.ZooKeeperServer)
[2026-03-01 07:29:53,900] INFO Logging initialized @1525ms to org.eclipse.jetty.util.log.Slf4jLog (org.eclipse.jetty.util.log)
[2026-03-01 07:29:54,161] WARN o.e.j.s.ServletContextHandler@7d3e8655{/,null,STOPPED} contextPath ends with /* (org.eclipse.jetty.server.handler.ContextHandler)
[2026-03-01 07:29:54,162] WARN Empty contextPath (org.eclipse.jetty.server.handler.ContextHandler)
[2026-03-01 07:29:54,215] INFO jetty-9.4.43.v20210629; built: 2021-06-30T11:07:22.254Z; git: 526006ecfa3af7f1a27ef3a288e2bef7ea9dd7e8; jvm 11.0.13+8-LTS (org.eclipse.jetty.server.Server)
[2026-03-01 07:29:54,271] INFO DefaultSessionIdManager workerName=node0 (org.eclipse.jetty.server.session)
[2026-03-01 07:29:54,271] INFO No SessionScavenger set, using defaults (org.eclipse.jetty.server.session)
[2026-03-01 07:29:54,274] INFO node0 Scavenging every 600000ms (org.eclipse.jetty.server.session)
[2026-03-01 07:29:54,278] WARN ServletContext@o.e.j.s.ServletContextHandler@7d3e8655{/,null,STARTING} has uncovered http methods for path: /* (org.eclipse.jetty.security.SecurityHandler)
[2026-03-01 07:29:54,288] INFO Started o.e.j.s.ServletContextHandler@7d3e8655{/,null,AVAILABLE} (org.eclipse.jetty.server.handler.ContextHandler)
[2026-03-01 07:29:54,316] INFO Started ServerConnector@76494737{HTTP/1.1, (http/1.1)}{0.0.0.0:8080} (org.eclipse.jetty.server.AbstractConnector)
[2026-03-01 07:29:54,317] INFO Started @1941ms (org.eclipse.jetty.server.Server)
[2026-03-01 07:29:54,317] INFO Started AdminServer on address 0.0.0.0, port 8080 and command URL /commands (org.apache.zookeeper.server.admin.JettyAdminServer)
[2026-03-01 07:29:54,323] INFO Using org.apache.zookeeper.server.NIOServerCnxnFactory as server connection factory (org.apache.zookeeper.server.ServerCnxnFactory)
[2026-03-01 07:29:54,324] WARN maxCnxns is not configured, using default value 0. (org.apache.zookeeper.server.ServerCnxnFactory)
[2026-03-01 07:29:54,325] INFO Configuring NIO connection handler with 10s sessionless connection timeout, 2 selector thread(s), 24 worker threads, and 64 kB direct buffers. (org.apache.zookeeper.server.NIOServerCnxnFactory)
[2026-03-01 07:29:54,326] INFO binding to port 0.0.0.0/0.0.0.0:2181 (org.apache.zookeeper.server.NIOServerCnxnFactory)
[2026-03-01 07:29:54,342] INFO Using org.apache.zookeeper.server.watch.WatchManager as watch manager (org.apache.zookeeper.server.watch.WatchManagerFactory)
[2026-03-01 07:29:54,342] INFO Using org.apache.zookeeper.server.watch.WatchManager as watch manager (org.apache.zookeeper.server.watch.WatchManagerFactory)
[2026-03-01 07:29:54,344] INFO zookeeper.snapshotSizeFactor = 0.33 (org.apache.zookeeper.server.ZKDatabase)
[2026-03-01 07:29:54,344] INFO zookeeper.commitLogCount=500 (org.apache.zookeeper.server.ZKDatabase)
[2026-03-01 07:29:54,355] INFO zookeeper.snapshot.compression.method = CHECKED (org.apache.zookeeper.server.persistence.SnapStream)
[2026-03-01 07:29:54,356] INFO Reading snapshot /var/lib/zookeeper/data/version-2/snapshot.a2 (org.apache.zookeeper.server.persistence.FileSnap)
[2026-03-01 07:29:54,367] INFO The digest in the snapshot has digest version of 2, , with zxid as 0xa2, and digest value as 272052959773 (org.apache.zookeeper.server.DataTree)
[2026-03-01 07:29:54,387] INFO ZooKeeper audit is disabled. (org.apache.zookeeper.audit.ZKAuditProvider)
[2026-03-01 07:29:54,390] INFO 59 txns loaded in 13 ms (org.apache.zookeeper.server.persistence.FileTxnSnapLog)
[2026-03-01 07:29:54,391] INFO Snapshot loaded in 47 ms, highest zxid is 0xdd, digest is 270880585666 (org.apache.zookeeper.server.ZKDatabase)
[2026-03-01 07:29:54,391] INFO Snapshotting: 0xdd to /var/lib/zookeeper/data/version-2/snapshot.dd (org.apache.zookeeper.server.persistence.FileTxnSnapLog)
[2026-03-01 07:29:54,396] INFO Snapshot taken in 5 ms (org.apache.zookeeper.server.ZooKeeperServer)
[2026-03-01 07:29:54,403] INFO PrepRequestProcessor (sid:0) started, reconfigEnabled=false (org.apache.zookeeper.server.PrepRequestProcessor)
[2026-03-01 07:29:54,404] INFO zookeeper.request_throttler.shutdownTimeout = 10000 (org.apache.zookeeper.server.RequestThrottler)
[2026-03-01 07:29:54,437] INFO Using checkIntervalMs=60000 maxPerMinute=10000 maxNeverUsedIntervalMs=0 (org.apache.zookeeper.server.ContainerManager)
[2026-03-01 07:29:55,182] INFO Creating new log file: log.de (org.apache.zookeeper.server.persistence.FileTxnLog)
[2026-03-01 07:30:13,255] INFO Expiring session 0x100000069c30005, timeout of 18000ms exceeded (org.apache.zookeeper.server.ZooKeeperServer)
