The files belonging to this database system will be owned by user "postgres".
This user must also own the server process.

The database cluster will be initialized with locale "en_US.utf8".
The default database encoding has accordingly been set to "UTF8".
The default text search configuration will be set to "english".

Data page checksums are disabled.

fixing permissions on existing directory /var/lib/postgresql/data ... ok
creating subdirectories ... ok
selecting dynamic shared memory implementation ... posix
selecting default max_connections ... 100
selecting default shared_buffers ... 128MB
selecting default time zone ... Etc/UTC
creating configuration files ... ok
running bootstrap script ... ok
performing post-bootstrap initialization ... ok
syncing data to disk ... ok

initdb: warning: enabling "trust" authentication for local connections
You can change this by editing pg_hba.conf or using the option -A, or
--auth-local and --auth-host, the next time you run initdb.

Success. You can now start the database server using:

    pg_ctl -D /var/lib/postgresql/data -l logfile start

waiting for server to start....2026-03-01 16:13:05.838 UTC [47] LOG:  starting PostgreSQL 14.21 (Debian 14.21-1.pgdg13+1) on aarch64-unknown-linux-gnu, compiled by gcc (Debian 14.2.0-19) 14.2.0, 64-bit
2026-03-01 16:13:05.843 UTC [47] LOG:  listening on Unix socket "/var/run/postgresql/.s.PGSQL.5432"
2026-03-01 16:13:05.853 UTC [48] LOG:  database system was shut down at 2026-03-01 16:13:05 UTC
2026-03-01 16:13:05.862 UTC [47] LOG:  database system is ready to accept connections
 done
server started
CREATE DATABASE


/usr/local/bin/docker-entrypoint.sh: ignoring /docker-entrypoint-initdb.d/*

2026-03-01 16:13:06.194 UTC [47] LOG:  received fast shutdown request
waiting for server to shut down....2026-03-01 16:13:06.196 UTC [47] LOG:  aborting any active transactions
2026-03-01 16:13:06.198 UTC [47] LOG:  background worker "logical replication launcher" (PID 54) exited with exit code 1
2026-03-01 16:13:06.198 UTC [49] LOG:  shutting down
2026-03-01 16:13:06.211 UTC [47] LOG:  database system is shut down
 done
server stopped

PostgreSQL init process complete; ready for start up.

2026-03-01 16:13:06.325 UTC [1] LOG:  starting PostgreSQL 14.21 (Debian 14.21-1.pgdg13+1) on aarch64-unknown-linux-gnu, compiled by gcc (Debian 14.2.0-19) 14.2.0, 64-bit
2026-03-01 16:13:06.326 UTC [1] LOG:  listening on IPv4 address "0.0.0.0", port 5432
2026-03-01 16:13:06.326 UTC [1] LOG:  listening on IPv6 address "::", port 5432
2026-03-01 16:13:06.329 UTC [1] LOG:  listening on Unix socket "/var/run/postgresql/.s.PGSQL.5432"
2026-03-01 16:13:06.333 UTC [62] LOG:  database system was shut down at 2026-03-01 16:13:06 UTC
2026-03-01 16:13:06.337 UTC [1] LOG:  database system is ready to accept connections
2026-03-01 16:13:28.708 UTC [78] ERROR:  relation "products" does not exist
2026-03-01 16:13:28.708 UTC [78] STATEMENT:  ALTER TABLE products
	        ADD COLUMN IF NOT EXISTS reserved_stock INTEGER NOT NULL DEFAULT 0,
	        ADD COLUMN IF NOT EXISTS price DOUBLE PRECISION NOT NULL DEFAULT 0,
	        ADD COLUMN IF NOT EXISTS created_at TIMESTAMP WITH TIME ZONE NOT NULL DEFAULT now(),
	        ADD COLUMN IF NOT EXISTS updated_at TIMESTAMP WITH TIME ZONE NOT NULL DEFAULT now();
